[ 2017-02-23T00:00:23+08:00 ] ::1 /xiaoxing/index.php/Index/saveuserinf?username=test&password1=12
INFO: [ app_init ] --START--
INFO: Run Behavior\BuildLiteBehavior [ RunTime:0.000037s ]
INFO: [ app_init ] --END-- [ RunTime:0.001386s ]
INFO: [ app_begin ] --START--
INFO: Run Behavior\ReadHtmlCacheBehavior [ RunTime:0.001430s ]
INFO: [ app_begin ] --END-- [ RunTime:0.001586s ]
INFO: [ app_end ] --START--
INFO: Run Behavior\ShowPageTraceBehavior [ RunTime:0.001727s ]
INFO: [ app_end ] --END-- [ RunTime:0.001896s ]

[ 2017-02-23T00:02:14+08:00 ] ::1 /xiaoxing/index.php/Index/saveuserinf?username=test&password1=12
INFO: [ app_init ] --START--
INFO: Run Behavior\BuildLiteBehavior [ RunTime:0.000031s ]
INFO: [ app_init ] --END-- [ RunTime:0.000873s ]
INFO: [ app_begin ] --START--
INFO: Run Behavior\ReadHtmlCacheBehavior [ RunTime:0.001252s ]
INFO: [ app_begin ] --END-- [ RunTime:0.001367s ]
INFO: [ app_end ] --START--
INFO: Run Behavior\ShowPageTraceBehavior [ RunTime:0.002311s ]
INFO: [ app_end ] --END-- [ RunTime:0.002557s ]

[ 2017-02-23T00:03:05+08:00 ] ::1 /xiaoxing/index.php/Index/saveuserinf?username=test&password1=12
INFO: [ app_init ] --START--
INFO: Run Behavior\BuildLiteBehavior [ RunTime:0.000057s ]
INFO: [ app_init ] --END-- [ RunTime:0.001098s ]
INFO: [ app_begin ] --START--
INFO: Run Behavior\ReadHtmlCacheBehavior [ RunTime:0.001395s ]
INFO: [ app_begin ] --END-- [ RunTime:0.001601s ]
SQL: SHOW COLUMNS FROM `user` [ RunTime:0.0012s ]
ERR: 1062:Duplicate entry 'test' for key 'username'
 [ SQL语句 ] : INSERT INTO `user` (`username`,`password`) VALUES ('test','12')
ERR: 1062:Duplicate entry 'test' for key 'username'
 [ SQL语句 ] : INSERT INTO `user` (`username`,`password`) VALUES ('test','12')

[ 2017-02-23T00:03:18+08:00 ] ::1 /xiaoxing/index.php/Index/saveuserinf?username=test123&password1=12
INFO: [ app_init ] --START--
INFO: Run Behavior\BuildLiteBehavior [ RunTime:0.000035s ]
INFO: [ app_init ] --END-- [ RunTime:0.000960s ]
INFO: [ app_begin ] --START--
INFO: Run Behavior\ReadHtmlCacheBehavior [ RunTime:0.000798s ]
INFO: [ app_begin ] --END-- [ RunTime:0.000889s ]
SQL: SHOW COLUMNS FROM `user` [ RunTime:0.0025s ]
SQL: INSERT INTO `user` (`username`,`password`) VALUES ('test123','12') [ RunTime:0.0009s ]
INFO: [ app_end ] --START--
INFO: Run Behavior\ShowPageTraceBehavior [ RunTime:0.001304s ]
INFO: [ app_end ] --END-- [ RunTime:0.001432s ]

[ 2017-02-23T00:03:59+08:00 ] ::1 /xiaoxing/index.php/Index/saveuserinf?username=test123&password1=12
INFO: [ app_init ] --START--
INFO: Run Behavior\BuildLiteBehavior [ RunTime:0.000055s ]
INFO: [ app_init ] --END-- [ RunTime:0.001417s ]
INFO: [ app_begin ] --START--
INFO: Run Behavior\ReadHtmlCacheBehavior [ RunTime:0.001067s ]
INFO: [ app_begin ] --END-- [ RunTime:0.001196s ]
SQL: SHOW COLUMNS FROM `user` [ RunTime:0.0015s ]
ERR: 1062:Duplicate entry 'test123' for key 'username'
 [ SQL语句 ] : INSERT INTO `user` (`username`,`password`) VALUES ('test123','12')
ERR: 1062:Duplicate entry 'test123' for key 'username'
 [ SQL语句 ] : INSERT INTO `user` (`username`,`password`) VALUES ('test123','12')

[ 2017-02-23T00:04:03+08:00 ] ::1 /xiaoxing/index.php/Index/saveuserinf?username=test123&password1=12
INFO: [ app_init ] --START--
INFO: Run Behavior\BuildLiteBehavior [ RunTime:0.000023s ]
INFO: [ app_init ] --END-- [ RunTime:0.000553s ]
INFO: [ app_begin ] --START--
INFO: Run Behavior\ReadHtmlCacheBehavior [ RunTime:0.000974s ]
INFO: [ app_begin ] --END-- [ RunTime:0.001096s ]
SQL: SHOW COLUMNS FROM `user` [ RunTime:0.0011s ]
ERR: 1062:Duplicate entry 'test123' for key 'username'
 [ SQL语句 ] : INSERT INTO `user` (`username`,`password`) VALUES ('test123','12')
ERR: 1062:Duplicate entry 'test123' for key 'username'
 [ SQL语句 ] : INSERT INTO `user` (`username`,`password`) VALUES ('test123','12')

[ 2017-02-23T00:04:10+08:00 ] ::1 /xiaoxing/index.php/Index/saveuserinf?username=test12&password1=12
INFO: [ app_init ] --START--
INFO: Run Behavior\BuildLiteBehavior [ RunTime:0.000036s ]
INFO: [ app_init ] --END-- [ RunTime:0.001072s ]
INFO: [ app_begin ] --START--
INFO: Run Behavior\ReadHtmlCacheBehavior [ RunTime:0.002488s ]
INFO: [ app_begin ] --END-- [ RunTime:0.002752s ]
SQL: SHOW COLUMNS FROM `user` [ RunTime:0.0016s ]
SQL: INSERT INTO `user` (`username`,`password`) VALUES ('test12','12') [ RunTime:0.0015s ]
INFO: [ app_end ] --START--
INFO: Run Behavior\ShowPageTraceBehavior [ RunTime:0.001530s ]
INFO: [ app_end ] --END-- [ RunTime:0.001661s ]

[ 2017-02-23T00:05:56+08:00 ] ::1 /xiaoxing/index.php/Index/saveuserinf?username=test12&password1=12
INFO: [ app_init ] --START--
INFO: Run Behavior\BuildLiteBehavior [ RunTime:0.000041s ]
INFO: [ app_init ] --END-- [ RunTime:0.000901s ]
INFO: [ app_begin ] --START--
INFO: Run Behavior\ReadHtmlCacheBehavior [ RunTime:0.001946s ]
INFO: [ app_begin ] --END-- [ RunTime:0.002162s ]
SQL: SHOW COLUMNS FROM `user` [ RunTime:0.0015s ]
ERR: 1062:Duplicate entry 'test12' for key 'username'
 [ SQL语句 ] : INSERT INTO `user` (`username`,`password`) VALUES ('test12','12')
ERR: 1062:Duplicate entry 'test12' for key 'username'
 [ SQL语句 ] : INSERT INTO `user` (`username`,`password`) VALUES ('test12','12')

[ 2017-02-23T00:06:02+08:00 ] ::1 /xiaoxing/index.php/Index/regist.html
INFO: [ app_init ] --START--
INFO: Run Behavior\BuildLiteBehavior [ RunTime:0.000024s ]
INFO: [ app_init ] --END-- [ RunTime:0.000556s ]
INFO: [ app_begin ] --START--
INFO: Run Behavior\ReadHtmlCacheBehavior [ RunTime:0.000692s ]
INFO: [ app_begin ] --END-- [ RunTime:0.000774s ]
INFO: [ view_parse ] --START--
INFO: [ template_filter ] --START--
INFO: Run Behavior\ContentReplaceBehavior [ RunTime:0.000090s ]
INFO: [ template_filter ] --END-- [ RunTime:0.000200s ]
INFO: Run Behavior\ParseTemplateBehavior [ RunTime:0.011860s ]
INFO: [ view_parse ] --END-- [ RunTime:0.011992s ]
INFO: [ view_filter ] --START--
INFO: Run Behavior\WriteHtmlCacheBehavior [ RunTime:0.000653s ]
INFO: [ view_filter ] --END-- [ RunTime:0.000729s ]
INFO: [ app_end ] --START--
INFO: Run Behavior\ShowPageTraceBehavior [ RunTime:0.000943s ]
INFO: [ app_end ] --END-- [ RunTime:0.001024s ]

[ 2017-02-23T00:06:34+08:00 ] ::1 /xiaoxing/index.php/Index/regist.html
INFO: [ app_init ] --START--
INFO: Run Behavior\BuildLiteBehavior [ RunTime:0.000036s ]
INFO: [ app_init ] --END-- [ RunTime:0.001054s ]
INFO: [ app_begin ] --START--
INFO: Run Behavior\ReadHtmlCacheBehavior [ RunTime:0.000955s ]
INFO: [ app_begin ] --END-- [ RunTime:0.001079s ]
INFO: [ view_parse ] --START--
INFO: [ template_filter ] --START--
INFO: Run Behavior\ContentReplaceBehavior [ RunTime:0.000119s ]
INFO: [ template_filter ] --END-- [ RunTime:0.000245s ]
INFO: Run Behavior\ParseTemplateBehavior [ RunTime:0.012129s ]
INFO: [ view_parse ] --END-- [ RunTime:0.012270s ]
INFO: [ view_filter ] --START--
INFO: Run Behavior\WriteHtmlCacheBehavior [ RunTime:0.000485s ]
INFO: [ view_filter ] --END-- [ RunTime:0.000575s ]
INFO: [ app_end ] --START--
INFO: Run Behavior\ShowPageTraceBehavior [ RunTime:0.001256s ]
INFO: [ app_end ] --END-- [ RunTime:0.001405s ]

[ 2017-02-23T00:06:45+08:00 ] ::1 /xiaoxing/index.php/Index/saveuserinf
INFO: [ app_init ] --START--
INFO: Run Behavior\BuildLiteBehavior [ RunTime:0.000030s ]
INFO: [ app_init ] --END-- [ RunTime:0.000902s ]
INFO: [ app_begin ] --START--
INFO: Run Behavior\ReadHtmlCacheBehavior [ RunTime:0.001732s ]
INFO: [ app_begin ] --END-- [ RunTime:0.001919s ]
SQL: SHOW COLUMNS FROM `user` [ RunTime:0.0039s ]
SQL: INSERT INTO `user` (`username`,`password`) VALUES ('12','12') [ RunTime:0.0009s ]
INFO: [ app_end ] --START--
INFO: Run Behavior\ShowPageTraceBehavior [ RunTime:0.001288s ]
INFO: [ app_end ] --END-- [ RunTime:0.001387s ]

[ 2017-02-23T00:06:45+08:00 ] ::1 /xiaoxing/index.php/Index/index.php
INFO: [ app_init ] --START--
INFO: Run Behavior\BuildLiteBehavior [ RunTime:0.000060s ]
INFO: [ app_init ] --END-- [ RunTime:0.001363s ]
INFO: [ app_begin ] --START--
INFO: Run Behavior\ReadHtmlCacheBehavior [ RunTime:0.001011s ]
INFO: [ app_begin ] --END-- [ RunTime:0.001150s ]
ERR: 非法操作:index.php

[ 2017-02-23T00:08:22+08:00 ] ::1 /xiaoxing/index.php/Index/regist.html
INFO: [ app_init ] --START--
INFO: Run Behavior\BuildLiteBehavior [ RunTime:0.000056s ]
INFO: [ app_init ] --END-- [ RunTime:0.000901s ]
INFO: [ app_begin ] --START--
INFO: Run Behavior\ReadHtmlCacheBehavior [ RunTime:0.000811s ]
INFO: [ app_begin ] --END-- [ RunTime:0.000953s ]
INFO: [ view_parse ] --START--
INFO: [ template_filter ] --START--
INFO: Run Behavior\ContentReplaceBehavior [ RunTime:0.000102s ]
INFO: [ template_filter ] --END-- [ RunTime:0.000226s ]
INFO: Run Behavior\ParseTemplateBehavior [ RunTime:0.012113s ]
INFO: [ view_parse ] --END-- [ RunTime:0.012256s ]
INFO: [ view_filter ] --START--
INFO: Run Behavior\WriteHtmlCacheBehavior [ RunTime:0.001105s ]
INFO: [ view_filter ] --END-- [ RunTime:0.001233s ]
INFO: [ app_end ] --START--
INFO: Run Behavior\ShowPageTraceBehavior [ RunTime:0.001293s ]
INFO: [ app_end ] --END-- [ RunTime:0.001441s ]

[ 2017-02-23T00:08:25+08:00 ] ::1 /xiaoxing/index.php/Index/index.php
INFO: [ app_init ] --START--
INFO: Run Behavior\BuildLiteBehavior [ RunTime:0.000046s ]
INFO: [ app_init ] --END-- [ RunTime:0.001368s ]
INFO: [ app_begin ] --START--
INFO: Run Behavior\ReadHtmlCacheBehavior [ RunTime:0.001162s ]
INFO: [ app_begin ] --END-- [ RunTime:0.001308s ]
ERR: 非法操作:index.php

[ 2017-02-23T00:09:05+08:00 ] ::1 /xiaoxing/index.php
INFO: [ app_init ] --START--
INFO: Run Behavior\BuildLiteBehavior [ RunTime:0.000038s ]
INFO: [ app_init ] --END-- [ RunTime:0.001382s ]
INFO: [ app_begin ] --START--
INFO: Run Behavior\ReadHtmlCacheBehavior [ RunTime:0.001845s ]
INFO: [ app_begin ] --END-- [ RunTime:0.002067s ]
INFO: [ view_parse ] --START--
INFO: [ template_filter ] --START--
INFO: Run Behavior\ContentReplaceBehavior [ RunTime:0.000225s ]
INFO: [ template_filter ] --END-- [ RunTime:0.000354s ]
INFO: Run Behavior\ParseTemplateBehavior [ RunTime:0.029604s ]
INFO: [ view_parse ] --END-- [ RunTime:0.029788s ]
INFO: [ view_filter ] --START--
INFO: Run Behavior\WriteHtmlCacheBehavior [ RunTime:0.001505s ]
INFO: [ view_filter ] --END-- [ RunTime:0.001660s ]
INFO: [ app_end ] --START--
INFO: Run Behavior\ShowPageTraceBehavior [ RunTime:0.011221s ]
INFO: [ app_end ] --END-- [ RunTime:0.011375s ]

[ 2017-02-23T00:09:08+08:00 ] ::1 /xiaoxing/index.php/Index/position.html
INFO: [ app_init ] --START--
INFO: Run Behavior\BuildLiteBehavior [ RunTime:0.000034s ]
INFO: [ app_init ] --END-- [ RunTime:0.000945s ]
INFO: [ app_begin ] --START--
INFO: Run Behavior\ReadHtmlCacheBehavior [ RunTime:0.001487s ]
INFO: [ app_begin ] --END-- [ RunTime:0.001690s ]
SQL: SHOW COLUMNS FROM `position` [ RunTime:0.0029s ]
SQL: SELECT * FROM `position`  [ RunTime:0.0015s ]
INFO: [ view_parse ] --START--
INFO: [ template_filter ] --START--
INFO: Run Behavior\ContentReplaceBehavior [ RunTime:0.000152s ]
INFO: [ template_filter ] --END-- [ RunTime:0.000288s ]
NOTIC: [8] Undefined index: bettery G:\amp\xampp\htdocs\xiaoxing\Application\Runtime\Cache\Home\f01bf442bdedeff04ffee32ca80d7042.php 第 90 行.
NOTIC: [8] Undefined index: bettery G:\amp\xampp\htdocs\xiaoxing\Application\Runtime\Cache\Home\f01bf442bdedeff04ffee32ca80d7042.php 第 90 行.
NOTIC: [8] Undefined index: bettery G:\amp\xampp\htdocs\xiaoxing\Application\Runtime\Cache\Home\f01bf442bdedeff04ffee32ca80d7042.php 第 90 行.
NOTIC: [8] Undefined index: bettery G:\amp\xampp\htdocs\xiaoxing\Application\Runtime\Cache\Home\f01bf442bdedeff04ffee32ca80d7042.php 第 90 行.
NOTIC: [8] Undefined index: bettery G:\amp\xampp\htdocs\xiaoxing\Application\Runtime\Cache\Home\f01bf442bdedeff04ffee32ca80d7042.php 第 90 行.
NOTIC: [8] Undefined index: bettery G:\amp\xampp\htdocs\xiaoxing\Application\Runtime\Cache\Home\f01bf442bdedeff04ffee32ca80d7042.php 第 90 行.
NOTIC: [8] Undefined index: bettery G:\amp\xampp\htdocs\xiaoxing\Application\Runtime\Cache\Home\f01bf442bdedeff04ffee32ca80d7042.php 第 90 行.
NOTIC: [8] Undefined index: bettery G:\amp\xampp\htdocs\xiaoxing\Application\Runtime\Cache\Home\f01bf442bdedeff04ffee32ca80d7042.php 第 90 行.
INFO: Run Behavior\ParseTemplateBehavior [ RunTime:0.033683s ]
INFO: [ view_parse ] --END-- [ RunTime:0.033937s ]
INFO: [ view_filter ] --START--
INFO: Run Behavior\WriteHtmlCacheBehavior [ RunTime:0.000694s ]
INFO: [ view_filter ] --END-- [ RunTime:0.000806s ]
INFO: [ app_end ] --START--
INFO: Run Behavior\ShowPageTraceBehavior [ RunTime:0.001292s ]
INFO: [ app_end ] --END-- [ RunTime:0.001434s ]

[ 2017-02-23T00:09:11+08:00 ] ::1 /xiaoxing/index.php/Index/Public/Image/favicon.ico
INFO: [ app_init ] --START--
INFO: Run Behavior\BuildLiteBehavior [ RunTime:0.000040s ]
INFO: [ app_init ] --END-- [ RunTime:0.001641s ]

[ 2017-02-23T00:09:17+08:00 ] ::1 /xiaoxing/index.html
INFO: [ app_init ] --START--
INFO: Run Behavior\BuildLiteBehavior [ RunTime:0.000038s ]
INFO: [ app_init ] --END-- [ RunTime:0.001082s ]
INFO: [ app_begin ] --START--
INFO: Run Behavior\ReadHtmlCacheBehavior [ RunTime:0.002364s ]
INFO: [ app_begin ] --END-- [ RunTime:0.002643s ]
INFO: [ view_parse ] --START--
INFO: [ template_filter ] --START--
INFO: Run Behavior\ContentReplaceBehavior [ RunTime:0.000235s ]
INFO: [ template_filter ] --END-- [ RunTime:0.000382s ]
INFO: Run Behavior\ParseTemplateBehavior [ RunTime:0.020947s ]
INFO: [ view_parse ] --END-- [ RunTime:0.021068s ]
INFO: [ view_filter ] --START--
INFO: Run Behavior\WriteHtmlCacheBehavior [ RunTime:0.000400s ]
INFO: [ view_filter ] --END-- [ RunTime:0.000473s ]
INFO: [ app_end ] --START--
INFO: Run Behavior\ShowPageTraceBehavior [ RunTime:0.001170s ]
INFO: [ app_end ] --END-- [ RunTime:0.001284s ]

[ 2017-02-23T00:09:19+08:00 ] ::1 /xiaoxing/index.php/Index/position.html
INFO: [ app_init ] --START--
INFO: Run Behavior\BuildLiteBehavior [ RunTime:0.000041s ]
INFO: [ app_init ] --END-- [ RunTime:0.001322s ]
INFO: [ app_begin ] --START--
INFO: Run Behavior\ReadHtmlCacheBehavior [ RunTime:0.001024s ]
INFO: [ app_begin ] --END-- [ RunTime:0.001162s ]
SQL: SHOW COLUMNS FROM `position` [ RunTime:0.0015s ]
SQL: SELECT * FROM `position`  [ RunTime:0.0011s ]
INFO: [ view_parse ] --START--
INFO: [ template_filter ] --START--
INFO: Run Behavior\ContentReplaceBehavior [ RunTime:0.000120s ]
INFO: [ template_filter ] --END-- [ RunTime:0.000228s ]
NOTIC: [8] Undefined index: bettery G:\amp\xampp\htdocs\xiaoxing\Application\Runtime\Cache\Home\f01bf442bdedeff04ffee32ca80d7042.php 第 90 行.
NOTIC: [8] Undefined index: bettery G:\amp\xampp\htdocs\xiaoxing\Application\Runtime\Cache\Home\f01bf442bdedeff04ffee32ca80d7042.php 第 90 行.
NOTIC: [8] Undefined index: bettery G:\amp\xampp\htdocs\xiaoxing\Application\Runtime\Cache\Home\f01bf442bdedeff04ffee32ca80d7042.php 第 90 行.
NOTIC: [8] Undefined index: bettery G:\amp\xampp\htdocs\xiaoxing\Application\Runtime\Cache\Home\f01bf442bdedeff04ffee32ca80d7042.php 第 90 行.
NOTIC: [8] Undefined index: bettery G:\amp\xampp\htdocs\xiaoxing\Application\Runtime\Cache\Home\f01bf442bdedeff04ffee32ca80d7042.php 第 90 行.
NOTIC: [8] Undefined index: bettery G:\amp\xampp\htdocs\xiaoxing\Application\Runtime\Cache\Home\f01bf442bdedeff04ffee32ca80d7042.php 第 90 行.
NOTIC: [8] Undefined index: bettery G:\amp\xampp\htdocs\xiaoxing\Application\Runtime\Cache\Home\f01bf442bdedeff04ffee32ca80d7042.php 第 90 行.
NOTIC: [8] Undefined index: bettery G:\amp\xampp\htdocs\xiaoxing\Application\Runtime\Cache\Home\f01bf442bdedeff04ffee32ca80d7042.php 第 90 行.
INFO: Run Behavior\ParseTemplateBehavior [ RunTime:0.020523s ]
INFO: [ view_parse ] --END-- [ RunTime:0.020655s ]
INFO: [ view_filter ] --START--
INFO: Run Behavior\WriteHtmlCacheBehavior [ RunTime:0.000926s ]
INFO: [ view_filter ] --END-- [ RunTime:0.001081s ]
INFO: [ app_end ] --START--
INFO: Run Behavior\ShowPageTraceBehavior [ RunTime:0.000943s ]
INFO: [ app_end ] --END-- [ RunTime:0.001031s ]

[ 2017-02-23T00:09:22+08:00 ] ::1 /xiaoxing/index.php/Index/about.html
INFO: [ app_init ] --START--
INFO: Run Behavior\BuildLiteBehavior [ RunTime:0.000031s ]
INFO: [ app_init ] --END-- [ RunTime:0.000888s ]
INFO: [ app_begin ] --START--
INFO: Run Behavior\ReadHtmlCacheBehavior [ RunTime:0.001233s ]
INFO: [ app_begin ] --END-- [ RunTime:0.001387s ]
INFO: [ view_parse ] --START--
INFO: [ template_filter ] --START--
INFO: Run Behavior\ContentReplaceBehavior [ RunTime:0.000096s ]
INFO: [ template_filter ] --END-- [ RunTime:0.000194s ]
INFO: Run Behavior\ParseTemplateBehavior [ RunTime:0.050136s ]
INFO: [ view_parse ] --END-- [ RunTime:0.050285s ]
INFO: [ view_filter ] --START--
INFO: Run Behavior\WriteHtmlCacheBehavior [ RunTime:0.001032s ]
INFO: [ view_filter ] --END-- [ RunTime:0.001165s ]
INFO: [ app_end ] --START--
INFO: Run Behavior\ShowPageTraceBehavior [ RunTime:0.000828s ]
INFO: [ app_end ] --END-- [ RunTime:0.000910s ]

[ 2017-02-23T00:09:22+08:00 ] ::1 /xiaoxing/Public/Js/HomeJs/about.js
INFO: [ app_init ] --START--
INFO: Run Behavior\BuildLiteBehavior [ RunTime:0.000042s ]
INFO: [ app_init ] --END-- [ RunTime:0.001883s ]
INFO: [ app_begin ] --START--
INFO: Run Behavior\ReadHtmlCacheBehavior [ RunTime:0.001734s ]
INFO: [ app_begin ] --END-- [ RunTime:0.001980s ]
ERR: 无法加载控制器:Public

[ 2017-02-23T00:09:22+08:00 ] ::1 /xiaoxing/index.php/Index/Public/Image/logo.png
INFO: [ app_init ] --START--
INFO: Run Behavior\BuildLiteBehavior [ RunTime:0.000031s ]
INFO: [ app_init ] --END-- [ RunTime:0.000810s ]

[ 2017-02-23T00:09:30+08:00 ] ::1 /xiaoxing/index.html
INFO: [ app_init ] --START--
INFO: Run Behavior\BuildLiteBehavior [ RunTime:0.000034s ]
INFO: [ app_init ] --END-- [ RunTime:0.000913s ]
INFO: [ app_begin ] --START--
INFO: Run Behavior\ReadHtmlCacheBehavior [ RunTime:0.001252s ]
INFO: [ app_begin ] --END-- [ RunTime:0.001423s ]
INFO: [ view_parse ] --START--
INFO: [ template_filter ] --START--
INFO: Run Behavior\ContentReplaceBehavior [ RunTime:0.000246s ]
INFO: [ template_filter ] --END-- [ RunTime:0.000375s ]
INFO: Run Behavior\ParseTemplateBehavior [ RunTime:0.025368s ]
INFO: [ view_parse ] --END-- [ RunTime:0.025686s ]
INFO: [ view_filter ] --START--
INFO: Run Behavior\WriteHtmlCacheBehavior [ RunTime:0.000668s ]
INFO: [ view_filter ] --END-- [ RunTime:0.000772s ]
INFO: [ app_end ] --START--
INFO: Run Behavior\ShowPageTraceBehavior [ RunTime:0.001306s ]
INFO: [ app_end ] --END-- [ RunTime:0.001443s ]

[ 2017-02-23T00:09:47+08:00 ] ::1 /xiaoxing/
INFO: [ app_init ] --START--
INFO: Run Behavior\BuildLiteBehavior [ RunTime:0.000037s ]
INFO: [ app_init ] --END-- [ RunTime:0.001087s ]
INFO: [ app_begin ] --START--
INFO: Run Behavior\ReadHtmlCacheBehavior [ RunTime:0.001483s ]
INFO: [ app_begin ] --END-- [ RunTime:0.001646s ]
INFO: [ view_parse ] --START--
INFO: [ template_filter ] --START--
INFO: Run Behavior\ContentReplaceBehavior [ RunTime:0.000261s ]
INFO: [ template_filter ] --END-- [ RunTime:0.000410s ]
INFO: Run Behavior\ParseTemplateBehavior [ RunTime:0.031364s ]
INFO: [ view_parse ] --END-- [ RunTime:0.031744s ]
INFO: [ view_filter ] --START--
INFO: Run Behavior\WriteHtmlCacheBehavior [ RunTime:0.001608s ]
INFO: [ view_filter ] --END-- [ RunTime:0.001883s ]
INFO: [ app_end ] --START--
INFO: Run Behavior\ShowPageTraceBehavior [ RunTime:0.002577s ]
INFO: [ app_end ] --END-- [ RunTime:0.004635s ]

[ 2017-02-23T00:09:51+08:00 ] ::1 /xiaoxing/index.html
INFO: [ app_init ] --START--
INFO: Run Behavior\BuildLiteBehavior [ RunTime:0.000030s ]
INFO: [ app_init ] --END-- [ RunTime:0.000848s ]
INFO: [ app_begin ] --START--
INFO: Run Behavior\ReadHtmlCacheBehavior [ RunTime:0.001350s ]
INFO: [ app_begin ] --END-- [ RunTime:0.001578s ]
INFO: [ view_parse ] --START--
INFO: [ template_filter ] --START--
INFO: Run Behavior\ContentReplaceBehavior [ RunTime:0.000537s ]
INFO: [ template_filter ] --END-- [ RunTime:0.000954s ]
INFO: Run Behavior\ParseTemplateBehavior [ RunTime:0.029778s ]
INFO: [ view_parse ] --END-- [ RunTime:0.030005s ]
INFO: [ view_filter ] --START--
INFO: Run Behavior\WriteHtmlCacheBehavior [ RunTime:0.001105s ]
INFO: [ view_filter ] --END-- [ RunTime:0.001243s ]
INFO: [ app_end ] --START--
INFO: Run Behavior\ShowPageTraceBehavior [ RunTime:0.001745s ]
INFO: [ app_end ] --END-- [ RunTime:0.003048s ]

[ 2017-02-23T00:11:23+08:00 ] ::1 /xiaoxing/index.html
INFO: [ app_init ] --START--
INFO: Run Behavior\BuildLiteBehavior [ RunTime:0.000040s ]
INFO: [ app_init ] --END-- [ RunTime:0.001113s ]
INFO: [ app_begin ] --START--
INFO: Run Behavior\ReadHtmlCacheBehavior [ RunTime:0.001452s ]
INFO: [ app_begin ] --END-- [ RunTime:0.001625s ]
INFO: [ view_parse ] --START--
INFO: [ template_filter ] --START--
INFO: Run Behavior\ContentReplaceBehavior [ RunTime:0.000252s ]
INFO: [ template_filter ] --END-- [ RunTime:0.000383s ]
INFO: Run Behavior\ParseTemplateBehavior [ RunTime:0.024744s ]
INFO: [ view_parse ] --END-- [ RunTime:0.024885s ]
INFO: [ view_filter ] --START--
INFO: Run Behavior\WriteHtmlCacheBehavior [ RunTime:0.002236s ]
INFO: [ view_filter ] --END-- [ RunTime:0.002367s ]
INFO: [ app_end ] --START--
INFO: Run Behavior\ShowPageTraceBehavior [ RunTime:0.002633s ]
INFO: [ app_end ] --END-- [ RunTime:0.002979s ]

[ 2017-02-23T00:11:27+08:00 ] ::1 /xiaoxing/index.php/Index/regist.html
INFO: [ app_init ] --START--
INFO: Run Behavior\BuildLiteBehavior [ RunTime:0.000035s ]
INFO: [ app_init ] --END-- [ RunTime:0.001053s ]
INFO: [ app_begin ] --START--
INFO: Run Behavior\ReadHtmlCacheBehavior [ RunTime:0.001680s ]
INFO: [ app_begin ] --END-- [ RunTime:0.001829s ]
INFO: [ view_parse ] --START--
INFO: [ template_filter ] --START--
INFO: Run Behavior\ContentReplaceBehavior [ RunTime:0.000095s ]
INFO: [ template_filter ] --END-- [ RunTime:0.000236s ]
INFO: Run Behavior\ParseTemplateBehavior [ RunTime:0.014876s ]
INFO: [ view_parse ] --END-- [ RunTime:0.015020s ]
INFO: [ view_filter ] --START--
INFO: Run Behavior\WriteHtmlCacheBehavior [ RunTime:0.000861s ]
INFO: [ view_filter ] --END-- [ RunTime:0.000960s ]
INFO: [ app_end ] --START--
INFO: Run Behavior\ShowPageTraceBehavior [ RunTime:0.001351s ]
INFO: [ app_end ] --END-- [ RunTime:0.001473s ]

[ 2017-02-23T00:11:30+08:00 ] ::1 /xiaoxing/index.html
INFO: [ app_init ] --START--
INFO: Run Behavior\BuildLiteBehavior [ RunTime:0.000035s ]
INFO: [ app_init ] --END-- [ RunTime:0.000938s ]
INFO: [ app_begin ] --START--
INFO: Run Behavior\ReadHtmlCacheBehavior [ RunTime:0.001406s ]
INFO: [ app_begin ] --END-- [ RunTime:0.001569s ]
INFO: [ view_parse ] --START--
INFO: [ template_filter ] --START--
INFO: Run Behavior\ContentReplaceBehavior [ RunTime:0.000248s ]
INFO: [ template_filter ] --END-- [ RunTime:0.000379s ]
INFO: Run Behavior\ParseTemplateBehavior [ RunTime:0.027744s ]
INFO: [ view_parse ] --END-- [ RunTime:0.028363s ]
INFO: [ view_filter ] --START--
INFO: Run Behavior\WriteHtmlCacheBehavior [ RunTime:0.001670s ]
INFO: [ view_filter ] --END-- [ RunTime:0.001825s ]
INFO: [ app_end ] --START--
INFO: Run Behavior\ShowPageTraceBehavior [ RunTime:0.001566s ]
INFO: [ app_end ] --END-- [ RunTime:0.001901s ]

[ 2017-02-23T00:11:35+08:00 ] ::1 /xiaoxing/index.php/Index/regist.html
INFO: [ app_init ] --START--
INFO: Run Behavior\BuildLiteBehavior [ RunTime:0.000037s ]
INFO: [ app_init ] --END-- [ RunTime:0.001002s ]
INFO: [ app_begin ] --START--
INFO: Run Behavior\ReadHtmlCacheBehavior [ RunTime:0.002568s ]
INFO: [ app_begin ] --END-- [ RunTime:0.002950s ]
INFO: [ view_parse ] --START--
INFO: [ template_filter ] --START--
INFO: Run Behavior\ContentReplaceBehavior [ RunTime:0.000196s ]
INFO: [ template_filter ] --END-- [ RunTime:0.000463s ]
INFO: Run Behavior\ParseTemplateBehavior [ RunTime:0.021144s ]
INFO: [ view_parse ] --END-- [ RunTime:0.021327s ]
INFO: [ view_filter ] --START--
INFO: Run Behavior\WriteHtmlCacheBehavior [ RunTime:0.000786s ]
INFO: [ view_filter ] --END-- [ RunTime:0.000910s ]
INFO: [ app_end ] --START--
INFO: Run Behavior\ShowPageTraceBehavior [ RunTime:0.001210s ]
INFO: [ app_end ] --END-- [ RunTime:0.001455s ]

[ 2017-02-23T00:11:40+08:00 ] ::1 /xiaoxing/index.html
INFO: [ app_init ] --START--
INFO: Run Behavior\BuildLiteBehavior [ RunTime:0.000037s ]
INFO: [ app_init ] --END-- [ RunTime:0.001626s ]
INFO: [ app_begin ] --START--
INFO: Run Behavior\ReadHtmlCacheBehavior [ RunTime:0.001810s ]
INFO: [ app_begin ] --END-- [ RunTime:0.001998s ]
INFO: [ view_parse ] --START--
INFO: [ template_filter ] --START--
INFO: Run Behavior\ContentReplaceBehavior [ RunTime:0.000263s ]
INFO: [ template_filter ] --END-- [ RunTime:0.000413s ]
INFO: Run Behavior\ParseTemplateBehavior [ RunTime:0.023421s ]
INFO: [ view_parse ] --END-- [ RunTime:0.023559s ]
INFO: [ view_filter ] --START--
INFO: Run Behavior\WriteHtmlCacheBehavior [ RunTime:0.000686s ]
INFO: [ view_filter ] --END-- [ RunTime:0.000782s ]
INFO: [ app_end ] --START--
INFO: Run Behavior\ShowPageTraceBehavior [ RunTime:0.001194s ]
INFO: [ app_end ] --END-- [ RunTime:0.001340s ]

[ 2017-02-23T00:11:44+08:00 ] ::1 /xiaoxing/index.php/Index/regist.html
INFO: [ app_init ] --START--
INFO: Run Behavior\BuildLiteBehavior [ RunTime:0.000041s ]
INFO: [ app_init ] --END-- [ RunTime:0.001320s ]
INFO: [ app_begin ] --START--
INFO: Run Behavior\ReadHtmlCacheBehavior [ RunTime:0.001131s ]
INFO: [ app_begin ] --END-- [ RunTime:0.001312s ]
INFO: [ view_parse ] --START--
INFO: [ template_filter ] --START--
INFO: Run Behavior\ContentReplaceBehavior [ RunTime:0.000153s ]
INFO: [ template_filter ] --END-- [ RunTime:0.000284s ]
INFO: Run Behavior\ParseTemplateBehavior [ RunTime:0.015429s ]
INFO: [ view_parse ] --END-- [ RunTime:0.015566s ]
INFO: [ view_filter ] --START--
INFO: Run Behavior\WriteHtmlCacheBehavior [ RunTime:0.000702s ]
INFO: [ view_filter ] --END-- [ RunTime:0.000832s ]
INFO: [ app_end ] --START--
INFO: Run Behavior\ShowPageTraceBehavior [ RunTime:0.001365s ]
INFO: [ app_end ] --END-- [ RunTime:0.001498s ]

[ 2017-02-23T00:11:55+08:00 ] ::1 /xiaoxing/index.php/Index/saveuserinf
INFO: [ app_init ] --START--
INFO: Run Behavior\BuildLiteBehavior [ RunTime:0.000025s ]
INFO: [ app_init ] --END-- [ RunTime:0.000559s ]
INFO: [ app_begin ] --START--
INFO: Run Behavior\ReadHtmlCacheBehavior [ RunTime:0.000861s ]
INFO: [ app_begin ] --END-- [ RunTime:0.000968s ]
SQL: SHOW COLUMNS FROM `user` [ RunTime:0.0019s ]
SQL: INSERT INTO `user` (`username`,`password`) VALUES ('shen143','123') [ RunTime:0.0011s ]
INFO: [ app_end ] --START--
INFO: Run Behavior\ShowPageTraceBehavior [ RunTime:0.001058s ]
INFO: [ app_end ] --END-- [ RunTime:0.001143s ]

[ 2017-02-23T00:11:55+08:00 ] ::1 /xiaoxing/index.html
INFO: [ app_init ] --START--
INFO: Run Behavior\BuildLiteBehavior [ RunTime:0.000028s ]
INFO: [ app_init ] --END-- [ RunTime:0.000705s ]
INFO: [ app_begin ] --START--
INFO: Run Behavior\ReadHtmlCacheBehavior [ RunTime:0.001020s ]
INFO: [ app_begin ] --END-- [ RunTime:0.001146s ]
INFO: [ view_parse ] --START--
INFO: [ template_filter ] --START--
INFO: Run Behavior\ContentReplaceBehavior [ RunTime:0.000222s ]
INFO: [ template_filter ] --END-- [ RunTime:0.000341s ]
INFO: Run Behavior\ParseTemplateBehavior [ RunTime:0.021500s ]
INFO: [ view_parse ] --END-- [ RunTime:0.021642s ]
INFO: [ view_filter ] --START--
INFO: Run Behavior\WriteHtmlCacheBehavior [ RunTime:0.000526s ]
INFO: [ view_filter ] --END-- [ RunTime:0.000604s ]
INFO: [ app_end ] --START--
INFO: Run Behavior\ShowPageTraceBehavior [ RunTime:0.000939s ]
INFO: [ app_end ] --END-- [ RunTime:0.001042s ]

[ 2017-02-23T00:12:30+08:00 ] ::1 /xiaoxing/index.php/Index/login
INFO: [ app_init ] --START--
INFO: Run Behavior\BuildLiteBehavior [ RunTime:0.000102s ]
INFO: [ app_init ] --END-- [ RunTime:0.000674s ]
INFO: [ app_begin ] --START--
INFO: Run Behavior\ReadHtmlCacheBehavior [ RunTime:0.000850s ]
INFO: [ app_begin ] --END-- [ RunTime:0.000930s ]
SQL: SHOW COLUMNS FROM `user` [ RunTime:0.0017s ]
SQL: SELECT * FROM `user` WHERE ( username='shen143' and password='123' )  [ RunTime:0.0009s ]
INFO: [ app_end ] --START--
INFO: Run Behavior\ShowPageTraceBehavior [ RunTime:0.001898s ]
INFO: [ app_end ] --END-- [ RunTime:0.002047s ]

[ 2017-02-23T00:12:50+08:00 ] ::1 /xiaoxing/index.html
INFO: [ app_init ] --START--
INFO: Run Behavior\BuildLiteBehavior [ RunTime:0.000042s ]
INFO: [ app_init ] --END-- [ RunTime:0.001490s ]
INFO: [ app_begin ] --START--
INFO: Run Behavior\ReadHtmlCacheBehavior [ RunTime:0.001302s ]
INFO: [ app_begin ] --END-- [ RunTime:0.001480s ]
INFO: [ view_parse ] --START--
INFO: [ template_filter ] --START--
INFO: Run Behavior\ContentReplaceBehavior [ RunTime:0.000223s ]
INFO: [ template_filter ] --END-- [ RunTime:0.000354s ]
INFO: Run Behavior\ParseTemplateBehavior [ RunTime:0.024058s ]
INFO: [ view_parse ] --END-- [ RunTime:0.024203s ]
INFO: [ view_filter ] --START--
INFO: Run Behavior\WriteHtmlCacheBehavior [ RunTime:0.003622s ]
INFO: [ view_filter ] --END-- [ RunTime:0.003846s ]
INFO: [ app_end ] --START--
INFO: Run Behavior\ShowPageTraceBehavior [ RunTime:0.001502s ]
INFO: [ app_end ] --END-- [ RunTime:0.001730s ]

[ 2017-02-23T16:32:35+08:00 ] ::1 /xiaoxing/
INFO: [ app_init ] --START--
INFO: Run Behavior\BuildLiteBehavior [ RunTime:0.000036s ]
INFO: [ app_init ] --END-- [ RunTime:0.001170s ]
INFO: [ app_begin ] --START--
INFO: Run Behavior\ReadHtmlCacheBehavior [ RunTime:0.001515s ]
INFO: [ app_begin ] --END-- [ RunTime:0.001662s ]
INFO: [ view_parse ] --START--
INFO: [ template_filter ] --START--
INFO: Run Behavior\ContentReplaceBehavior [ RunTime:0.000252s ]
INFO: [ template_filter ] --END-- [ RunTime:0.000379s ]
INFO: Run Behavior\ParseTemplateBehavior [ RunTime:0.024638s ]
INFO: [ view_parse ] --END-- [ RunTime:0.024793s ]
INFO: [ view_filter ] --START--
INFO: Run Behavior\WriteHtmlCacheBehavior [ RunTime:0.000920s ]
INFO: [ view_filter ] --END-- [ RunTime:0.001010s ]
INFO: [ app_end ] --START--
INFO: Run Behavior\ShowPageTraceBehavior [ RunTime:0.002126s ]
INFO: [ app_end ] --END-- [ RunTime:0.002301s ]

[ 2017-02-23T16:32:49+08:00 ] ::1 /xiaoxing/index.php/Index/login
INFO: [ app_init ] --START--
INFO: Run Behavior\BuildLiteBehavior [ RunTime:0.000030s ]
INFO: [ app_init ] --END-- [ RunTime:0.000944s ]
INFO: [ app_begin ] --START--
INFO: Run Behavior\ReadHtmlCacheBehavior [ RunTime:0.001297s ]
INFO: [ app_begin ] --END-- [ RunTime:0.001401s ]
SQL: SHOW COLUMNS FROM `user` [ RunTime:0.0106s ]
SQL: SELECT * FROM `user` WHERE ( username='shen143' and password='123' )  [ RunTime:0.0014s ]
INFO: [ app_end ] --START--
INFO: Run Behavior\ShowPageTraceBehavior [ RunTime:0.001399s ]
INFO: [ app_end ] --END-- [ RunTime:0.001503s ]

[ 2017-02-23T16:37:07+08:00 ] ::1 /xiaoxing/
INFO: [ app_init ] --START--
INFO: Run Behavior\BuildLiteBehavior [ RunTime:0.000028s ]
INFO: [ app_init ] --END-- [ RunTime:0.000801s ]
INFO: [ app_begin ] --START--
INFO: Run Behavior\ReadHtmlCacheBehavior [ RunTime:0.001087s ]
INFO: [ app_begin ] --END-- [ RunTime:0.001185s ]
INFO: [ view_parse ] --START--
INFO: [ template_filter ] --START--
INFO: Run Behavior\ContentReplaceBehavior [ RunTime:0.000184s ]
INFO: [ template_filter ] --END-- [ RunTime:0.000290s ]
INFO: Run Behavior\ParseTemplateBehavior [ RunTime:0.019503s ]
INFO: [ view_parse ] --END-- [ RunTime:0.019623s ]
INFO: [ view_filter ] --START--
INFO: Run Behavior\WriteHtmlCacheBehavior [ RunTime:0.001018s ]
INFO: [ view_filter ] --END-- [ RunTime:0.001129s ]
INFO: [ app_end ] --START--
INFO: Run Behavior\ShowPageTraceBehavior [ RunTime:0.002489s ]
INFO: [ app_end ] --END-- [ RunTime:0.002674s ]

[ 2017-02-23T21:32:00+08:00 ] ::1 /xiaoxing/
INFO: [ app_init ] --START--
INFO: Run Behavior\BuildLiteBehavior [ RunTime:0.000023s ]
INFO: [ app_init ] --END-- [ RunTime:0.000684s ]
INFO: [ app_begin ] --START--
INFO: Run Behavior\ReadHtmlCacheBehavior [ RunTime:0.001200s ]
INFO: [ app_begin ] --END-- [ RunTime:0.001317s ]
INFO: [ view_parse ] --START--
INFO: [ template_filter ] --START--
INFO: Run Behavior\ContentReplaceBehavior [ RunTime:0.000226s ]
INFO: [ template_filter ] --END-- [ RunTime:0.000327s ]
INFO: Run Behavior\ParseTemplateBehavior [ RunTime:0.019322s ]
INFO: [ view_parse ] --END-- [ RunTime:0.019436s ]
INFO: [ view_filter ] --START--
INFO: Run Behavior\WriteHtmlCacheBehavior [ RunTime:0.001059s ]
INFO: [ view_filter ] --END-- [ RunTime:0.001167s ]
INFO: [ app_end ] --START--
INFO: Run Behavior\ShowPageTraceBehavior [ RunTime:0.002025s ]
INFO: [ app_end ] --END-- [ RunTime:0.002156s ]

[ 2017-02-23T21:32:08+08:00 ] ::1 /xiaoxing/index.php/Index/position.html
INFO: [ app_init ] --START--
INFO: Run Behavior\BuildLiteBehavior [ RunTime:0.000026s ]
INFO: [ app_init ] --END-- [ RunTime:0.000813s ]
INFO: [ app_begin ] --START--
INFO: Run Behavior\ReadHtmlCacheBehavior [ RunTime:0.001207s ]
INFO: [ app_begin ] --END-- [ RunTime:0.001327s ]
SQL: SHOW COLUMNS FROM `position` [ RunTime:0.0112s ]
SQL: SELECT * FROM `position`  [ RunTime:0.0016s ]
INFO: [ view_parse ] --START--
INFO: [ template_filter ] --START--
INFO: Run Behavior\ContentReplaceBehavior [ RunTime:0.000117s ]
INFO: [ template_filter ] --END-- [ RunTime:0.000225s ]
NOTIC: [8] Undefined index: bettery G:\amp\xampp\htdocs\xiaoxing\Application\Runtime\Cache\Home\f01bf442bdedeff04ffee32ca80d7042.php 第 90 行.
NOTIC: [8] Undefined index: bettery G:\amp\xampp\htdocs\xiaoxing\Application\Runtime\Cache\Home\f01bf442bdedeff04ffee32ca80d7042.php 第 90 行.
NOTIC: [8] Undefined index: bettery G:\amp\xampp\htdocs\xiaoxing\Application\Runtime\Cache\Home\f01bf442bdedeff04ffee32ca80d7042.php 第 90 行.
NOTIC: [8] Undefined index: bettery G:\amp\xampp\htdocs\xiaoxing\Application\Runtime\Cache\Home\f01bf442bdedeff04ffee32ca80d7042.php 第 90 行.
NOTIC: [8] Undefined index: bettery G:\amp\xampp\htdocs\xiaoxing\Application\Runtime\Cache\Home\f01bf442bdedeff04ffee32ca80d7042.php 第 90 行.
NOTIC: [8] Undefined index: bettery G:\amp\xampp\htdocs\xiaoxing\Application\Runtime\Cache\Home\f01bf442bdedeff04ffee32ca80d7042.php 第 90 行.
NOTIC: [8] Undefined index: bettery G:\amp\xampp\htdocs\xiaoxing\Application\Runtime\Cache\Home\f01bf442bdedeff04ffee32ca80d7042.php 第 90 行.
NOTIC: [8] Undefined index: bettery G:\amp\xampp\htdocs\xiaoxing\Application\Runtime\Cache\Home\f01bf442bdedeff04ffee32ca80d7042.php 第 90 行.
INFO: Run Behavior\ParseTemplateBehavior [ RunTime:0.070817s ]
INFO: [ view_parse ] --END-- [ RunTime:0.070947s ]
INFO: [ view_filter ] --START--
INFO: Run Behavior\WriteHtmlCacheBehavior [ RunTime:0.000762s ]
INFO: [ view_filter ] --END-- [ RunTime:0.000836s ]
INFO: [ app_end ] --START--
INFO: Run Behavior\ShowPageTraceBehavior [ RunTime:0.000958s ]
INFO: [ app_end ] --END-- [ RunTime:0.001037s ]

[ 2017-02-23T21:32:09+08:00 ] ::1 /xiaoxing/index.php/Index/Public/Image/favicon.ico
INFO: [ app_init ] --START--
INFO: Run Behavior\BuildLiteBehavior [ RunTime:0.000035s ]
INFO: [ app_init ] --END-- [ RunTime:0.000993s ]

[ 2017-02-23T21:32:15+08:00 ] ::1 /xiaoxing/index.php/test
INFO: [ app_init ] --START--
INFO: Run Behavior\BuildLiteBehavior [ RunTime:0.000033s ]
INFO: [ app_init ] --END-- [ RunTime:0.000906s ]
INFO: [ app_begin ] --START--
INFO: Run Behavior\ReadHtmlCacheBehavior [ RunTime:0.000780s ]
INFO: [ app_begin ] --END-- [ RunTime:0.000878s ]
ERR: 无法加载控制器:Test

[ 2017-02-23T21:32:31+08:00 ] ::1 /xiaoxing/index.php/test.Php
INFO: [ app_init ] --START--
INFO: Run Behavior\BuildLiteBehavior [ RunTime:0.000029s ]
INFO: [ app_init ] --END-- [ RunTime:0.000676s ]
INFO: [ app_begin ] --START--
INFO: Run Behavior\ReadHtmlCacheBehavior [ RunTime:0.000941s ]
INFO: [ app_begin ] --END-- [ RunTime:0.001055s ]
ERR: 无法加载控制器:Test.Php

[ 2017-02-23T21:32:37+08:00 ] ::1 /xiaoxing/index.php/test.php
INFO: [ app_init ] --START--
INFO: Run Behavior\BuildLiteBehavior [ RunTime:0.000032s ]
INFO: [ app_init ] --END-- [ RunTime:0.001020s ]
INFO: [ app_begin ] --START--
INFO: Run Behavior\ReadHtmlCacheBehavior [ RunTime:0.001557s ]
INFO: [ app_begin ] --END-- [ RunTime:0.001738s ]
ERR: 无法加载控制器:Test.php

[ 2017-02-23T21:34:50+08:00 ] ::1 /xiaoxing/index.php/Index/sendMail
INFO: [ app_init ] --START--
INFO: Run Behavior\BuildLiteBehavior [ RunTime:0.000056s ]
INFO: [ app_init ] --END-- [ RunTime:0.000797s ]
INFO: [ app_begin ] --START--
INFO: Run Behavior\ReadHtmlCacheBehavior [ RunTime:0.001134s ]
INFO: [ app_begin ] --END-- [ RunTime:0.001235s ]

[ 2017-02-23T21:37:54+08:00 ] ::1 /xiaoxing/index.php/Index/sendMail
INFO: [ app_init ] --START--
INFO: Run Behavior\BuildLiteBehavior [ RunTime:0.000032s ]
INFO: [ app_init ] --END-- [ RunTime:0.001081s ]
INFO: [ app_begin ] --START--
INFO: Run Behavior\ReadHtmlCacheBehavior [ RunTime:0.001469s ]
INFO: [ app_begin ] --END-- [ RunTime:0.001625s ]

[ 2017-02-23T21:38:18+08:00 ] ::1 /xiaoxing/index.php/Index/sendMail
INFO: [ app_init ] --START--
INFO: Run Behavior\BuildLiteBehavior [ RunTime:0.000051s ]
INFO: [ app_init ] --END-- [ RunTime:0.000863s ]
INFO: [ app_begin ] --START--
INFO: Run Behavior\ReadHtmlCacheBehavior [ RunTime:0.001148s ]
INFO: [ app_begin ] --END-- [ RunTime:0.001264s ]

[ 2017-02-23T21:40:31+08:00 ] ::1 /xiaoxing/index.php/Index/sendMail
INFO: [ app_init ] --START--
INFO: Run Behavior\BuildLiteBehavior [ RunTime:0.000032s ]
INFO: [ app_init ] --END-- [ RunTime:0.000929s ]
INFO: [ app_begin ] --START--
INFO: Run Behavior\ReadHtmlCacheBehavior [ RunTime:0.001545s ]
INFO: [ app_begin ] --END-- [ RunTime:0.001803s ]

[ 2017-02-23T21:40:33+08:00 ] ::1 /xiaoxing/index.php/Index/sendMail
INFO: [ app_init ] --START--
INFO: Run Behavior\BuildLiteBehavior [ RunTime:0.000037s ]
INFO: [ app_init ] --END-- [ RunTime:0.000894s ]
INFO: [ app_begin ] --START--
INFO: Run Behavior\ReadHtmlCacheBehavior [ RunTime:0.001394s ]
INFO: [ app_begin ] --END-- [ RunTime:0.001568s ]

[ 2017-02-23T21:40:33+08:00 ] ::1 /xiaoxing/index.php/Index/sendMail
INFO: [ app_init ] --START--
INFO: Run Behavior\BuildLiteBehavior [ RunTime:0.000066s ]
INFO: [ app_init ] --END-- [ RunTime:0.001642s ]
INFO: [ app_begin ] --START--
INFO: Run Behavior\ReadHtmlCacheBehavior [ RunTime:0.001065s ]
INFO: [ app_begin ] --END-- [ RunTime:0.001221s ]

[ 2017-02-23T21:40:33+08:00 ] ::1 /xiaoxing/index.php/Index/sendMail
INFO: [ app_init ] --START--
INFO: Run Behavior\BuildLiteBehavior [ RunTime:0.000085s ]
INFO: [ app_init ] --END-- [ RunTime:0.003592s ]
INFO: [ app_begin ] --START--
INFO: Run Behavior\ReadHtmlCacheBehavior [ RunTime:0.001341s ]
INFO: [ app_begin ] --END-- [ RunTime:0.001524s ]

[ 2017-02-23T21:40:34+08:00 ] ::1 /xiaoxing/index.php/Index/sendMail
INFO: [ app_init ] --START--
INFO: Run Behavior\BuildLiteBehavior [ RunTime:0.000071s ]
INFO: [ app_init ] --END-- [ RunTime:0.001408s ]
INFO: [ app_begin ] --START--
INFO: Run Behavior\ReadHtmlCacheBehavior [ RunTime:0.001096s ]
INFO: [ app_begin ] --END-- [ RunTime:0.001245s ]

[ 2017-02-23T21:40:34+08:00 ] ::1 /xiaoxing/index.php/Index/sendMail
INFO: [ app_init ] --START--
INFO: Run Behavior\BuildLiteBehavior [ RunTime:0.000040s ]
INFO: [ app_init ] --END-- [ RunTime:0.001385s ]
INFO: [ app_begin ] --START--
INFO: Run Behavior\ReadHtmlCacheBehavior [ RunTime:0.001132s ]
INFO: [ app_begin ] --END-- [ RunTime:0.001276s ]

[ 2017-02-23T21:40:38+08:00 ] ::1 /xiaoxing/
INFO: [ app_init ] --START--
INFO: Run Behavior\BuildLiteBehavior [ RunTime:0.000029s ]
INFO: [ app_init ] --END-- [ RunTime:0.000755s ]
INFO: [ app_begin ] --START--
INFO: Run Behavior\ReadHtmlCacheBehavior [ RunTime:0.000880s ]
INFO: [ app_begin ] --END-- [ RunTime:0.000980s ]
INFO: [ view_parse ] --START--
INFO: [ template_filter ] --START--
INFO: Run Behavior\ContentReplaceBehavior [ RunTime:0.000185s ]
INFO: [ template_filter ] --END-- [ RunTime:0.000299s ]
INFO: Run Behavior\ParseTemplateBehavior [ RunTime:0.019723s ]
INFO: [ view_parse ] --END-- [ RunTime:0.019838s ]
INFO: [ view_filter ] --START--
INFO: Run Behavior\WriteHtmlCacheBehavior [ RunTime:0.000716s ]
INFO: [ view_filter ] --END-- [ RunTime:0.000786s ]
INFO: [ app_end ] --START--
INFO: Run Behavior\ShowPageTraceBehavior [ RunTime:0.001360s ]
INFO: [ app_end ] --END-- [ RunTime:0.001479s ]

[ 2017-02-23T21:40:43+08:00 ] ::1 /xiaoxing/index.php
INFO: [ app_init ] --START--
INFO: Run Behavior\BuildLiteBehavior [ RunTime:0.000030s ]
INFO: [ app_init ] --END-- [ RunTime:0.000793s ]
INFO: [ app_begin ] --START--
INFO: Run Behavior\ReadHtmlCacheBehavior [ RunTime:0.000937s ]
INFO: [ app_begin ] --END-- [ RunTime:0.001060s ]
INFO: [ view_parse ] --START--
INFO: [ template_filter ] --START--
INFO: Run Behavior\ContentReplaceBehavior [ RunTime:0.000188s ]
INFO: [ template_filter ] --END-- [ RunTime:0.000293s ]
INFO: Run Behavior\ParseTemplateBehavior [ RunTime:0.017235s ]
INFO: [ view_parse ] --END-- [ RunTime:0.017351s ]
INFO: [ view_filter ] --START--
INFO: Run Behavior\WriteHtmlCacheBehavior [ RunTime:0.000581s ]
INFO: [ view_filter ] --END-- [ RunTime:0.000668s ]
INFO: [ app_end ] --START--
INFO: Run Behavior\ShowPageTraceBehavior [ RunTime:0.000999s ]
INFO: [ app_end ] --END-- [ RunTime:0.001104s ]

[ 2017-02-23T21:41:03+08:00 ] ::1 /xiaoxing/index.php/Index/regist.html
INFO: [ app_init ] --START--
INFO: Run Behavior\BuildLiteBehavior [ RunTime:0.000084s ]
INFO: [ app_init ] --END-- [ RunTime:0.003320s ]
INFO: [ app_begin ] --START--
INFO: Run Behavior\ReadHtmlCacheBehavior [ RunTime:0.001783s ]
INFO: [ app_begin ] --END-- [ RunTime:0.001966s ]
INFO: [ view_parse ] --START--
INFO: [ template_filter ] --START--
INFO: Run Behavior\ContentReplaceBehavior [ RunTime:0.000189s ]
INFO: [ template_filter ] --END-- [ RunTime:0.000328s ]
INFO: Run Behavior\ParseTemplateBehavior [ RunTime:0.017979s ]
INFO: [ view_parse ] --END-- [ RunTime:0.018300s ]
INFO: [ view_filter ] --START--
INFO: Run Behavior\WriteHtmlCacheBehavior [ RunTime:0.001080s ]
INFO: [ view_filter ] --END-- [ RunTime:0.001189s ]
INFO: [ app_end ] --START--
INFO: Run Behavior\ShowPageTraceBehavior [ RunTime:0.002061s ]
INFO: [ app_end ] --END-- [ RunTime:0.002197s ]

[ 2017-02-23T21:41:14+08:00 ] ::1 /xiaoxing/index.php/Index/sendMail
INFO: [ app_init ] --START--
INFO: Run Behavior\BuildLiteBehavior [ RunTime:0.000066s ]
INFO: [ app_init ] --END-- [ RunTime:0.001477s ]
INFO: [ app_begin ] --START--
INFO: Run Behavior\ReadHtmlCacheBehavior [ RunTime:0.000998s ]
INFO: [ app_begin ] --END-- [ RunTime:0.001149s ]

[ 2017-02-23T21:43:10+08:00 ] ::1 /xiaoxing/index.php/Index/sendMail
INFO: [ app_init ] --START--
INFO: Run Behavior\BuildLiteBehavior [ RunTime:0.000030s ]
INFO: [ app_init ] --END-- [ RunTime:0.000858s ]
INFO: [ app_begin ] --START--
INFO: Run Behavior\ReadHtmlCacheBehavior [ RunTime:0.001346s ]
INFO: [ app_begin ] --END-- [ RunTime:0.001519s ]

[ 2017-02-23T21:48:02+08:00 ] ::1 /xiaoxing/index.php/Index/sendMail
INFO: [ app_init ] --START--
INFO: Run Behavior\BuildLiteBehavior [ RunTime:0.000033s ]
INFO: [ app_init ] --END-- [ RunTime:0.000965s ]
INFO: [ app_begin ] --START--
INFO: Run Behavior\ReadHtmlCacheBehavior [ RunTime:0.002101s ]
INFO: [ app_begin ] --END-- [ RunTime:0.002336s ]

[ 2017-02-23T21:53:12+08:00 ] ::1 /xiaoxing/
INFO: [ app_init ] --START--
INFO: Run Behavior\BuildLiteBehavior [ RunTime:0.000035s ]
INFO: [ app_init ] --END-- [ RunTime:0.001095s ]
INFO: [ app_begin ] --START--
INFO: Run Behavior\ReadHtmlCacheBehavior [ RunTime:0.001714s ]
INFO: [ app_begin ] --END-- [ RunTime:0.001893s ]
INFO: [ view_parse ] --START--
INFO: [ template_filter ] --START--
INFO: Run Behavior\ContentReplaceBehavior [ RunTime:0.000244s ]
INFO: [ template_filter ] --END-- [ RunTime:0.000387s ]
INFO: Run Behavior\ParseTemplateBehavior [ RunTime:0.024612s ]
INFO: [ view_parse ] --END-- [ RunTime:0.024765s ]
INFO: [ view_filter ] --START--
INFO: Run Behavior\WriteHtmlCacheBehavior [ RunTime:0.001016s ]
INFO: [ view_filter ] --END-- [ RunTime:0.001157s ]
INFO: [ app_end ] --START--
INFO: Run Behavior\ShowPageTraceBehavior [ RunTime:0.003855s ]
INFO: [ app_end ] --END-- [ RunTime:0.004034s ]

[ 2017-02-23T21:53:18+08:00 ] ::1 /xiaoxing/index.php/Index/position.html
INFO: [ app_init ] --START--
INFO: Run Behavior\BuildLiteBehavior [ RunTime:0.000052s ]
INFO: [ app_init ] --END-- [ RunTime:0.001471s ]
INFO: [ app_begin ] --START--
INFO: Run Behavior\ReadHtmlCacheBehavior [ RunTime:0.001575s ]
INFO: [ app_begin ] --END-- [ RunTime:0.001746s ]
SQL: SHOW COLUMNS FROM `position` [ RunTime:0.0415s ]
SQL: SELECT * FROM `position`  [ RunTime:0.0009s ]
INFO: [ view_parse ] --START--
INFO: [ template_filter ] --START--
INFO: Run Behavior\ContentReplaceBehavior [ RunTime:0.000207s ]
INFO: [ template_filter ] --END-- [ RunTime:0.000447s ]
NOTIC: [8] Undefined index: bettery G:\amp\xampp\htdocs\xiaoxing\Application\Runtime\Cache\Home\f01bf442bdedeff04ffee32ca80d7042.php 第 90 行.
NOTIC: [8] Undefined index: bettery G:\amp\xampp\htdocs\xiaoxing\Application\Runtime\Cache\Home\f01bf442bdedeff04ffee32ca80d7042.php 第 90 行.
NOTIC: [8] Undefined index: bettery G:\amp\xampp\htdocs\xiaoxing\Application\Runtime\Cache\Home\f01bf442bdedeff04ffee32ca80d7042.php 第 90 行.
NOTIC: [8] Undefined index: bettery G:\amp\xampp\htdocs\xiaoxing\Application\Runtime\Cache\Home\f01bf442bdedeff04ffee32ca80d7042.php 第 90 行.
NOTIC: [8] Undefined index: bettery G:\amp\xampp\htdocs\xiaoxing\Application\Runtime\Cache\Home\f01bf442bdedeff04ffee32ca80d7042.php 第 90 行.
NOTIC: [8] Undefined index: bettery G:\amp\xampp\htdocs\xiaoxing\Application\Runtime\Cache\Home\f01bf442bdedeff04ffee32ca80d7042.php 第 90 行.
NOTIC: [8] Undefined index: bettery G:\amp\xampp\htdocs\xiaoxing\Application\Runtime\Cache\Home\f01bf442bdedeff04ffee32ca80d7042.php 第 90 行.
NOTIC: [8] Undefined index: bettery G:\amp\xampp\htdocs\xiaoxing\Application\Runtime\Cache\Home\f01bf442bdedeff04ffee32ca80d7042.php 第 90 行.
INFO: Run Behavior\ParseTemplateBehavior [ RunTime:0.019428s ]
INFO: [ view_parse ] --END-- [ RunTime:0.019588s ]
INFO: [ view_filter ] --START--
INFO: Run Behavior\WriteHtmlCacheBehavior [ RunTime:0.001060s ]
INFO: [ view_filter ] --END-- [ RunTime:0.001178s ]
INFO: [ app_end ] --START--
INFO: Run Behavior\ShowPageTraceBehavior [ RunTime:0.001605s ]
INFO: [ app_end ] --END-- [ RunTime:0.001764s ]

[ 2017-02-23T21:53:23+08:00 ] ::1 /xiaoxing/index.php/Index/sendMail
INFO: [ app_init ] --START--
INFO: Run Behavior\BuildLiteBehavior [ RunTime:0.000032s ]
INFO: [ app_init ] --END-- [ RunTime:0.000824s ]
INFO: [ app_begin ] --START--
INFO: Run Behavior\ReadHtmlCacheBehavior [ RunTime:0.001355s ]
INFO: [ app_begin ] --END-- [ RunTime:0.001512s ]
NOTIC: [2] require_once(email.class.php): failed to open stream: No such file or directory G:\amp\xampp\htdocs\xiaoxing\Application\Home\Controller\IndexController.class.php 第 10 行.

[ 2017-02-23T21:58:00+08:00 ] ::1 /xiaoxing/index.php/Index/sendMail
INFO: [ app_init ] --START--
INFO: Run Behavior\BuildLiteBehavior [ RunTime:0.000039s ]
INFO: [ app_init ] --END-- [ RunTime:0.001236s ]
INFO: [ app_begin ] --START--
INFO: Run Behavior\ReadHtmlCacheBehavior [ RunTime:0.001856s ]
INFO: [ app_begin ] --END-- [ RunTime:0.002052s ]
NOTIC: [2] require_once(email.class.php): failed to open stream: No such file or directory G:\amp\xampp\htdocs\xiaoxing\Application\Home\Controller\IndexController.class.php 第 10 行.

[ 2017-02-23T21:58:01+08:00 ] ::1 /xiaoxing/index.php/Index/sendMail
INFO: [ app_init ] --START--
INFO: Run Behavior\BuildLiteBehavior [ RunTime:0.000034s ]
INFO: [ app_init ] --END-- [ RunTime:0.000952s ]
INFO: [ app_begin ] --START--
INFO: Run Behavior\ReadHtmlCacheBehavior [ RunTime:0.001198s ]
INFO: [ app_begin ] --END-- [ RunTime:0.001359s ]
NOTIC: [2] require_once(email.class.php): failed to open stream: No such file or directory G:\amp\xampp\htdocs\xiaoxing\Application\Home\Controller\IndexController.class.php 第 10 行.

[ 2017-02-23T21:58:02+08:00 ] ::1 /xiaoxing/index.php/Index/sendMail
INFO: [ app_init ] --START--
INFO: Run Behavior\BuildLiteBehavior [ RunTime:0.000033s ]
INFO: [ app_init ] --END-- [ RunTime:0.000857s ]
INFO: [ app_begin ] --START--
INFO: Run Behavior\ReadHtmlCacheBehavior [ RunTime:0.001425s ]
INFO: [ app_begin ] --END-- [ RunTime:0.001693s ]
NOTIC: [2] require_once(email.class.php): failed to open stream: No such file or directory G:\amp\xampp\htdocs\xiaoxing\Application\Home\Controller\IndexController.class.php 第 10 行.

[ 2017-02-23T21:58:02+08:00 ] ::1 /xiaoxing/index.php/Index/sendMail
INFO: [ app_init ] --START--
INFO: Run Behavior\BuildLiteBehavior [ RunTime:0.000334s ]
INFO: [ app_init ] --END-- [ RunTime:0.002285s ]
INFO: [ app_begin ] --START--
INFO: Run Behavior\ReadHtmlCacheBehavior [ RunTime:0.001209s ]
INFO: [ app_begin ] --END-- [ RunTime:0.001374s ]
NOTIC: [2] require_once(email.class.php): failed to open stream: No such file or directory G:\amp\xampp\htdocs\xiaoxing\Application\Home\Controller\IndexController.class.php 第 10 行.

[ 2017-02-23T21:58:02+08:00 ] ::1 /xiaoxing/index.php/Index/sendMail
INFO: [ app_init ] --START--
INFO: Run Behavior\BuildLiteBehavior [ RunTime:0.000032s ]
INFO: [ app_init ] --END-- [ RunTime:0.000923s ]
INFO: [ app_begin ] --START--
INFO: Run Behavior\ReadHtmlCacheBehavior [ RunTime:0.001253s ]
INFO: [ app_begin ] --END-- [ RunTime:0.001494s ]
NOTIC: [2] require_once(email.class.php): failed to open stream: No such file or directory G:\amp\xampp\htdocs\xiaoxing\Application\Home\Controller\IndexController.class.php 第 10 行.

[ 2017-02-23T21:58:03+08:00 ] ::1 /xiaoxing/index.php/Index/sendMail
INFO: [ app_init ] --START--
INFO: Run Behavior\BuildLiteBehavior [ RunTime:0.000042s ]
INFO: [ app_init ] --END-- [ RunTime:0.001135s ]
INFO: [ app_begin ] --START--
INFO: Run Behavior\ReadHtmlCacheBehavior [ RunTime:0.001356s ]
INFO: [ app_begin ] --END-- [ RunTime:0.001522s ]
NOTIC: [2] require_once(email.class.php): failed to open stream: No such file or directory G:\amp\xampp\htdocs\xiaoxing\Application\Home\Controller\IndexController.class.php 第 10 行.

[ 2017-02-23T21:58:03+08:00 ] ::1 /xiaoxing/index.php/Index/sendMail
INFO: [ app_init ] --START--
INFO: Run Behavior\BuildLiteBehavior [ RunTime:0.000039s ]
INFO: [ app_init ] --END-- [ RunTime:0.001376s ]
INFO: [ app_begin ] --START--
INFO: Run Behavior\ReadHtmlCacheBehavior [ RunTime:0.001199s ]
INFO: [ app_begin ] --END-- [ RunTime:0.001360s ]
NOTIC: [2] require_once(email.class.php): failed to open stream: No such file or directory G:\amp\xampp\htdocs\xiaoxing\Application\Home\Controller\IndexController.class.php 第 10 行.

[ 2017-02-23T21:58:03+08:00 ] ::1 /xiaoxing/index.php/Index/sendMail
INFO: [ app_init ] --START--
INFO: Run Behavior\BuildLiteBehavior [ RunTime:0.000036s ]
INFO: [ app_init ] --END-- [ RunTime:0.001028s ]
INFO: [ app_begin ] --START--
INFO: Run Behavior\ReadHtmlCacheBehavior [ RunTime:0.001500s ]
INFO: [ app_begin ] --END-- [ RunTime:0.001722s ]
NOTIC: [2] require_once(email.class.php): failed to open stream: No such file or directory G:\amp\xampp\htdocs\xiaoxing\Application\Home\Controller\IndexController.class.php 第 10 行.

[ 2017-02-23T21:58:03+08:00 ] ::1 /xiaoxing/index.php/Index/sendMail
INFO: [ app_init ] --START--
INFO: Run Behavior\BuildLiteBehavior [ RunTime:0.000062s ]
INFO: [ app_init ] --END-- [ RunTime:0.001224s ]
INFO: [ app_begin ] --START--
INFO: Run Behavior\ReadHtmlCacheBehavior [ RunTime:0.002010s ]
INFO: [ app_begin ] --END-- [ RunTime:0.002265s ]
NOTIC: [2] require_once(email.class.php): failed to open stream: No such file or directory G:\amp\xampp\htdocs\xiaoxing\Application\Home\Controller\IndexController.class.php 第 10 行.

[ 2017-02-23T21:58:03+08:00 ] ::1 /xiaoxing/index.php/Index/sendMail
INFO: [ app_init ] --START--
INFO: Run Behavior\BuildLiteBehavior [ RunTime:0.000041s ]
INFO: [ app_init ] --END-- [ RunTime:0.001037s ]
INFO: [ app_begin ] --START--
INFO: Run Behavior\ReadHtmlCacheBehavior [ RunTime:0.001373s ]
INFO: [ app_begin ] --END-- [ RunTime:0.001544s ]
NOTIC: [2] require_once(email.class.php): failed to open stream: No such file or directory G:\amp\xampp\htdocs\xiaoxing\Application\Home\Controller\IndexController.class.php 第 10 行.

[ 2017-02-23T22:04:49+08:00 ] ::1 /xiaoxing/index.php/Index/sendMail
INFO: [ app_init ] --START--
INFO: Run Behavior\BuildLiteBehavior [ RunTime:0.000038s ]
INFO: [ app_init ] --END-- [ RunTime:0.001297s ]
INFO: [ app_begin ] --START--
INFO: Run Behavior\ReadHtmlCacheBehavior [ RunTime:0.001520s ]
INFO: [ app_begin ] --END-- [ RunTime:0.001726s ]

[ 2017-02-23T22:05:10+08:00 ] ::1 /xiaoxing/index.php/Index/sendMail
INFO: [ app_init ] --START--
INFO: Run Behavior\BuildLiteBehavior [ RunTime:0.000042s ]
INFO: [ app_init ] --END-- [ RunTime:0.001470s ]
INFO: [ app_begin ] --START--
INFO: Run Behavior\ReadHtmlCacheBehavior [ RunTime:0.001296s ]
INFO: [ app_begin ] --END-- [ RunTime:0.001437s ]

[ 2017-02-23T22:07:07+08:00 ] ::1 /xiaoxing/index.php/Index/sendMail
INFO: [ app_init ] --START--
INFO: Run Behavior\BuildLiteBehavior [ RunTime:0.000038s ]
INFO: [ app_init ] --END-- [ RunTime:0.000996s ]
INFO: [ app_begin ] --START--
INFO: Run Behavior\ReadHtmlCacheBehavior [ RunTime:0.001056s ]
INFO: [ app_begin ] --END-- [ RunTime:0.001193s ]
NOTIC: [8] Use of undefined constant webname - assumed 'webname' G:\amp\xampp\htdocs\xiaoxing\Application\Home\Controller\class.mail.php 第 292 行.
NOTIC: [8] Use of undefined constant webname - assumed 'webname' G:\amp\xampp\htdocs\xiaoxing\Application\Home\Controller\class.mail.php 第 298 行.
NOTIC: [8] Use of undefined constant name - assumed 'name' G:\amp\xampp\htdocs\xiaoxing\Application\Home\Controller\class.mail.php 第 305 行.
INFO: [ app_end ] --START--
INFO: Run Behavior\ShowPageTraceBehavior [ RunTime:0.001606s ]
INFO: [ app_end ] --END-- [ RunTime:0.001723s ]

[ 2017-02-23T22:09:51+08:00 ] ::1 /xiaoxing/index.php/Index/sendMail
INFO: [ app_init ] --START--
INFO: Run Behavior\BuildLiteBehavior [ RunTime:0.000033s ]
INFO: [ app_init ] --END-- [ RunTime:0.001116s ]
INFO: [ app_begin ] --START--
INFO: Run Behavior\ReadHtmlCacheBehavior [ RunTime:0.002130s ]
INFO: [ app_begin ] --END-- [ RunTime:0.002333s ]
NOTIC: [8] Use of undefined constant webname - assumed 'webname' G:\amp\xampp\htdocs\xiaoxing\Application\Home\Controller\class.mail.php 第 292 行.
NOTIC: [8] Use of undefined constant webname - assumed 'webname' G:\amp\xampp\htdocs\xiaoxing\Application\Home\Controller\class.mail.php 第 298 行.
NOTIC: [8] Use of undefined constant name - assumed 'name' G:\amp\xampp\htdocs\xiaoxing\Application\Home\Controller\class.mail.php 第 305 行.
INFO: [ app_end ] --START--
INFO: Run Behavior\ShowPageTraceBehavior [ RunTime:0.001194s ]
INFO: [ app_end ] --END-- [ RunTime:0.001306s ]

[ 2017-02-23T22:09:55+08:00 ] ::1 /xiaoxing/index.php/Index/sendMail
INFO: [ app_init ] --START--
INFO: Run Behavior\BuildLiteBehavior [ RunTime:0.000033s ]
INFO: [ app_init ] --END-- [ RunTime:0.000836s ]
INFO: [ app_begin ] --START--
INFO: Run Behavior\ReadHtmlCacheBehavior [ RunTime:0.001314s ]
INFO: [ app_begin ] --END-- [ RunTime:0.001485s ]
NOTIC: [8] Use of undefined constant webname - assumed 'webname' G:\amp\xampp\htdocs\xiaoxing\Application\Home\Controller\class.mail.php 第 292 行.
NOTIC: [8] Use of undefined constant webname - assumed 'webname' G:\amp\xampp\htdocs\xiaoxing\Application\Home\Controller\class.mail.php 第 298 行.
NOTIC: [8] Use of undefined constant name - assumed 'name' G:\amp\xampp\htdocs\xiaoxing\Application\Home\Controller\class.mail.php 第 305 行.
INFO: [ app_end ] --START--
INFO: Run Behavior\ShowPageTraceBehavior [ RunTime:0.001099s ]
INFO: [ app_end ] --END-- [ RunTime:0.001312s ]

[ 2017-02-23T22:29:08+08:00 ] ::1 /xiaoxing/index.php/Index/sendMail
INFO: [ app_init ] --START--
INFO: Run Behavior\BuildLiteBehavior [ RunTime:0.000025s ]
INFO: [ app_init ] --END-- [ RunTime:0.000744s ]
INFO: [ app_begin ] --START--
INFO: Run Behavior\ReadHtmlCacheBehavior [ RunTime:0.001092s ]
INFO: [ app_begin ] --END-- [ RunTime:0.001191s ]
NOTIC: [8] Use of undefined constant webname - assumed 'webname' G:\amp\xampp\htdocs\xiaoxing\Application\Home\Controller\class.mail.php 第 292 行.
NOTIC: [8] Use of undefined constant webname - assumed 'webname' G:\amp\xampp\htdocs\xiaoxing\Application\Home\Controller\class.mail.php 第 298 行.
NOTIC: [8] Use of undefined constant name - assumed 'name' G:\amp\xampp\htdocs\xiaoxing\Application\Home\Controller\class.mail.php 第 305 行.
INFO: [ app_end ] --START--
INFO: Run Behavior\ShowPageTraceBehavior [ RunTime:0.001078s ]
INFO: [ app_end ] --END-- [ RunTime:0.001179s ]

[ 2017-02-23T22:29:10+08:00 ] ::1 /xiaoxing/index.php/Index/sendMail
INFO: [ app_init ] --START--
INFO: Run Behavior\BuildLiteBehavior [ RunTime:0.000032s ]
INFO: [ app_init ] --END-- [ RunTime:0.000956s ]
INFO: [ app_begin ] --START--
INFO: Run Behavior\ReadHtmlCacheBehavior [ RunTime:0.001270s ]
INFO: [ app_begin ] --END-- [ RunTime:0.001421s ]
NOTIC: [8] Use of undefined constant webname - assumed 'webname' G:\amp\xampp\htdocs\xiaoxing\Application\Home\Controller\class.mail.php 第 292 行.
NOTIC: [8] Use of undefined constant webname - assumed 'webname' G:\amp\xampp\htdocs\xiaoxing\Application\Home\Controller\class.mail.php 第 298 行.
NOTIC: [8] Use of undefined constant name - assumed 'name' G:\amp\xampp\htdocs\xiaoxing\Application\Home\Controller\class.mail.php 第 305 行.
INFO: [ app_end ] --START--
INFO: Run Behavior\ShowPageTraceBehavior [ RunTime:0.001034s ]
INFO: [ app_end ] --END-- [ RunTime:0.001147s ]

[ 2017-02-23T22:42:33+08:00 ] ::1 /xiaoxing/
INFO: [ app_init ] --START--
INFO: Run Behavior\BuildLiteBehavior [ RunTime:0.000025s ]
INFO: [ app_init ] --END-- [ RunTime:0.000676s ]
INFO: [ app_begin ] --START--
INFO: Run Behavior\ReadHtmlCacheBehavior [ RunTime:0.001031s ]
INFO: [ app_begin ] --END-- [ RunTime:0.001136s ]
INFO: [ view_parse ] --START--
INFO: [ template_filter ] --START--
INFO: Run Behavior\ContentReplaceBehavior [ RunTime:0.000245s ]
INFO: [ template_filter ] --END-- [ RunTime:0.000371s ]
INFO: Run Behavior\ParseTemplateBehavior [ RunTime:0.024151s ]
INFO: [ view_parse ] --END-- [ RunTime:0.024335s ]
INFO: [ view_filter ] --START--
INFO: Run Behavior\WriteHtmlCacheBehavior [ RunTime:0.000967s ]
INFO: [ view_filter ] --END-- [ RunTime:0.001069s ]
INFO: [ app_end ] --START--
INFO: Run Behavior\ShowPageTraceBehavior [ RunTime:0.001526s ]
INFO: [ app_end ] --END-- [ RunTime:0.001663s ]

[ 2017-02-23T23:01:36+08:00 ] ::1 /xiaoxing/
INFO: [ app_init ] --START--
INFO: Run Behavior\BuildLiteBehavior [ RunTime:0.000076s ]
INFO: [ app_init ] --END-- [ RunTime:0.001689s ]
INFO: [ app_begin ] --START--
INFO: Run Behavior\ReadHtmlCacheBehavior [ RunTime:0.001555s ]
INFO: [ app_begin ] --END-- [ RunTime:0.001704s ]
INFO: [ view_parse ] --START--
INFO: [ template_filter ] --START--
INFO: Run Behavior\ContentReplaceBehavior [ RunTime:0.000242s ]
INFO: [ template_filter ] --END-- [ RunTime:0.000366s ]
INFO: Run Behavior\ParseTemplateBehavior [ RunTime:0.026305s ]
INFO: [ view_parse ] --END-- [ RunTime:0.026450s ]
INFO: [ view_filter ] --START--
INFO: Run Behavior\WriteHtmlCacheBehavior [ RunTime:0.001066s ]
INFO: [ view_filter ] --END-- [ RunTime:0.001186s ]
INFO: [ app_end ] --START--
INFO: Run Behavior\ShowPageTraceBehavior [ RunTime:0.001880s ]
INFO: [ app_end ] --END-- [ RunTime:0.002029s ]

[ 2017-02-23T23:01:37+08:00 ] ::1 /xiaoxing/
INFO: [ app_init ] --START--
INFO: Run Behavior\BuildLiteBehavior [ RunTime:0.000057s ]
INFO: [ app_init ] --END-- [ RunTime:0.001152s ]
INFO: [ app_begin ] --START--
INFO: Run Behavior\ReadHtmlCacheBehavior [ RunTime:0.001565s ]
INFO: [ app_begin ] --END-- [ RunTime:0.001724s ]
INFO: [ view_parse ] --START--
INFO: [ template_filter ] --START--
INFO: Run Behavior\ContentReplaceBehavior [ RunTime:0.000230s ]
INFO: [ template_filter ] --END-- [ RunTime:0.000357s ]
INFO: Run Behavior\ParseTemplateBehavior [ RunTime:0.023520s ]
INFO: [ view_parse ] --END-- [ RunTime:0.023653s ]
INFO: [ view_filter ] --START--
INFO: Run Behavior\WriteHtmlCacheBehavior [ RunTime:0.000681s ]
INFO: [ view_filter ] --END-- [ RunTime:0.000766s ]
INFO: [ app_end ] --START--
INFO: Run Behavior\ShowPageTraceBehavior [ RunTime:0.001548s ]
INFO: [ app_end ] --END-- [ RunTime:0.001713s ]

[ 2017-02-23T23:01:40+08:00 ] ::1 /xiaoxing/index.php/Index/position.html
INFO: [ app_init ] --START--
INFO: Run Behavior\BuildLiteBehavior [ RunTime:0.000030s ]
INFO: [ app_init ] --END-- [ RunTime:0.001147s ]
INFO: [ app_begin ] --START--
INFO: Run Behavior\ReadHtmlCacheBehavior [ RunTime:0.001092s ]
INFO: [ app_begin ] --END-- [ RunTime:0.001216s ]
SQL: SHOW COLUMNS FROM `position` [ RunTime:0.0063s ]
SQL: SELECT * FROM `position`  [ RunTime:0.0009s ]
INFO: [ view_parse ] --START--
INFO: [ template_filter ] --START--
INFO: Run Behavior\ContentReplaceBehavior [ RunTime:0.000130s ]
INFO: [ template_filter ] --END-- [ RunTime:0.000251s ]
NOTIC: [8] Undefined index: bettery G:\amp\xampp\htdocs\xiaoxing\Application\Runtime\Cache\Home\f01bf442bdedeff04ffee32ca80d7042.php 第 90 行.
NOTIC: [8] Undefined index: bettery G:\amp\xampp\htdocs\xiaoxing\Application\Runtime\Cache\Home\f01bf442bdedeff04ffee32ca80d7042.php 第 90 行.
NOTIC: [8] Undefined index: bettery G:\amp\xampp\htdocs\xiaoxing\Application\Runtime\Cache\Home\f01bf442bdedeff04ffee32ca80d7042.php 第 90 行.
NOTIC: [8] Undefined index: bettery G:\amp\xampp\htdocs\xiaoxing\Application\Runtime\Cache\Home\f01bf442bdedeff04ffee32ca80d7042.php 第 90 行.
NOTIC: [8] Undefined index: bettery G:\amp\xampp\htdocs\xiaoxing\Application\Runtime\Cache\Home\f01bf442bdedeff04ffee32ca80d7042.php 第 90 行.
NOTIC: [8] Undefined index: bettery G:\amp\xampp\htdocs\xiaoxing\Application\Runtime\Cache\Home\f01bf442bdedeff04ffee32ca80d7042.php 第 90 行.
NOTIC: [8] Undefined index: bettery G:\amp\xampp\htdocs\xiaoxing\Application\Runtime\Cache\Home\f01bf442bdedeff04ffee32ca80d7042.php 第 90 行.
NOTIC: [8] Undefined index: bettery G:\amp\xampp\htdocs\xiaoxing\Application\Runtime\Cache\Home\f01bf442bdedeff04ffee32ca80d7042.php 第 90 行.
INFO: Run Behavior\ParseTemplateBehavior [ RunTime:0.017646s ]
INFO: [ view_parse ] --END-- [ RunTime:0.017774s ]
INFO: [ view_filter ] --START--
INFO: Run Behavior\WriteHtmlCacheBehavior [ RunTime:0.000619s ]
INFO: [ view_filter ] --END-- [ RunTime:0.000726s ]
INFO: [ app_end ] --START--
INFO: Run Behavior\ShowPageTraceBehavior [ RunTime:0.001129s ]
INFO: [ app_end ] --END-- [ RunTime:0.001245s ]

[ 2017-02-23T23:01:41+08:00 ] ::1 /xiaoxing/index.php/Index/Public/Image/favicon.ico
INFO: [ app_init ] --START--
INFO: Run Behavior\BuildLiteBehavior [ RunTime:0.000035s ]
INFO: [ app_init ] --END-- [ RunTime:0.000912s ]

[ 2017-02-23T23:01:49+08:00 ] ::1 /xiaoxing/index.php/Index/phpmail
INFO: [ app_init ] --START--
INFO: Run Behavior\BuildLiteBehavior [ RunTime:0.000032s ]
INFO: [ app_init ] --END-- [ RunTime:0.001017s ]
INFO: [ app_begin ] --START--
INFO: Run Behavior\ReadHtmlCacheBehavior [ RunTime:0.001604s ]
INFO: [ app_begin ] --END-- [ RunTime:0.001770s ]
ERR: 非法操作:phpmail

[ 2017-02-23T23:06:37+08:00 ] ::1 /xiaoxing/index.php/SendMail
INFO: [ app_init ] --START--
INFO: Run Behavior\BuildLiteBehavior [ RunTime:0.000033s ]
INFO: [ app_init ] --END-- [ RunTime:0.001013s ]
INFO: [ app_begin ] --START--
INFO: Run Behavior\ReadHtmlCacheBehavior [ RunTime:0.001855s ]
INFO: [ app_begin ] --END-- [ RunTime:0.002016s ]
ERR: 无法加载控制器:SendMail

[ 2017-02-23T23:07:04+08:00 ] ::1 /xiaoxing/index.php/SendMail
INFO: [ app_init ] --START--
INFO: Run Behavior\BuildLiteBehavior [ RunTime:0.000025s ]
INFO: [ app_init ] --END-- [ RunTime:0.000652s ]
INFO: [ app_begin ] --START--
INFO: Run Behavior\ReadHtmlCacheBehavior [ RunTime:0.001183s ]
INFO: [ app_begin ] --END-- [ RunTime:0.001313s ]

[ 2017-02-23T23:07:52+08:00 ] ::1 /xiaoxing/index.php/SendMail
INFO: [ app_init ] --START--
INFO: Run Behavior\BuildLiteBehavior [ RunTime:0.000031s ]
INFO: [ app_init ] --END-- [ RunTime:0.000779s ]
INFO: [ app_begin ] --START--
INFO: Run Behavior\ReadHtmlCacheBehavior [ RunTime:0.001224s ]
INFO: [ app_begin ] --END-- [ RunTime:0.001420s ]

[ 2017-02-23T23:07:54+08:00 ] ::1 /xiaoxing/index.php/SendMail
INFO: [ app_init ] --START--
INFO: Run Behavior\BuildLiteBehavior [ RunTime:0.000028s ]
INFO: [ app_init ] --END-- [ RunTime:0.000556s ]
INFO: [ app_begin ] --START--
INFO: Run Behavior\ReadHtmlCacheBehavior [ RunTime:0.000990s ]
INFO: [ app_begin ] --END-- [ RunTime:0.001135s ]

