[ 2017-02-25T18:34:04+08:00 ] ::1 /xiaoxing/
INFO: [ app_init ] --START--
INFO: Run Behavior\BuildLiteBehavior [ RunTime:0.000029s ]
INFO: [ app_init ] --END-- [ RunTime:0.022304s ]
INFO: [ app_begin ] --START--
INFO: Run Behavior\ReadHtmlCacheBehavior [ RunTime:0.001621s ]
INFO: [ app_begin ] --END-- [ RunTime:0.001738s ]
INFO: [ view_parse ] --START--
INFO: [ template_filter ] --START--
INFO: Run Behavior\ContentReplaceBehavior [ RunTime:0.001119s ]
INFO: [ template_filter ] --END-- [ RunTime:0.001234s ]
INFO: Run Behavior\ParseTemplateBehavior [ RunTime:0.252650s ]
INFO: [ view_parse ] --END-- [ RunTime:0.252783s ]
INFO: [ view_filter ] --START--
INFO: Run Behavior\WriteHtmlCacheBehavior [ RunTime:0.013462s ]
INFO: [ view_filter ] --END-- [ RunTime:0.013578s ]
INFO: [ app_end ] --START--
INFO: Run Behavior\ShowPageTraceBehavior [ RunTime:0.072200s ]
INFO: [ app_end ] --END-- [ RunTime:0.072406s ]

[ 2017-02-25T18:34:13+08:00 ] ::1 /xiaoxing/index.php/Index/regist.html
INFO: [ app_init ] --START--
INFO: Run Behavior\BuildLiteBehavior [ RunTime:0.000033s ]
INFO: [ app_init ] --END-- [ RunTime:0.000806s ]
INFO: [ app_begin ] --START--
INFO: Run Behavior\ReadHtmlCacheBehavior [ RunTime:0.001191s ]
INFO: [ app_begin ] --END-- [ RunTime:0.001306s ]
INFO: [ view_parse ] --START--
INFO: [ template_filter ] --START--
INFO: Run Behavior\ContentReplaceBehavior [ RunTime:0.000082s ]
INFO: [ template_filter ] --END-- [ RunTime:0.000189s ]
INFO: Run Behavior\ParseTemplateBehavior [ RunTime:0.020535s ]
INFO: [ view_parse ] --END-- [ RunTime:0.020675s ]
INFO: [ view_filter ] --START--
INFO: Run Behavior\WriteHtmlCacheBehavior [ RunTime:0.000977s ]
INFO: [ view_filter ] --END-- [ RunTime:0.001076s ]
INFO: [ app_end ] --START--
INFO: Run Behavior\ShowPageTraceBehavior [ RunTime:0.001089s ]
INFO: [ app_end ] --END-- [ RunTime:0.001184s ]

[ 2017-02-25T19:08:02+08:00 ] ::1 /xiaoxing/index.php
INFO: [ app_init ] --START--
INFO: Run Behavior\BuildLiteBehavior [ RunTime:0.000030s ]
INFO: [ app_init ] --END-- [ RunTime:0.001048s ]
INFO: [ app_begin ] --START--
INFO: Run Behavior\ReadHtmlCacheBehavior [ RunTime:0.001492s ]
INFO: [ app_begin ] --END-- [ RunTime:0.001647s ]
INFO: [ view_parse ] --START--
INFO: [ template_filter ] --START--
INFO: Run Behavior\ContentReplaceBehavior [ RunTime:0.000199s ]
INFO: [ template_filter ] --END-- [ RunTime:0.000301s ]
INFO: Run Behavior\ParseTemplateBehavior [ RunTime:0.019459s ]
INFO: [ view_parse ] --END-- [ RunTime:0.019569s ]
INFO: [ view_filter ] --START--
INFO: Run Behavior\WriteHtmlCacheBehavior [ RunTime:0.000646s ]
INFO: [ view_filter ] --END-- [ RunTime:0.000713s ]
INFO: [ app_end ] --START--
INFO: Run Behavior\ShowPageTraceBehavior [ RunTime:0.001224s ]
INFO: [ app_end ] --END-- [ RunTime:0.001335s ]

[ 2017-02-25T19:08:09+08:00 ] ::1 /xiaoxing/index.php/Index
INFO: [ app_init ] --START--
INFO: Run Behavior\BuildLiteBehavior [ RunTime:0.000039s ]
INFO: [ app_init ] --END-- [ RunTime:0.001630s ]
INFO: [ app_begin ] --START--
INFO: Run Behavior\ReadHtmlCacheBehavior [ RunTime:0.001632s ]
INFO: [ app_begin ] --END-- [ RunTime:0.001799s ]
INFO: [ view_parse ] --START--
INFO: [ template_filter ] --START--
INFO: Run Behavior\ContentReplaceBehavior [ RunTime:0.000222s ]
INFO: [ template_filter ] --END-- [ RunTime:0.000343s ]
INFO: Run Behavior\ParseTemplateBehavior [ RunTime:0.052376s ]
INFO: [ view_parse ] --END-- [ RunTime:0.052494s ]
INFO: [ view_filter ] --START--
INFO: Run Behavior\WriteHtmlCacheBehavior [ RunTime:0.000622s ]
INFO: [ view_filter ] --END-- [ RunTime:0.000689s ]
INFO: [ app_end ] --START--
INFO: Run Behavior\ShowPageTraceBehavior [ RunTime:0.001488s ]
INFO: [ app_end ] --END-- [ RunTime:0.001603s ]

[ 2017-02-25T19:08:09+08:00 ] ::1 /xiaoxing/index.php/Public/Css/bootstrap.min.css
INFO: [ app_init ] --START--
INFO: Run Behavior\BuildLiteBehavior [ RunTime:0.000026s ]
INFO: [ app_init ] --END-- [ RunTime:0.000622s ]
INFO: [ app_begin ] --START--
INFO: Run Behavior\ReadHtmlCacheBehavior [ RunTime:0.000810s ]
INFO: [ app_begin ] --END-- [ RunTime:0.000908s ]
ERR: 无法加载控制器:Public

[ 2017-02-25T19:08:09+08:00 ] ::1 /xiaoxing/index.php/Public/Js/jquery.js
INFO: [ app_init ] --START--
INFO: Run Behavior\BuildLiteBehavior [ RunTime:0.000029s ]
INFO: [ app_init ] --END-- [ RunTime:0.000866s ]
INFO: [ app_begin ] --START--
INFO: Run Behavior\ReadHtmlCacheBehavior [ RunTime:0.001628s ]
INFO: [ app_begin ] --END-- [ RunTime:0.001787s ]
ERR: 无法加载控制器:Public

[ 2017-02-25T19:08:09+08:00 ] ::1 /xiaoxing/index.php/Public/Js/HomeJs/ie-emulation-modes-warning.js
INFO: [ app_init ] --START--
INFO: Run Behavior\BuildLiteBehavior [ RunTime:0.000026s ]
INFO: [ app_init ] --END-- [ RunTime:0.000597s ]
INFO: [ app_begin ] --START--
INFO: Run Behavior\ReadHtmlCacheBehavior [ RunTime:0.000855s ]
INFO: [ app_begin ] --END-- [ RunTime:0.001014s ]
ERR: 无法加载控制器:Public

[ 2017-02-25T19:08:09+08:00 ] ::1 /xiaoxing/index.php/Public/Css/HomeCss/index.css
INFO: [ app_init ] --START--
INFO: Run Behavior\BuildLiteBehavior [ RunTime:0.000024s ]
INFO: [ app_init ] --END-- [ RunTime:0.000728s ]
INFO: [ app_begin ] --START--
INFO: Run Behavior\ReadHtmlCacheBehavior [ RunTime:0.001114s ]
INFO: [ app_begin ] --END-- [ RunTime:0.001205s ]
ERR: 无法加载控制器:Public

[ 2017-02-25T19:08:09+08:00 ] ::1 /xiaoxing/index.php/Public/Js/HomeJs/index.js
INFO: [ app_init ] --START--
INFO: Run Behavior\BuildLiteBehavior [ RunTime:0.000025s ]
INFO: [ app_init ] --END-- [ RunTime:0.000723s ]
INFO: [ app_begin ] --START--
INFO: Run Behavior\ReadHtmlCacheBehavior [ RunTime:0.001116s ]
INFO: [ app_begin ] --END-- [ RunTime:0.001220s ]
ERR: 无法加载控制器:Public

[ 2017-02-25T19:08:09+08:00 ] ::1 /xiaoxing/index.php/Public/Css/HomeCss/loginin.css
INFO: [ app_init ] --START--
INFO: Run Behavior\BuildLiteBehavior [ RunTime:0.000041s ]
INFO: [ app_init ] --END-- [ RunTime:0.001293s ]
INFO: [ app_begin ] --START--
INFO: Run Behavior\ReadHtmlCacheBehavior [ RunTime:0.001111s ]
INFO: [ app_begin ] --END-- [ RunTime:0.001215s ]
ERR: 无法加载控制器:Public

[ 2017-02-25T19:08:09+08:00 ] ::1 /xiaoxing/index.php/Public/Js/bootstrap.min.js
INFO: [ app_init ] --START--
INFO: Run Behavior\BuildLiteBehavior [ RunTime:0.000030s ]
INFO: [ app_init ] --END-- [ RunTime:0.000723s ]
INFO: [ app_begin ] --START--
INFO: Run Behavior\ReadHtmlCacheBehavior [ RunTime:0.000938s ]
INFO: [ app_begin ] --END-- [ RunTime:0.001071s ]
ERR: 无法加载控制器:Public

[ 2017-02-25T19:08:09+08:00 ] ::1 /xiaoxing/index.php/Public/Js/HomeJs/index.js
INFO: [ app_init ] --START--
INFO: Run Behavior\BuildLiteBehavior [ RunTime:0.000027s ]
INFO: [ app_init ] --END-- [ RunTime:0.000720s ]
INFO: [ app_begin ] --START--
INFO: Run Behavior\ReadHtmlCacheBehavior [ RunTime:0.001948s ]
INFO: [ app_begin ] --END-- [ RunTime:0.002124s ]
ERR: 无法加载控制器:Public

[ 2017-02-25T19:08:09+08:00 ] ::1 /xiaoxing/index.php/Public/Js/HomeJs/ie10-viewport-bug-workaround.js
INFO: [ app_init ] --START--
INFO: Run Behavior\BuildLiteBehavior [ RunTime:0.000024s ]
INFO: [ app_init ] --END-- [ RunTime:0.000573s ]
INFO: [ app_begin ] --START--
INFO: Run Behavior\ReadHtmlCacheBehavior [ RunTime:0.000839s ]
INFO: [ app_begin ] --END-- [ RunTime:0.000954s ]
ERR: 无法加载控制器:Public

[ 2017-02-25T19:08:09+08:00 ] ::1 /xiaoxing/index.php/Public/Js/HomeJs/ie-emulation-modes-warning.js
INFO: [ app_init ] --START--
INFO: Run Behavior\BuildLiteBehavior [ RunTime:0.000026s ]
INFO: [ app_init ] --END-- [ RunTime:0.000662s ]
INFO: [ app_begin ] --START--
INFO: Run Behavior\ReadHtmlCacheBehavior [ RunTime:0.001175s ]
INFO: [ app_begin ] --END-- [ RunTime:0.001327s ]
ERR: 无法加载控制器:Public

[ 2017-02-25T19:08:09+08:00 ] ::1 /xiaoxing/index.php/Public/Image/gun2.png
INFO: [ app_init ] --START--
INFO: Run Behavior\BuildLiteBehavior [ RunTime:0.000028s ]
INFO: [ app_init ] --END-- [ RunTime:0.000670s ]

[ 2017-02-25T19:08:10+08:00 ] ::1 /xiaoxing/index.php/Public/Image/gun1.png
INFO: [ app_init ] --START--
INFO: Run Behavior\BuildLiteBehavior [ RunTime:0.000032s ]
INFO: [ app_init ] --END-- [ RunTime:0.000604s ]

[ 2017-02-25T19:08:10+08:00 ] ::1 /xiaoxing/index.php/Public/Image/jiemian2.png
INFO: [ app_init ] --START--
INFO: Run Behavior\BuildLiteBehavior [ RunTime:0.000029s ]
INFO: [ app_init ] --END-- [ RunTime:0.000615s ]

[ 2017-02-25T19:08:10+08:00 ] ::1 /xiaoxing/index.php/Public/Image/jiemian1.png
INFO: [ app_init ] --START--
INFO: Run Behavior\BuildLiteBehavior [ RunTime:0.000025s ]
INFO: [ app_init ] --END-- [ RunTime:0.000597s ]

[ 2017-02-25T19:08:10+08:00 ] ::1 /xiaoxing/index.php/Public/Image/gun3.png
INFO: [ app_init ] --START--
INFO: Run Behavior\BuildLiteBehavior [ RunTime:0.000024s ]
INFO: [ app_init ] --END-- [ RunTime:0.000591s ]

[ 2017-02-25T19:08:10+08:00 ] ::1 /xiaoxing/index.php/Public/Image/gun_1.svg
INFO: [ app_init ] --START--
INFO: Run Behavior\BuildLiteBehavior [ RunTime:0.000029s ]
INFO: [ app_init ] --END-- [ RunTime:0.000970s ]
INFO: [ app_begin ] --START--
INFO: Run Behavior\ReadHtmlCacheBehavior [ RunTime:0.000839s ]
INFO: [ app_begin ] --END-- [ RunTime:0.000957s ]
ERR: 无法加载控制器:Public

[ 2017-02-25T19:08:10+08:00 ] ::1 /xiaoxing/index.php/Public/Image/jiemian3.png
INFO: [ app_init ] --START--
INFO: Run Behavior\BuildLiteBehavior [ RunTime:0.000032s ]
INFO: [ app_init ] --END-- [ RunTime:0.001043s ]

[ 2017-02-25T19:08:10+08:00 ] ::1 /xiaoxing/index.php/Public/Image/jiemian4.png
INFO: [ app_init ] --START--
INFO: Run Behavior\BuildLiteBehavior [ RunTime:0.000030s ]
INFO: [ app_init ] --END-- [ RunTime:0.003712s ]

[ 2017-02-25T19:08:10+08:00 ] ::1 /xiaoxing/index.php/Public/Image/jiemian5.png
INFO: [ app_init ] --START--
INFO: Run Behavior\BuildLiteBehavior [ RunTime:0.000030s ]
INFO: [ app_init ] --END-- [ RunTime:0.000756s ]

[ 2017-02-25T19:08:10+08:00 ] ::1 /xiaoxing/index.php/Public/Js/bootstrap.min.js
INFO: [ app_init ] --START--
INFO: Run Behavior\BuildLiteBehavior [ RunTime:0.000029s ]
INFO: [ app_init ] --END-- [ RunTime:0.000684s ]
INFO: [ app_begin ] --START--
INFO: Run Behavior\ReadHtmlCacheBehavior [ RunTime:0.000882s ]
INFO: [ app_begin ] --END-- [ RunTime:0.000986s ]
ERR: 无法加载控制器:Public

[ 2017-02-25T19:08:10+08:00 ] ::1 /xiaoxing/index.php/Public/Js/HomeJs/ie10-viewport-bug-workaround.js
INFO: [ app_init ] --START--
INFO: Run Behavior\BuildLiteBehavior [ RunTime:0.000024s ]
INFO: [ app_init ] --END-- [ RunTime:0.000586s ]
INFO: [ app_begin ] --START--
INFO: Run Behavior\ReadHtmlCacheBehavior [ RunTime:0.000746s ]
INFO: [ app_begin ] --END-- [ RunTime:0.000837s ]
ERR: 无法加载控制器:Public

[ 2017-02-25T19:08:10+08:00 ] ::1 /xiaoxing/index.php/Public/Image/logo.png
INFO: [ app_init ] --START--
INFO: Run Behavior\BuildLiteBehavior [ RunTime:0.000024s ]
INFO: [ app_init ] --END-- [ RunTime:0.000584s ]

[ 2017-02-25T19:08:26+08:00 ] ::1 /xiaoxing/index.php/Index/in
INFO: [ app_init ] --START--
INFO: Run Behavior\BuildLiteBehavior [ RunTime:0.000027s ]
INFO: [ app_init ] --END-- [ RunTime:0.000659s ]
INFO: [ app_begin ] --START--
INFO: Run Behavior\ReadHtmlCacheBehavior [ RunTime:0.000896s ]
INFO: [ app_begin ] --END-- [ RunTime:0.001024s ]
ERR: 非法操作:in

[ 2017-02-25T19:08:32+08:00 ] ::1 /xiaoxing/index.php/Index/index
INFO: [ app_init ] --START--
INFO: Run Behavior\BuildLiteBehavior [ RunTime:0.000027s ]
INFO: [ app_init ] --END-- [ RunTime:0.000705s ]
INFO: [ app_begin ] --START--
INFO: Run Behavior\ReadHtmlCacheBehavior [ RunTime:0.000764s ]
INFO: [ app_begin ] --END-- [ RunTime:0.000874s ]
INFO: [ view_parse ] --START--
INFO: [ template_filter ] --START--
INFO: Run Behavior\ContentReplaceBehavior [ RunTime:0.000192s ]
INFO: [ template_filter ] --END-- [ RunTime:0.000298s ]
INFO: Run Behavior\ParseTemplateBehavior [ RunTime:0.017923s ]
INFO: [ view_parse ] --END-- [ RunTime:0.018036s ]
INFO: [ view_filter ] --START--
INFO: Run Behavior\WriteHtmlCacheBehavior [ RunTime:0.000917s ]
INFO: [ view_filter ] --END-- [ RunTime:0.001018s ]
INFO: [ app_end ] --START--
INFO: Run Behavior\ShowPageTraceBehavior [ RunTime:0.001341s ]
INFO: [ app_end ] --END-- [ RunTime:0.001459s ]

[ 2017-02-25T19:08:32+08:00 ] ::1 /xiaoxing/index.php/Index/Public/Css/bootstrap.min.css
INFO: [ app_init ] --START--
INFO: Run Behavior\BuildLiteBehavior [ RunTime:0.000031s ]
INFO: [ app_init ] --END-- [ RunTime:0.000648s ]
INFO: [ app_begin ] --START--
INFO: Run Behavior\ReadHtmlCacheBehavior [ RunTime:0.001115s ]
INFO: [ app_begin ] --END-- [ RunTime:0.001261s ]
ERR: 非法操作:Public

[ 2017-02-25T19:08:32+08:00 ] ::1 /xiaoxing/index.php/Index/Public/Css/HomeCss/loginin.css
INFO: [ app_init ] --START--
INFO: Run Behavior\BuildLiteBehavior [ RunTime:0.000028s ]
INFO: [ app_init ] --END-- [ RunTime:0.000599s ]
INFO: [ app_begin ] --START--
INFO: Run Behavior\ReadHtmlCacheBehavior [ RunTime:0.000753s ]
INFO: [ app_begin ] --END-- [ RunTime:0.000866s ]
ERR: 非法操作:Public

[ 2017-02-25T19:08:32+08:00 ] ::1 /xiaoxing/index.php/Index/Public/Css/HomeCss/index.css
INFO: [ app_init ] --START--
INFO: Run Behavior\BuildLiteBehavior [ RunTime:0.000024s ]
INFO: [ app_init ] --END-- [ RunTime:0.000571s ]
INFO: [ app_begin ] --START--
INFO: Run Behavior\ReadHtmlCacheBehavior [ RunTime:0.000761s ]
INFO: [ app_begin ] --END-- [ RunTime:0.000867s ]
ERR: 非法操作:Public

[ 2017-02-25T19:08:32+08:00 ] ::1 /xiaoxing/index.php/Index/Public/Js/jquery.js
INFO: [ app_init ] --START--
INFO: Run Behavior\BuildLiteBehavior [ RunTime:0.000032s ]
INFO: [ app_init ] --END-- [ RunTime:0.001280s ]
INFO: [ app_begin ] --START--
INFO: Run Behavior\ReadHtmlCacheBehavior [ RunTime:0.000794s ]
INFO: [ app_begin ] --END-- [ RunTime:0.000951s ]
ERR: 非法操作:Public

[ 2017-02-25T19:08:32+08:00 ] ::1 /xiaoxing/index.php/Index/Public/Js/HomeJs/index.js
INFO: [ app_init ] --START--
INFO: Run Behavior\BuildLiteBehavior [ RunTime:0.000030s ]
INFO: [ app_init ] --END-- [ RunTime:0.000717s ]
INFO: [ app_begin ] --START--
INFO: Run Behavior\ReadHtmlCacheBehavior [ RunTime:0.000768s ]
INFO: [ app_begin ] --END-- [ RunTime:0.000889s ]
ERR: 非法操作:Public

[ 2017-02-25T19:08:32+08:00 ] ::1 /xiaoxing/index.php/Index/Public/Js/HomeJs/ie-emulation-modes-warning.js
INFO: [ app_init ] --START--
INFO: Run Behavior\BuildLiteBehavior [ RunTime:0.000030s ]
INFO: [ app_init ] --END-- [ RunTime:0.000622s ]
INFO: [ app_begin ] --START--
INFO: Run Behavior\ReadHtmlCacheBehavior [ RunTime:0.000918s ]
INFO: [ app_begin ] --END-- [ RunTime:0.001056s ]
ERR: 非法操作:Public

[ 2017-02-25T19:08:32+08:00 ] ::1 /xiaoxing/index.php/Index/Public/Js/bootstrap.min.js
INFO: [ app_init ] --START--
INFO: Run Behavior\BuildLiteBehavior [ RunTime:0.000036s ]
INFO: [ app_init ] --END-- [ RunTime:0.001101s ]
INFO: [ app_begin ] --START--
INFO: Run Behavior\ReadHtmlCacheBehavior [ RunTime:0.001454s ]
INFO: [ app_begin ] --END-- [ RunTime:0.001616s ]
ERR: 非法操作:Public

[ 2017-02-25T19:08:32+08:00 ] ::1 /xiaoxing/index.php/Index/Public/Image/gun1.png
INFO: [ app_init ] --START--
INFO: Run Behavior\BuildLiteBehavior [ RunTime:0.000020s ]
INFO: [ app_init ] --END-- [ RunTime:0.000541s ]

[ 2017-02-25T19:08:32+08:00 ] ::1 /xiaoxing/index.php/Index/Public/Image/gun3.png
INFO: [ app_init ] --START--
INFO: Run Behavior\BuildLiteBehavior [ RunTime:0.000023s ]
INFO: [ app_init ] --END-- [ RunTime:0.000602s ]

[ 2017-02-25T19:08:32+08:00 ] ::1 /xiaoxing/index.php/Index/Public/Image/gun_1.svg
INFO: [ app_init ] --START--
INFO: Run Behavior\BuildLiteBehavior [ RunTime:0.000025s ]
INFO: [ app_init ] --END-- [ RunTime:0.000601s ]
INFO: [ app_begin ] --START--
INFO: Run Behavior\ReadHtmlCacheBehavior [ RunTime:0.000774s ]
INFO: [ app_begin ] --END-- [ RunTime:0.000875s ]
ERR: 非法操作:Public

[ 2017-02-25T19:08:32+08:00 ] ::1 /xiaoxing/index.php/Index/Public/Image/jiemian1.png
INFO: [ app_init ] --START--
INFO: Run Behavior\BuildLiteBehavior [ RunTime:0.000031s ]
INFO: [ app_init ] --END-- [ RunTime:0.001253s ]

[ 2017-02-25T19:08:32+08:00 ] ::1 /xiaoxing/index.php/Index/Public/Js/HomeJs/ie10-viewport-bug-workaround.js
INFO: [ app_init ] --START--
INFO: Run Behavior\BuildLiteBehavior [ RunTime:0.000024s ]
INFO: [ app_init ] --END-- [ RunTime:0.000546s ]
INFO: [ app_begin ] --START--
INFO: Run Behavior\ReadHtmlCacheBehavior [ RunTime:0.001280s ]
INFO: [ app_begin ] --END-- [ RunTime:0.001532s ]
ERR: 非法操作:Public

[ 2017-02-25T19:08:32+08:00 ] ::1 /xiaoxing/index.php/Index/Public/Image/gun2.png
INFO: [ app_init ] --START--
INFO: Run Behavior\BuildLiteBehavior [ RunTime:0.000052s ]
INFO: [ app_init ] --END-- [ RunTime:0.001637s ]

[ 2017-02-25T19:08:32+08:00 ] ::1 /xiaoxing/index.php/Index/Public/Image/jiemian2.png
INFO: [ app_init ] --START--
INFO: Run Behavior\BuildLiteBehavior [ RunTime:0.000051s ]
INFO: [ app_init ] --END-- [ RunTime:0.001426s ]

[ 2017-02-25T19:08:32+08:00 ] ::1 /xiaoxing/index.php/Index/Public/Image/jiemian3.png
INFO: [ app_init ] --START--
INFO: Run Behavior\BuildLiteBehavior [ RunTime:0.000027s ]
INFO: [ app_init ] --END-- [ RunTime:0.000591s ]

[ 2017-02-25T19:08:32+08:00 ] ::1 /xiaoxing/index.php/Index/Public/Image/jiemian5.png
INFO: [ app_init ] --START--
INFO: Run Behavior\BuildLiteBehavior [ RunTime:0.000029s ]
INFO: [ app_init ] --END-- [ RunTime:0.000683s ]

[ 2017-02-25T19:08:32+08:00 ] ::1 /xiaoxing/index.php/Index/Public/Image/jiemian4.png
INFO: [ app_init ] --START--
INFO: Run Behavior\BuildLiteBehavior [ RunTime:0.000033s ]
INFO: [ app_init ] --END-- [ RunTime:0.000869s ]

[ 2017-02-25T19:08:32+08:00 ] ::1 /xiaoxing/index.php/Index/Public/Image/logo.png
INFO: [ app_init ] --START--
INFO: Run Behavior\BuildLiteBehavior [ RunTime:0.000023s ]
INFO: [ app_init ] --END-- [ RunTime:0.000559s ]

[ 2017-02-25T19:08:39+08:00 ] ::1 /xiaoxing/index.php/Index/position
INFO: [ app_init ] --START--
INFO: Run Behavior\BuildLiteBehavior [ RunTime:0.000027s ]
INFO: [ app_init ] --END-- [ RunTime:0.000655s ]
INFO: [ app_begin ] --START--
INFO: Run Behavior\ReadHtmlCacheBehavior [ RunTime:0.000787s ]
INFO: [ app_begin ] --END-- [ RunTime:0.000887s ]
SQL: SHOW COLUMNS FROM `position` [ RunTime:0.0058s ]
SQL: SELECT * FROM `position`  [ RunTime:0.0011s ]
INFO: [ view_parse ] --START--
INFO: [ template_filter ] --START--
INFO: Run Behavior\ContentReplaceBehavior [ RunTime:0.000129s ]
INFO: [ template_filter ] --END-- [ RunTime:0.000236s ]
NOTIC: [8] Undefined index: bettery G:\amp\xampp\htdocs\xiaoxing\Application\Runtime\Cache\Home\f01bf442bdedeff04ffee32ca80d7042.php 第 90 行.
NOTIC: [8] Undefined index: bettery G:\amp\xampp\htdocs\xiaoxing\Application\Runtime\Cache\Home\f01bf442bdedeff04ffee32ca80d7042.php 第 90 行.
NOTIC: [8] Undefined index: bettery G:\amp\xampp\htdocs\xiaoxing\Application\Runtime\Cache\Home\f01bf442bdedeff04ffee32ca80d7042.php 第 90 行.
NOTIC: [8] Undefined index: bettery G:\amp\xampp\htdocs\xiaoxing\Application\Runtime\Cache\Home\f01bf442bdedeff04ffee32ca80d7042.php 第 90 行.
NOTIC: [8] Undefined index: bettery G:\amp\xampp\htdocs\xiaoxing\Application\Runtime\Cache\Home\f01bf442bdedeff04ffee32ca80d7042.php 第 90 行.
NOTIC: [8] Undefined index: bettery G:\amp\xampp\htdocs\xiaoxing\Application\Runtime\Cache\Home\f01bf442bdedeff04ffee32ca80d7042.php 第 90 行.
NOTIC: [8] Undefined index: bettery G:\amp\xampp\htdocs\xiaoxing\Application\Runtime\Cache\Home\f01bf442bdedeff04ffee32ca80d7042.php 第 90 行.
NOTIC: [8] Undefined index: bettery G:\amp\xampp\htdocs\xiaoxing\Application\Runtime\Cache\Home\f01bf442bdedeff04ffee32ca80d7042.php 第 90 行.
INFO: Run Behavior\ParseTemplateBehavior [ RunTime:0.100879s ]
INFO: [ view_parse ] --END-- [ RunTime:0.101020s ]
INFO: [ view_filter ] --START--
INFO: Run Behavior\WriteHtmlCacheBehavior [ RunTime:0.000442s ]
INFO: [ view_filter ] --END-- [ RunTime:0.000513s ]
INFO: [ app_end ] --START--
INFO: Run Behavior\ShowPageTraceBehavior [ RunTime:0.000715s ]
INFO: [ app_end ] --END-- [ RunTime:0.000793s ]

[ 2017-02-25T19:08:40+08:00 ] ::1 /xiaoxing/index.php/Index/Public/Image/favicon.ico
INFO: [ app_init ] --START--
INFO: Run Behavior\BuildLiteBehavior [ RunTime:0.000036s ]
INFO: [ app_init ] --END-- [ RunTime:0.001019s ]

[ 2017-02-25T19:09:06+08:00 ] ::1 /xiaoxing/index.php/SendMail/index
INFO: [ app_init ] --START--
INFO: Run Behavior\BuildLiteBehavior [ RunTime:0.000024s ]
INFO: [ app_init ] --END-- [ RunTime:0.000561s ]
INFO: [ app_begin ] --START--
INFO: Run Behavior\ReadHtmlCacheBehavior [ RunTime:0.000716s ]
INFO: [ app_begin ] --END-- [ RunTime:0.000802s ]

[ 2017-02-25T19:12:22+08:00 ] ::1 /xiaoxing/index.php/SendMail/index
INFO: [ app_init ] --START--
INFO: Run Behavior\BuildLiteBehavior [ RunTime:0.000034s ]
INFO: [ app_init ] --END-- [ RunTime:0.000735s ]
INFO: [ app_begin ] --START--
INFO: Run Behavior\ReadHtmlCacheBehavior [ RunTime:0.001181s ]
INFO: [ app_begin ] --END-- [ RunTime:0.001289s ]

[ 2017-02-25T19:12:23+08:00 ] ::1 /xiaoxing/index.php/SendMail/index
INFO: [ app_init ] --START--
INFO: Run Behavior\BuildLiteBehavior [ RunTime:0.000026s ]
INFO: [ app_init ] --END-- [ RunTime:0.000633s ]
INFO: [ app_begin ] --START--
INFO: Run Behavior\ReadHtmlCacheBehavior [ RunTime:0.001252s ]
INFO: [ app_begin ] --END-- [ RunTime:0.001427s ]

[ 2017-02-25T19:12:24+08:00 ] ::1 /xiaoxing/index.php/SendMail/index
INFO: [ app_init ] --START--
INFO: Run Behavior\BuildLiteBehavior [ RunTime:0.000030s ]
INFO: [ app_init ] --END-- [ RunTime:0.000804s ]
INFO: [ app_begin ] --START--
INFO: Run Behavior\ReadHtmlCacheBehavior [ RunTime:0.000812s ]
INFO: [ app_begin ] --END-- [ RunTime:0.000916s ]

[ 2017-02-25T19:12:24+08:00 ] ::1 /xiaoxing/index.php/SendMail/index
INFO: [ app_init ] --START--
INFO: Run Behavior\BuildLiteBehavior [ RunTime:0.000027s ]
INFO: [ app_init ] --END-- [ RunTime:0.000645s ]
INFO: [ app_begin ] --START--
INFO: Run Behavior\ReadHtmlCacheBehavior [ RunTime:0.000792s ]
INFO: [ app_begin ] --END-- [ RunTime:0.000892s ]

[ 2017-02-25T19:12:25+08:00 ] ::1 /xiaoxing/index.php/SendMail/index
INFO: [ app_init ] --START--
INFO: Run Behavior\BuildLiteBehavior [ RunTime:0.000030s ]
INFO: [ app_init ] --END-- [ RunTime:0.000789s ]
INFO: [ app_begin ] --START--
INFO: Run Behavior\ReadHtmlCacheBehavior [ RunTime:0.001035s ]
INFO: [ app_begin ] --END-- [ RunTime:0.001169s ]

[ 2017-02-25T19:12:29+08:00 ] ::1 /xiaoxing/index.php/SendMail/index
INFO: [ app_init ] --START--
INFO: Run Behavior\BuildLiteBehavior [ RunTime:0.000025s ]
INFO: [ app_init ] --END-- [ RunTime:0.000630s ]
INFO: [ app_begin ] --START--
INFO: Run Behavior\ReadHtmlCacheBehavior [ RunTime:0.000725s ]
INFO: [ app_begin ] --END-- [ RunTime:0.000815s ]

[ 2017-02-25T19:27:32+08:00 ] ::1 /xiaoxing/index.php/SendMail/sendMail
INFO: [ app_init ] --START--
INFO: Run Behavior\BuildLiteBehavior [ RunTime:0.000030s ]
INFO: [ app_init ] --END-- [ RunTime:0.000924s ]
INFO: [ app_begin ] --START--
INFO: Run Behavior\ReadHtmlCacheBehavior [ RunTime:0.001079s ]
INFO: [ app_begin ] --END-- [ RunTime:0.001174s ]
ERR: 非法操作:sendMail

[ 2017-02-25T19:27:37+08:00 ] ::1 /xiaoxing/index.php/SendMail/sendMail1
INFO: [ app_init ] --START--
INFO: Run Behavior\BuildLiteBehavior [ RunTime:0.000030s ]
INFO: [ app_init ] --END-- [ RunTime:0.000701s ]
INFO: [ app_begin ] --START--
INFO: Run Behavior\ReadHtmlCacheBehavior [ RunTime:0.000763s ]
INFO: [ app_begin ] --END-- [ RunTime:0.000854s ]
NOTIC: [8] Use of undefined constant usermail - assumed 'usermail' G:\amp\xampp\htdocs\xiaoxing\Application\Home\Controller\SendMailController.class.php 第 15 行.
NOTIC: [8] Undefined index: usermail G:\amp\xampp\htdocs\xiaoxing\Application\Home\Controller\SendMailController.class.php 第 15 行.
NOTIC: [8] Use of undefined constant username - assumed 'username' G:\amp\xampp\htdocs\xiaoxing\Application\Home\Controller\SendMailController.class.php 第 16 行.
NOTIC: [8] Undefined index: username G:\amp\xampp\htdocs\xiaoxing\Application\Home\Controller\SendMailController.class.php 第 16 行.
NOTIC: [2] require_once(class.phpmailer.php): failed to open stream: No such file or directory G:\amp\xampp\htdocs\xiaoxing\Application\Home\Controller\SendMailController.class.php 第 21 行.

[ 2017-02-25T19:28:36+08:00 ] ::1 /xiaoxing/index.php/SendMail/sendMail1
INFO: [ app_init ] --START--
INFO: Run Behavior\BuildLiteBehavior [ RunTime:0.000036s ]
INFO: [ app_init ] --END-- [ RunTime:0.001084s ]
INFO: [ app_begin ] --START--
INFO: Run Behavior\ReadHtmlCacheBehavior [ RunTime:0.002030s ]
INFO: [ app_begin ] --END-- [ RunTime:0.002277s ]
NOTIC: [8] Use of undefined constant usermail - assumed 'usermail' G:\amp\xampp\htdocs\xiaoxing\Application\Home\Controller\SendMailController.class.php 第 15 行.
NOTIC: [8] Undefined index: usermail G:\amp\xampp\htdocs\xiaoxing\Application\Home\Controller\SendMailController.class.php 第 15 行.
NOTIC: [8] Use of undefined constant username - assumed 'username' G:\amp\xampp\htdocs\xiaoxing\Application\Home\Controller\SendMailController.class.php 第 16 行.
NOTIC: [8] Undefined index: username G:\amp\xampp\htdocs\xiaoxing\Application\Home\Controller\SendMailController.class.php 第 16 行.
NOTIC: [2] require_once(class.smtp.php): failed to open stream: No such file or directory G:\amp\xampp\htdocs\xiaoxing\Application\Home\Controller\SendMailController.class.php 第 22 行.

[ 2017-02-25T19:28:51+08:00 ] ::1 /xiaoxing/index.php/SendMail/sendMail1
INFO: [ app_init ] --START--
INFO: Run Behavior\BuildLiteBehavior [ RunTime:0.000031s ]
INFO: [ app_init ] --END-- [ RunTime:0.000722s ]
INFO: [ app_begin ] --START--
INFO: Run Behavior\ReadHtmlCacheBehavior [ RunTime:0.000870s ]
INFO: [ app_begin ] --END-- [ RunTime:0.000975s ]
NOTIC: [8] Use of undefined constant usermail - assumed 'usermail' G:\amp\xampp\htdocs\xiaoxing\Application\Home\Controller\SendMailController.class.php 第 15 行.
NOTIC: [8] Undefined index: usermail G:\amp\xampp\htdocs\xiaoxing\Application\Home\Controller\SendMailController.class.php 第 15 行.
NOTIC: [8] Use of undefined constant username - assumed 'username' G:\amp\xampp\htdocs\xiaoxing\Application\Home\Controller\SendMailController.class.php 第 16 行.
NOTIC: [8] Undefined index: username G:\amp\xampp\htdocs\xiaoxing\Application\Home\Controller\SendMailController.class.php 第 16 行.

[ 2017-02-25T19:38:19+08:00 ] ::1 /xiaoxing/index.php/SendMail/sendMail1
INFO: [ app_init ] --START--
INFO: Run Behavior\BuildLiteBehavior [ RunTime:0.000040s ]
INFO: [ app_init ] --END-- [ RunTime:0.001344s ]
INFO: [ app_begin ] --START--
INFO: Run Behavior\ReadHtmlCacheBehavior [ RunTime:0.001406s ]
INFO: [ app_begin ] --END-- [ RunTime:0.001544s ]
NOTIC: [8] Use of undefined constant usermail - assumed 'usermail' G:\amp\xampp\htdocs\xiaoxing\Application\Home\Controller\SendMailController.class.php 第 15 行.
NOTIC: [8] Undefined index: usermail G:\amp\xampp\htdocs\xiaoxing\Application\Home\Controller\SendMailController.class.php 第 15 行.
NOTIC: [8] Use of undefined constant username - assumed 'username' G:\amp\xampp\htdocs\xiaoxing\Application\Home\Controller\SendMailController.class.php 第 16 行.
NOTIC: [8] Undefined index: username G:\amp\xampp\htdocs\xiaoxing\Application\Home\Controller\SendMailController.class.php 第 16 行.

[ 2017-02-25T19:39:26+08:00 ] ::1 /xiaoxing/index.php/SendMail/sendMail1
INFO: [ app_init ] --START--
INFO: Run Behavior\BuildLiteBehavior [ RunTime:0.000030s ]
INFO: [ app_init ] --END-- [ RunTime:0.000740s ]
INFO: [ app_begin ] --START--
INFO: Run Behavior\ReadHtmlCacheBehavior [ RunTime:0.000876s ]
INFO: [ app_begin ] --END-- [ RunTime:0.000982s ]
NOTIC: [8] Use of undefined constant usermail - assumed 'usermail' G:\amp\xampp\htdocs\xiaoxing\Application\Home\Controller\SendMailController.class.php 第 15 行.
NOTIC: [8] Undefined index: usermail G:\amp\xampp\htdocs\xiaoxing\Application\Home\Controller\SendMailController.class.php 第 15 行.
NOTIC: [8] Use of undefined constant username - assumed 'username' G:\amp\xampp\htdocs\xiaoxing\Application\Home\Controller\SendMailController.class.php 第 16 行.
NOTIC: [8] Undefined index: username G:\amp\xampp\htdocs\xiaoxing\Application\Home\Controller\SendMailController.class.php 第 16 行.

[ 2017-02-25T19:39:29+08:00 ] ::1 /xiaoxing/index.php/SendMail/sendMail1
INFO: [ app_init ] --START--
INFO: Run Behavior\BuildLiteBehavior [ RunTime:0.000064s ]
INFO: [ app_init ] --END-- [ RunTime:0.001228s ]
INFO: [ app_begin ] --START--
INFO: Run Behavior\ReadHtmlCacheBehavior [ RunTime:0.001061s ]
INFO: [ app_begin ] --END-- [ RunTime:0.001200s ]
NOTIC: [8] Use of undefined constant usermail - assumed 'usermail' G:\amp\xampp\htdocs\xiaoxing\Application\Home\Controller\SendMailController.class.php 第 15 行.
NOTIC: [8] Undefined index: usermail G:\amp\xampp\htdocs\xiaoxing\Application\Home\Controller\SendMailController.class.php 第 15 行.
NOTIC: [8] Use of undefined constant username - assumed 'username' G:\amp\xampp\htdocs\xiaoxing\Application\Home\Controller\SendMailController.class.php 第 16 行.
NOTIC: [8] Undefined index: username G:\amp\xampp\htdocs\xiaoxing\Application\Home\Controller\SendMailController.class.php 第 16 行.

[ 2017-02-25T19:40:16+08:00 ] ::1 /xiaoxing/index.php/SendMail/sendMail1
INFO: [ app_init ] --START--
INFO: Run Behavior\BuildLiteBehavior [ RunTime:0.000026s ]
INFO: [ app_init ] --END-- [ RunTime:0.000753s ]
INFO: [ app_begin ] --START--
INFO: Run Behavior\ReadHtmlCacheBehavior [ RunTime:0.001281s ]
INFO: [ app_begin ] --END-- [ RunTime:0.001419s ]
NOTIC: [8] Use of undefined constant usermail - assumed 'usermail' G:\amp\xampp\htdocs\xiaoxing\Application\Home\Controller\SendMailController.class.php 第 15 行.
NOTIC: [8] Undefined index: usermail G:\amp\xampp\htdocs\xiaoxing\Application\Home\Controller\SendMailController.class.php 第 15 行.
NOTIC: [8] Use of undefined constant username - assumed 'username' G:\amp\xampp\htdocs\xiaoxing\Application\Home\Controller\SendMailController.class.php 第 16 行.
NOTIC: [8] Undefined index: username G:\amp\xampp\htdocs\xiaoxing\Application\Home\Controller\SendMailController.class.php 第 16 行.

[ 2017-02-25T19:41:57+08:00 ] ::1 /xiaoxing/index.php/SendMail/sendMail1
INFO: [ app_init ] --START--
INFO: Run Behavior\BuildLiteBehavior [ RunTime:0.000032s ]
INFO: [ app_init ] --END-- [ RunTime:0.000870s ]
INFO: [ app_begin ] --START--
INFO: Run Behavior\ReadHtmlCacheBehavior [ RunTime:0.001212s ]
INFO: [ app_begin ] --END-- [ RunTime:0.001374s ]
NOTIC: [8] Use of undefined constant usermail - assumed 'usermail' G:\amp\xampp\htdocs\xiaoxing\Application\Home\Controller\SendMailController.class.php 第 15 行.
NOTIC: [8] Undefined index: usermail G:\amp\xampp\htdocs\xiaoxing\Application\Home\Controller\SendMailController.class.php 第 15 行.
NOTIC: [8] Use of undefined constant username - assumed 'username' G:\amp\xampp\htdocs\xiaoxing\Application\Home\Controller\SendMailController.class.php 第 16 行.
NOTIC: [8] Undefined index: username G:\amp\xampp\htdocs\xiaoxing\Application\Home\Controller\SendMailController.class.php 第 16 行.
NOTIC: [2] require_once(G:\amp\xampp\htdocs\xiaoxing\Application\Home\Controller\phpmailer\class.phpmailer.php): failed to open stream: No such file or directory G:\amp\xampp\htdocs\xiaoxing\Application\Home\Controller\SendMailController.class.php 第 21 行.

[ 2017-02-25T19:42:35+08:00 ] ::1 /xiaoxing/index.php/SendMail/sendMail1
INFO: [ app_init ] --START--
INFO: Run Behavior\BuildLiteBehavior [ RunTime:0.000027s ]
INFO: [ app_init ] --END-- [ RunTime:0.000806s ]
INFO: [ app_begin ] --START--
INFO: Run Behavior\ReadHtmlCacheBehavior [ RunTime:0.001086s ]
INFO: [ app_begin ] --END-- [ RunTime:0.001187s ]
NOTIC: [8] Use of undefined constant usermail - assumed 'usermail' G:\amp\xampp\htdocs\xiaoxing\Application\Home\Controller\SendMailController.class.php 第 15 行.
NOTIC: [8] Undefined index: usermail G:\amp\xampp\htdocs\xiaoxing\Application\Home\Controller\SendMailController.class.php 第 15 行.
NOTIC: [8] Use of undefined constant username - assumed 'username' G:\amp\xampp\htdocs\xiaoxing\Application\Home\Controller\SendMailController.class.php 第 16 行.
NOTIC: [8] Undefined index: username G:\amp\xampp\htdocs\xiaoxing\Application\Home\Controller\SendMailController.class.php 第 16 行.
NOTIC: [2] require_once(Home/Common/phpmailer/class.phpmailer.php): failed to open stream: No such file or directory G:\amp\xampp\htdocs\xiaoxing\Application\Home\Controller\SendMailController.class.php 第 21 行.

[ 2017-02-25T19:43:21+08:00 ] ::1 /xiaoxing/index.php/SendMail/sendMail1
INFO: [ app_init ] --START--
INFO: Run Behavior\BuildLiteBehavior [ RunTime:0.000025s ]
INFO: [ app_init ] --END-- [ RunTime:0.000700s ]
INFO: [ app_begin ] --START--
INFO: Run Behavior\ReadHtmlCacheBehavior [ RunTime:0.001427s ]
INFO: [ app_begin ] --END-- [ RunTime:0.001572s ]
NOTIC: [8] Use of undefined constant usermail - assumed 'usermail' G:\amp\xampp\htdocs\xiaoxing\Application\Home\Controller\SendMailController.class.php 第 15 行.
NOTIC: [8] Undefined index: usermail G:\amp\xampp\htdocs\xiaoxing\Application\Home\Controller\SendMailController.class.php 第 15 行.
NOTIC: [8] Use of undefined constant username - assumed 'username' G:\amp\xampp\htdocs\xiaoxing\Application\Home\Controller\SendMailController.class.php 第 16 行.
NOTIC: [8] Undefined index: username G:\amp\xampp\htdocs\xiaoxing\Application\Home\Controller\SendMailController.class.php 第 16 行.
NOTIC: [2] require_once(Common/phpmailer/class.phpmailer.php): failed to open stream: No such file or directory G:\amp\xampp\htdocs\xiaoxing\Application\Home\Controller\SendMailController.class.php 第 21 行.

[ 2017-02-25T19:43:38+08:00 ] ::1 /xiaoxing/index.php/SendMail/sendMail1
INFO: [ app_init ] --START--
INFO: Run Behavior\BuildLiteBehavior [ RunTime:0.000033s ]
INFO: [ app_init ] --END-- [ RunTime:0.000976s ]
INFO: [ app_begin ] --START--
INFO: Run Behavior\ReadHtmlCacheBehavior [ RunTime:0.001062s ]
INFO: [ app_begin ] --END-- [ RunTime:0.001189s ]
NOTIC: [8] Use of undefined constant usermail - assumed 'usermail' G:\amp\xampp\htdocs\xiaoxing\Application\Home\Controller\SendMailController.class.php 第 15 行.
NOTIC: [8] Undefined index: usermail G:\amp\xampp\htdocs\xiaoxing\Application\Home\Controller\SendMailController.class.php 第 15 行.
NOTIC: [8] Use of undefined constant username - assumed 'username' G:\amp\xampp\htdocs\xiaoxing\Application\Home\Controller\SendMailController.class.php 第 16 行.
NOTIC: [8] Undefined index: username G:\amp\xampp\htdocs\xiaoxing\Application\Home\Controller\SendMailController.class.php 第 16 行.
NOTIC: [2] require_once(Common/phpmailer/class.phpmailer.php): failed to open stream: No such file or directory G:\amp\xampp\htdocs\xiaoxing\Application\Home\Controller\SendMailController.class.php 第 21 行.

[ 2017-02-25T19:43:42+08:00 ] ::1 /xiaoxing/index.php/SendMail/sendMail1
INFO: [ app_init ] --START--
INFO: Run Behavior\BuildLiteBehavior [ RunTime:0.000031s ]
INFO: [ app_init ] --END-- [ RunTime:0.000794s ]
INFO: [ app_begin ] --START--
INFO: Run Behavior\ReadHtmlCacheBehavior [ RunTime:0.000984s ]
INFO: [ app_begin ] --END-- [ RunTime:0.001121s ]
NOTIC: [8] Use of undefined constant usermail - assumed 'usermail' G:\amp\xampp\htdocs\xiaoxing\Application\Home\Controller\SendMailController.class.php 第 15 行.
NOTIC: [8] Undefined index: usermail G:\amp\xampp\htdocs\xiaoxing\Application\Home\Controller\SendMailController.class.php 第 15 行.
NOTIC: [8] Use of undefined constant username - assumed 'username' G:\amp\xampp\htdocs\xiaoxing\Application\Home\Controller\SendMailController.class.php 第 16 行.
NOTIC: [8] Undefined index: username G:\amp\xampp\htdocs\xiaoxing\Application\Home\Controller\SendMailController.class.php 第 16 行.
NOTIC: [2] require_once(Common/phpmailer/class.phpmailer.php): failed to open stream: No such file or directory G:\amp\xampp\htdocs\xiaoxing\Application\Home\Controller\SendMailController.class.php 第 21 行.

[ 2017-02-25T19:43:59+08:00 ] ::1 /xiaoxing/index.php/SendMail/sendMail1
INFO: [ app_init ] --START--
INFO: Run Behavior\BuildLiteBehavior [ RunTime:0.000039s ]
INFO: [ app_init ] --END-- [ RunTime:0.001028s ]
INFO: [ app_begin ] --START--
INFO: Run Behavior\ReadHtmlCacheBehavior [ RunTime:0.000828s ]
INFO: [ app_begin ] --END-- [ RunTime:0.000942s ]
NOTIC: [8] Use of undefined constant usermail - assumed 'usermail' G:\amp\xampp\htdocs\xiaoxing\Application\Home\Controller\SendMailController.class.php 第 15 行.
NOTIC: [8] Undefined index: usermail G:\amp\xampp\htdocs\xiaoxing\Application\Home\Controller\SendMailController.class.php 第 15 行.
NOTIC: [8] Use of undefined constant username - assumed 'username' G:\amp\xampp\htdocs\xiaoxing\Application\Home\Controller\SendMailController.class.php 第 16 行.
NOTIC: [8] Undefined index: username G:\amp\xampp\htdocs\xiaoxing\Application\Home\Controller\SendMailController.class.php 第 16 行.

[ 2017-02-25T19:45:17+08:00 ] ::1 /xiaoxing/index.php/SendMail/sendMail1
INFO: [ app_init ] --START--
INFO: Run Behavior\BuildLiteBehavior [ RunTime:0.000031s ]
INFO: [ app_init ] --END-- [ RunTime:0.000754s ]
INFO: [ app_begin ] --START--
INFO: Run Behavior\ReadHtmlCacheBehavior [ RunTime:0.001476s ]
INFO: [ app_begin ] --END-- [ RunTime:0.001661s ]
NOTIC: [8] Use of undefined constant usermail - assumed 'usermail' G:\amp\xampp\htdocs\xiaoxing\Application\Home\Controller\SendMailController.class.php 第 15 行.
NOTIC: [8] Undefined index: usermail G:\amp\xampp\htdocs\xiaoxing\Application\Home\Controller\SendMailController.class.php 第 15 行.
NOTIC: [8] Use of undefined constant username - assumed 'username' G:\amp\xampp\htdocs\xiaoxing\Application\Home\Controller\SendMailController.class.php 第 16 行.
NOTIC: [8] Undefined index: username G:\amp\xampp\htdocs\xiaoxing\Application\Home\Controller\SendMailController.class.php 第 16 行.

[ 2017-02-25T19:45:20+08:00 ] ::1 /xiaoxing/index.php/SendMail/sendMail1
INFO: [ app_init ] --START--
INFO: Run Behavior\BuildLiteBehavior [ RunTime:0.000026s ]
INFO: [ app_init ] --END-- [ RunTime:0.000615s ]
INFO: [ app_begin ] --START--
INFO: Run Behavior\ReadHtmlCacheBehavior [ RunTime:0.000729s ]
INFO: [ app_begin ] --END-- [ RunTime:0.000817s ]
NOTIC: [8] Use of undefined constant usermail - assumed 'usermail' G:\amp\xampp\htdocs\xiaoxing\Application\Home\Controller\SendMailController.class.php 第 15 行.
NOTIC: [8] Undefined index: usermail G:\amp\xampp\htdocs\xiaoxing\Application\Home\Controller\SendMailController.class.php 第 15 行.
NOTIC: [8] Use of undefined constant username - assumed 'username' G:\amp\xampp\htdocs\xiaoxing\Application\Home\Controller\SendMailController.class.php 第 16 行.
NOTIC: [8] Undefined index: username G:\amp\xampp\htdocs\xiaoxing\Application\Home\Controller\SendMailController.class.php 第 16 行.

[ 2017-02-25T19:45:48+08:00 ] ::1 /xiaoxing/index.php/SendMail/sendMail1
INFO: [ app_init ] --START--
INFO: Run Behavior\BuildLiteBehavior [ RunTime:0.000031s ]
INFO: [ app_init ] --END-- [ RunTime:0.000910s ]
INFO: [ app_begin ] --START--
INFO: Run Behavior\ReadHtmlCacheBehavior [ RunTime:0.002028s ]
INFO: [ app_begin ] --END-- [ RunTime:0.002249s ]
NOTIC: [8] Use of undefined constant usermail - assumed 'usermail' G:\amp\xampp\htdocs\xiaoxing\Application\Home\Controller\SendMailController.class.php 第 15 行.
NOTIC: [8] Undefined index: usermail G:\amp\xampp\htdocs\xiaoxing\Application\Home\Controller\SendMailController.class.php 第 15 行.
NOTIC: [8] Use of undefined constant username - assumed 'username' G:\amp\xampp\htdocs\xiaoxing\Application\Home\Controller\SendMailController.class.php 第 16 行.
NOTIC: [8] Undefined index: username G:\amp\xampp\htdocs\xiaoxing\Application\Home\Controller\SendMailController.class.php 第 16 行.

[ 2017-02-25T19:47:05+08:00 ] ::1 /xiaoxing/index.php/SendMail/sendMail1
INFO: [ app_init ] --START--
INFO: Run Behavior\BuildLiteBehavior [ RunTime:0.000031s ]
INFO: [ app_init ] --END-- [ RunTime:0.000712s ]
INFO: [ app_begin ] --START--
INFO: Run Behavior\ReadHtmlCacheBehavior [ RunTime:0.000920s ]
INFO: [ app_begin ] --END-- [ RunTime:0.001038s ]
NOTIC: [8] Use of undefined constant usermail - assumed 'usermail' G:\amp\xampp\htdocs\xiaoxing\Application\Home\Controller\SendMailController.class.php 第 15 行.
NOTIC: [8] Undefined index: usermail G:\amp\xampp\htdocs\xiaoxing\Application\Home\Controller\SendMailController.class.php 第 15 行.
NOTIC: [8] Use of undefined constant username - assumed 'username' G:\amp\xampp\htdocs\xiaoxing\Application\Home\Controller\SendMailController.class.php 第 16 行.
NOTIC: [8] Undefined index: username G:\amp\xampp\htdocs\xiaoxing\Application\Home\Controller\SendMailController.class.php 第 16 行.

[ 2017-02-25T19:47:45+08:00 ] ::1 /xiaoxing/index.php/SendMail/sendMail1
INFO: [ app_init ] --START--
INFO: Run Behavior\BuildLiteBehavior [ RunTime:0.000036s ]
INFO: [ app_init ] --END-- [ RunTime:0.001096s ]
INFO: [ app_begin ] --START--
INFO: Run Behavior\ReadHtmlCacheBehavior [ RunTime:0.001000s ]
INFO: [ app_begin ] --END-- [ RunTime:0.001146s ]
NOTIC: [8] Use of undefined constant usermail - assumed 'usermail' G:\amp\xampp\htdocs\xiaoxing\Application\Home\Controller\SendMailController.class.php 第 15 行.
NOTIC: [8] Undefined index: usermail G:\amp\xampp\htdocs\xiaoxing\Application\Home\Controller\SendMailController.class.php 第 15 行.
NOTIC: [8] Use of undefined constant username - assumed 'username' G:\amp\xampp\htdocs\xiaoxing\Application\Home\Controller\SendMailController.class.php 第 16 行.
NOTIC: [8] Undefined index: username G:\amp\xampp\htdocs\xiaoxing\Application\Home\Controller\SendMailController.class.php 第 16 行.

[ 2017-02-25T19:48:03+08:00 ] ::1 /xiaoxing/index.php/SendMail/sendMail1
INFO: [ app_init ] --START--
INFO: Run Behavior\BuildLiteBehavior [ RunTime:0.000030s ]
INFO: [ app_init ] --END-- [ RunTime:0.000854s ]
INFO: [ app_begin ] --START--
INFO: Run Behavior\ReadHtmlCacheBehavior [ RunTime:0.001801s ]
INFO: [ app_begin ] --END-- [ RunTime:0.002017s ]
NOTIC: [8] Use of undefined constant usermail - assumed 'usermail' G:\amp\xampp\htdocs\xiaoxing\Application\Home\Controller\SendMailController.class.php 第 15 行.
NOTIC: [8] Undefined index: usermail G:\amp\xampp\htdocs\xiaoxing\Application\Home\Controller\SendMailController.class.php 第 15 行.
NOTIC: [8] Use of undefined constant username - assumed 'username' G:\amp\xampp\htdocs\xiaoxing\Application\Home\Controller\SendMailController.class.php 第 16 行.
NOTIC: [8] Undefined index: username G:\amp\xampp\htdocs\xiaoxing\Application\Home\Controller\SendMailController.class.php 第 16 行.

[ 2017-02-25T19:49:02+08:00 ] ::1 /xiaoxing/index.php/SendMail/sendMail1
INFO: [ app_init ] --START--
INFO: Run Behavior\BuildLiteBehavior [ RunTime:0.000027s ]
INFO: [ app_init ] --END-- [ RunTime:0.000801s ]
INFO: [ app_begin ] --START--
INFO: Run Behavior\ReadHtmlCacheBehavior [ RunTime:0.001268s ]
INFO: [ app_begin ] --END-- [ RunTime:0.001403s ]
NOTIC: [8] Use of undefined constant usermail - assumed 'usermail' G:\amp\xampp\htdocs\xiaoxing\Application\Home\Controller\SendMailController.class.php 第 15 行.
NOTIC: [8] Undefined index: usermail G:\amp\xampp\htdocs\xiaoxing\Application\Home\Controller\SendMailController.class.php 第 15 行.
NOTIC: [8] Use of undefined constant username - assumed 'username' G:\amp\xampp\htdocs\xiaoxing\Application\Home\Controller\SendMailController.class.php 第 16 行.
NOTIC: [8] Undefined index: username G:\amp\xampp\htdocs\xiaoxing\Application\Home\Controller\SendMailController.class.php 第 16 行.

[ 2017-02-25T19:49:03+08:00 ] ::1 /xiaoxing/index.php/SendMail/sendMail1
INFO: [ app_init ] --START--
INFO: Run Behavior\BuildLiteBehavior [ RunTime:0.000034s ]
INFO: [ app_init ] --END-- [ RunTime:0.000915s ]
INFO: [ app_begin ] --START--
INFO: Run Behavior\ReadHtmlCacheBehavior [ RunTime:0.001263s ]
INFO: [ app_begin ] --END-- [ RunTime:0.001437s ]
NOTIC: [8] Use of undefined constant usermail - assumed 'usermail' G:\amp\xampp\htdocs\xiaoxing\Application\Home\Controller\SendMailController.class.php 第 15 行.
NOTIC: [8] Undefined index: usermail G:\amp\xampp\htdocs\xiaoxing\Application\Home\Controller\SendMailController.class.php 第 15 行.
NOTIC: [8] Use of undefined constant username - assumed 'username' G:\amp\xampp\htdocs\xiaoxing\Application\Home\Controller\SendMailController.class.php 第 16 行.
NOTIC: [8] Undefined index: username G:\amp\xampp\htdocs\xiaoxing\Application\Home\Controller\SendMailController.class.php 第 16 行.

[ 2017-02-25T19:49:03+08:00 ] ::1 /xiaoxing/index.php/SendMail/sendMail1
INFO: [ app_init ] --START--
INFO: Run Behavior\BuildLiteBehavior [ RunTime:0.000032s ]
INFO: [ app_init ] --END-- [ RunTime:0.000732s ]
INFO: [ app_begin ] --START--
INFO: Run Behavior\ReadHtmlCacheBehavior [ RunTime:0.000987s ]
INFO: [ app_begin ] --END-- [ RunTime:0.001117s ]
NOTIC: [8] Use of undefined constant usermail - assumed 'usermail' G:\amp\xampp\htdocs\xiaoxing\Application\Home\Controller\SendMailController.class.php 第 15 行.
NOTIC: [8] Undefined index: usermail G:\amp\xampp\htdocs\xiaoxing\Application\Home\Controller\SendMailController.class.php 第 15 行.
NOTIC: [8] Use of undefined constant username - assumed 'username' G:\amp\xampp\htdocs\xiaoxing\Application\Home\Controller\SendMailController.class.php 第 16 行.
NOTIC: [8] Undefined index: username G:\amp\xampp\htdocs\xiaoxing\Application\Home\Controller\SendMailController.class.php 第 16 行.

[ 2017-02-25T19:49:03+08:00 ] ::1 /xiaoxing/index.php/SendMail/sendMail1
INFO: [ app_init ] --START--
INFO: Run Behavior\BuildLiteBehavior [ RunTime:0.000027s ]
INFO: [ app_init ] --END-- [ RunTime:0.000615s ]
INFO: [ app_begin ] --START--
INFO: Run Behavior\ReadHtmlCacheBehavior [ RunTime:0.001292s ]
INFO: [ app_begin ] --END-- [ RunTime:0.001536s ]
NOTIC: [8] Use of undefined constant usermail - assumed 'usermail' G:\amp\xampp\htdocs\xiaoxing\Application\Home\Controller\SendMailController.class.php 第 15 行.
NOTIC: [8] Undefined index: usermail G:\amp\xampp\htdocs\xiaoxing\Application\Home\Controller\SendMailController.class.php 第 15 行.
NOTIC: [8] Use of undefined constant username - assumed 'username' G:\amp\xampp\htdocs\xiaoxing\Application\Home\Controller\SendMailController.class.php 第 16 行.
NOTIC: [8] Undefined index: username G:\amp\xampp\htdocs\xiaoxing\Application\Home\Controller\SendMailController.class.php 第 16 行.

[ 2017-02-25T19:49:03+08:00 ] ::1 /xiaoxing/index.php/SendMail/sendMail1
INFO: [ app_init ] --START--
INFO: Run Behavior\BuildLiteBehavior [ RunTime:0.000029s ]
INFO: [ app_init ] --END-- [ RunTime:0.000725s ]
INFO: [ app_begin ] --START--
INFO: Run Behavior\ReadHtmlCacheBehavior [ RunTime:0.001069s ]
INFO: [ app_begin ] --END-- [ RunTime:0.001224s ]
NOTIC: [8] Use of undefined constant usermail - assumed 'usermail' G:\amp\xampp\htdocs\xiaoxing\Application\Home\Controller\SendMailController.class.php 第 15 行.
NOTIC: [8] Undefined index: usermail G:\amp\xampp\htdocs\xiaoxing\Application\Home\Controller\SendMailController.class.php 第 15 行.
NOTIC: [8] Use of undefined constant username - assumed 'username' G:\amp\xampp\htdocs\xiaoxing\Application\Home\Controller\SendMailController.class.php 第 16 行.
NOTIC: [8] Undefined index: username G:\amp\xampp\htdocs\xiaoxing\Application\Home\Controller\SendMailController.class.php 第 16 行.

[ 2017-02-25T19:49:04+08:00 ] ::1 /xiaoxing/index.php/SendMail/sendMail1
INFO: [ app_init ] --START--
INFO: Run Behavior\BuildLiteBehavior [ RunTime:0.000027s ]
INFO: [ app_init ] --END-- [ RunTime:0.000737s ]
INFO: [ app_begin ] --START--
INFO: Run Behavior\ReadHtmlCacheBehavior [ RunTime:0.001084s ]
INFO: [ app_begin ] --END-- [ RunTime:0.001231s ]
NOTIC: [8] Use of undefined constant usermail - assumed 'usermail' G:\amp\xampp\htdocs\xiaoxing\Application\Home\Controller\SendMailController.class.php 第 15 行.
NOTIC: [8] Undefined index: usermail G:\amp\xampp\htdocs\xiaoxing\Application\Home\Controller\SendMailController.class.php 第 15 行.
NOTIC: [8] Use of undefined constant username - assumed 'username' G:\amp\xampp\htdocs\xiaoxing\Application\Home\Controller\SendMailController.class.php 第 16 行.
NOTIC: [8] Undefined index: username G:\amp\xampp\htdocs\xiaoxing\Application\Home\Controller\SendMailController.class.php 第 16 行.

[ 2017-02-25T19:49:04+08:00 ] ::1 /xiaoxing/index.php/SendMail/sendMail1
INFO: [ app_init ] --START--
INFO: Run Behavior\BuildLiteBehavior [ RunTime:0.000040s ]
INFO: [ app_init ] --END-- [ RunTime:0.000848s ]
INFO: [ app_begin ] --START--
INFO: Run Behavior\ReadHtmlCacheBehavior [ RunTime:0.001153s ]
INFO: [ app_begin ] --END-- [ RunTime:0.001324s ]
NOTIC: [8] Use of undefined constant usermail - assumed 'usermail' G:\amp\xampp\htdocs\xiaoxing\Application\Home\Controller\SendMailController.class.php 第 15 行.
NOTIC: [8] Undefined index: usermail G:\amp\xampp\htdocs\xiaoxing\Application\Home\Controller\SendMailController.class.php 第 15 行.
NOTIC: [8] Use of undefined constant username - assumed 'username' G:\amp\xampp\htdocs\xiaoxing\Application\Home\Controller\SendMailController.class.php 第 16 行.
NOTIC: [8] Undefined index: username G:\amp\xampp\htdocs\xiaoxing\Application\Home\Controller\SendMailController.class.php 第 16 行.

[ 2017-02-25T19:49:04+08:00 ] ::1 /xiaoxing/index.php/SendMail/sendMail1
INFO: [ app_init ] --START--
INFO: Run Behavior\BuildLiteBehavior [ RunTime:0.000031s ]
INFO: [ app_init ] --END-- [ RunTime:0.000694s ]
INFO: [ app_begin ] --START--
INFO: Run Behavior\ReadHtmlCacheBehavior [ RunTime:0.001259s ]
INFO: [ app_begin ] --END-- [ RunTime:0.001410s ]
NOTIC: [8] Use of undefined constant usermail - assumed 'usermail' G:\amp\xampp\htdocs\xiaoxing\Application\Home\Controller\SendMailController.class.php 第 15 行.
NOTIC: [8] Undefined index: usermail G:\amp\xampp\htdocs\xiaoxing\Application\Home\Controller\SendMailController.class.php 第 15 行.
NOTIC: [8] Use of undefined constant username - assumed 'username' G:\amp\xampp\htdocs\xiaoxing\Application\Home\Controller\SendMailController.class.php 第 16 行.
NOTIC: [8] Undefined index: username G:\amp\xampp\htdocs\xiaoxing\Application\Home\Controller\SendMailController.class.php 第 16 行.

[ 2017-02-25T19:49:04+08:00 ] ::1 /xiaoxing/index.php/SendMail/sendMail1
INFO: [ app_init ] --START--
INFO: Run Behavior\BuildLiteBehavior [ RunTime:0.000027s ]
INFO: [ app_init ] --END-- [ RunTime:0.000712s ]
INFO: [ app_begin ] --START--
INFO: Run Behavior\ReadHtmlCacheBehavior [ RunTime:0.000822s ]
INFO: [ app_begin ] --END-- [ RunTime:0.000935s ]
NOTIC: [8] Use of undefined constant usermail - assumed 'usermail' G:\amp\xampp\htdocs\xiaoxing\Application\Home\Controller\SendMailController.class.php 第 15 行.
NOTIC: [8] Undefined index: usermail G:\amp\xampp\htdocs\xiaoxing\Application\Home\Controller\SendMailController.class.php 第 15 行.
NOTIC: [8] Use of undefined constant username - assumed 'username' G:\amp\xampp\htdocs\xiaoxing\Application\Home\Controller\SendMailController.class.php 第 16 行.
NOTIC: [8] Undefined index: username G:\amp\xampp\htdocs\xiaoxing\Application\Home\Controller\SendMailController.class.php 第 16 行.

[ 2017-02-25T19:49:04+08:00 ] ::1 /xiaoxing/index.php/SendMail/sendMail1
INFO: [ app_init ] --START--
INFO: Run Behavior\BuildLiteBehavior [ RunTime:0.000035s ]
INFO: [ app_init ] --END-- [ RunTime:0.000914s ]
INFO: [ app_begin ] --START--
INFO: Run Behavior\ReadHtmlCacheBehavior [ RunTime:0.000966s ]
INFO: [ app_begin ] --END-- [ RunTime:0.001094s ]
NOTIC: [8] Use of undefined constant usermail - assumed 'usermail' G:\amp\xampp\htdocs\xiaoxing\Application\Home\Controller\SendMailController.class.php 第 15 行.
NOTIC: [8] Undefined index: usermail G:\amp\xampp\htdocs\xiaoxing\Application\Home\Controller\SendMailController.class.php 第 15 行.
NOTIC: [8] Use of undefined constant username - assumed 'username' G:\amp\xampp\htdocs\xiaoxing\Application\Home\Controller\SendMailController.class.php 第 16 行.
NOTIC: [8] Undefined index: username G:\amp\xampp\htdocs\xiaoxing\Application\Home\Controller\SendMailController.class.php 第 16 行.

[ 2017-02-25T19:49:04+08:00 ] ::1 /xiaoxing/index.php/SendMail/sendMail1
INFO: [ app_init ] --START--
INFO: Run Behavior\BuildLiteBehavior [ RunTime:0.000049s ]
INFO: [ app_init ] --END-- [ RunTime:0.001402s ]
INFO: [ app_begin ] --START--
INFO: Run Behavior\ReadHtmlCacheBehavior [ RunTime:0.001080s ]
INFO: [ app_begin ] --END-- [ RunTime:0.001233s ]
NOTIC: [8] Use of undefined constant usermail - assumed 'usermail' G:\amp\xampp\htdocs\xiaoxing\Application\Home\Controller\SendMailController.class.php 第 15 行.
NOTIC: [8] Undefined index: usermail G:\amp\xampp\htdocs\xiaoxing\Application\Home\Controller\SendMailController.class.php 第 15 行.
NOTIC: [8] Use of undefined constant username - assumed 'username' G:\amp\xampp\htdocs\xiaoxing\Application\Home\Controller\SendMailController.class.php 第 16 行.
NOTIC: [8] Undefined index: username G:\amp\xampp\htdocs\xiaoxing\Application\Home\Controller\SendMailController.class.php 第 16 行.

[ 2017-02-25T19:49:05+08:00 ] ::1 /xiaoxing/index.php/SendMail/sendMail1
INFO: [ app_init ] --START--
INFO: Run Behavior\BuildLiteBehavior [ RunTime:0.000041s ]
INFO: [ app_init ] --END-- [ RunTime:0.000757s ]
INFO: [ app_begin ] --START--
INFO: Run Behavior\ReadHtmlCacheBehavior [ RunTime:0.000994s ]
INFO: [ app_begin ] --END-- [ RunTime:0.001116s ]
NOTIC: [8] Use of undefined constant usermail - assumed 'usermail' G:\amp\xampp\htdocs\xiaoxing\Application\Home\Controller\SendMailController.class.php 第 15 行.
NOTIC: [8] Undefined index: usermail G:\amp\xampp\htdocs\xiaoxing\Application\Home\Controller\SendMailController.class.php 第 15 行.
NOTIC: [8] Use of undefined constant username - assumed 'username' G:\amp\xampp\htdocs\xiaoxing\Application\Home\Controller\SendMailController.class.php 第 16 行.
NOTIC: [8] Undefined index: username G:\amp\xampp\htdocs\xiaoxing\Application\Home\Controller\SendMailController.class.php 第 16 行.

[ 2017-02-25T19:49:05+08:00 ] ::1 /xiaoxing/index.php/SendMail/sendMail1
INFO: [ app_init ] --START--
INFO: Run Behavior\BuildLiteBehavior [ RunTime:0.000033s ]
INFO: [ app_init ] --END-- [ RunTime:0.000916s ]
INFO: [ app_begin ] --START--
INFO: Run Behavior\ReadHtmlCacheBehavior [ RunTime:0.001007s ]
INFO: [ app_begin ] --END-- [ RunTime:0.001135s ]
NOTIC: [8] Use of undefined constant usermail - assumed 'usermail' G:\amp\xampp\htdocs\xiaoxing\Application\Home\Controller\SendMailController.class.php 第 15 行.
NOTIC: [8] Undefined index: usermail G:\amp\xampp\htdocs\xiaoxing\Application\Home\Controller\SendMailController.class.php 第 15 行.
NOTIC: [8] Use of undefined constant username - assumed 'username' G:\amp\xampp\htdocs\xiaoxing\Application\Home\Controller\SendMailController.class.php 第 16 行.
NOTIC: [8] Undefined index: username G:\amp\xampp\htdocs\xiaoxing\Application\Home\Controller\SendMailController.class.php 第 16 行.

[ 2017-02-25T19:49:05+08:00 ] ::1 /xiaoxing/index.php/SendMail/sendMail1
INFO: [ app_init ] --START--
INFO: Run Behavior\BuildLiteBehavior [ RunTime:0.000039s ]
INFO: [ app_init ] --END-- [ RunTime:0.001011s ]
INFO: [ app_begin ] --START--
INFO: Run Behavior\ReadHtmlCacheBehavior [ RunTime:0.000911s ]
INFO: [ app_begin ] --END-- [ RunTime:0.001021s ]
NOTIC: [8] Use of undefined constant usermail - assumed 'usermail' G:\amp\xampp\htdocs\xiaoxing\Application\Home\Controller\SendMailController.class.php 第 15 行.
NOTIC: [8] Undefined index: usermail G:\amp\xampp\htdocs\xiaoxing\Application\Home\Controller\SendMailController.class.php 第 15 行.
NOTIC: [8] Use of undefined constant username - assumed 'username' G:\amp\xampp\htdocs\xiaoxing\Application\Home\Controller\SendMailController.class.php 第 16 行.
NOTIC: [8] Undefined index: username G:\amp\xampp\htdocs\xiaoxing\Application\Home\Controller\SendMailController.class.php 第 16 行.

[ 2017-02-25T19:49:05+08:00 ] ::1 /xiaoxing/index.php/SendMail/sendMail1
INFO: [ app_init ] --START--
INFO: Run Behavior\BuildLiteBehavior [ RunTime:0.000024s ]
INFO: [ app_init ] --END-- [ RunTime:0.000560s ]
INFO: [ app_begin ] --START--
INFO: Run Behavior\ReadHtmlCacheBehavior [ RunTime:0.000689s ]
INFO: [ app_begin ] --END-- [ RunTime:0.000769s ]
NOTIC: [8] Use of undefined constant usermail - assumed 'usermail' G:\amp\xampp\htdocs\xiaoxing\Application\Home\Controller\SendMailController.class.php 第 15 行.
NOTIC: [8] Undefined index: usermail G:\amp\xampp\htdocs\xiaoxing\Application\Home\Controller\SendMailController.class.php 第 15 行.
NOTIC: [8] Use of undefined constant username - assumed 'username' G:\amp\xampp\htdocs\xiaoxing\Application\Home\Controller\SendMailController.class.php 第 16 行.
NOTIC: [8] Undefined index: username G:\amp\xampp\htdocs\xiaoxing\Application\Home\Controller\SendMailController.class.php 第 16 行.

[ 2017-02-25T19:49:05+08:00 ] ::1 /xiaoxing/index.php/SendMail/sendMail1
INFO: [ app_init ] --START--
INFO: Run Behavior\BuildLiteBehavior [ RunTime:0.000038s ]
INFO: [ app_init ] --END-- [ RunTime:0.000831s ]
INFO: [ app_begin ] --START--
INFO: Run Behavior\ReadHtmlCacheBehavior [ RunTime:0.001191s ]
INFO: [ app_begin ] --END-- [ RunTime:0.001354s ]
NOTIC: [8] Use of undefined constant usermail - assumed 'usermail' G:\amp\xampp\htdocs\xiaoxing\Application\Home\Controller\SendMailController.class.php 第 15 行.
NOTIC: [8] Undefined index: usermail G:\amp\xampp\htdocs\xiaoxing\Application\Home\Controller\SendMailController.class.php 第 15 行.
NOTIC: [8] Use of undefined constant username - assumed 'username' G:\amp\xampp\htdocs\xiaoxing\Application\Home\Controller\SendMailController.class.php 第 16 行.
NOTIC: [8] Undefined index: username G:\amp\xampp\htdocs\xiaoxing\Application\Home\Controller\SendMailController.class.php 第 16 行.

[ 2017-02-25T19:53:53+08:00 ] ::1 /xiaoxing/index.php/SendMail/sendMail1
INFO: [ app_init ] --START--
INFO: Run Behavior\BuildLiteBehavior [ RunTime:0.000031s ]
INFO: [ app_init ] --END-- [ RunTime:0.000862s ]
INFO: [ app_begin ] --START--
INFO: Run Behavior\ReadHtmlCacheBehavior [ RunTime:0.001538s ]
INFO: [ app_begin ] --END-- [ RunTime:0.001702s ]
NOTIC: [8] Use of undefined constant usermail - assumed 'usermail' G:\amp\xampp\htdocs\xiaoxing\Application\Home\Controller\SendMailController.class.php 第 15 行.
NOTIC: [8] Undefined index: usermail G:\amp\xampp\htdocs\xiaoxing\Application\Home\Controller\SendMailController.class.php 第 15 行.
NOTIC: [8] Use of undefined constant username - assumed 'username' G:\amp\xampp\htdocs\xiaoxing\Application\Home\Controller\SendMailController.class.php 第 16 行.
NOTIC: [8] Undefined index: username G:\amp\xampp\htdocs\xiaoxing\Application\Home\Controller\SendMailController.class.php 第 16 行.

[ 2017-02-25T19:54:06+08:00 ] ::1 /xiaoxing/index.php/SendMail/sendMail1
INFO: [ app_init ] --START--
INFO: Run Behavior\BuildLiteBehavior [ RunTime:0.000036s ]
INFO: [ app_init ] --END-- [ RunTime:0.001242s ]
INFO: [ app_begin ] --START--
INFO: Run Behavior\ReadHtmlCacheBehavior [ RunTime:0.001238s ]
INFO: [ app_begin ] --END-- [ RunTime:0.001349s ]
NOTIC: [8] Use of undefined constant usermail - assumed 'usermail' G:\amp\xampp\htdocs\xiaoxing\Application\Home\Controller\SendMailController.class.php 第 15 行.
NOTIC: [8] Undefined index: usermail G:\amp\xampp\htdocs\xiaoxing\Application\Home\Controller\SendMailController.class.php 第 15 行.
NOTIC: [8] Use of undefined constant username - assumed 'username' G:\amp\xampp\htdocs\xiaoxing\Application\Home\Controller\SendMailController.class.php 第 16 行.
NOTIC: [8] Undefined index: username G:\amp\xampp\htdocs\xiaoxing\Application\Home\Controller\SendMailController.class.php 第 16 行.

[ 2017-02-25T19:54:10+08:00 ] ::1 /xiaoxing/index.php/
INFO: [ app_init ] --START--
INFO: Run Behavior\BuildLiteBehavior [ RunTime:0.000026s ]
INFO: [ app_init ] --END-- [ RunTime:0.000743s ]
INFO: [ app_begin ] --START--
INFO: Run Behavior\ReadHtmlCacheBehavior [ RunTime:0.001061s ]
INFO: [ app_begin ] --END-- [ RunTime:0.001201s ]
INFO: [ view_parse ] --START--
INFO: [ template_filter ] --START--
INFO: Run Behavior\ContentReplaceBehavior [ RunTime:0.000188s ]
INFO: [ template_filter ] --END-- [ RunTime:0.000298s ]
INFO: Run Behavior\ParseTemplateBehavior [ RunTime:0.018478s ]
INFO: [ view_parse ] --END-- [ RunTime:0.018595s ]
INFO: [ view_filter ] --START--
INFO: Run Behavior\WriteHtmlCacheBehavior [ RunTime:0.000847s ]
INFO: [ view_filter ] --END-- [ RunTime:0.000923s ]
INFO: [ app_end ] --START--
INFO: Run Behavior\ShowPageTraceBehavior [ RunTime:0.001263s ]
INFO: [ app_end ] --END-- [ RunTime:0.001380s ]

[ 2017-02-25T19:54:10+08:00 ] ::1 /xiaoxing/index.php/Public/Css/bootstrap.min.css
INFO: [ app_init ] --START--
INFO: Run Behavior\BuildLiteBehavior [ RunTime:0.000041s ]
INFO: [ app_init ] --END-- [ RunTime:0.001013s ]
INFO: [ app_begin ] --START--
INFO: Run Behavior\ReadHtmlCacheBehavior [ RunTime:0.001038s ]
INFO: [ app_begin ] --END-- [ RunTime:0.001191s ]
ERR: 无法加载控制器:Public

[ 2017-02-25T19:54:10+08:00 ] ::1 /xiaoxing/index.php/Public/Js/HomeJs/ie-emulation-modes-warning.js
INFO: [ app_init ] --START--
INFO: Run Behavior\BuildLiteBehavior [ RunTime:0.000031s ]
INFO: [ app_init ] --END-- [ RunTime:0.000653s ]
INFO: [ app_begin ] --START--
INFO: Run Behavior\ReadHtmlCacheBehavior [ RunTime:0.000789s ]
INFO: [ app_begin ] --END-- [ RunTime:0.000893s ]
ERR: 无法加载控制器:Public

[ 2017-02-25T19:54:10+08:00 ] ::1 /xiaoxing/index.php/Public/Css/HomeCss/loginin.css
INFO: [ app_init ] --START--
INFO: Run Behavior\BuildLiteBehavior [ RunTime:0.000024s ]
INFO: [ app_init ] --END-- [ RunTime:0.000689s ]
INFO: [ app_begin ] --START--
INFO: Run Behavior\ReadHtmlCacheBehavior [ RunTime:0.001236s ]
INFO: [ app_begin ] --END-- [ RunTime:0.001355s ]
ERR: 无法加载控制器:Public

[ 2017-02-25T19:54:10+08:00 ] ::1 /xiaoxing/index.php/Public/Js/HomeJs/index.js
INFO: [ app_init ] --START--
INFO: Run Behavior\BuildLiteBehavior [ RunTime:0.000121s ]
INFO: [ app_init ] --END-- [ RunTime:0.000943s ]
INFO: [ app_begin ] --START--
INFO: Run Behavior\ReadHtmlCacheBehavior [ RunTime:0.001385s ]
INFO: [ app_begin ] --END-- [ RunTime:0.001516s ]
ERR: 无法加载控制器:Public

[ 2017-02-25T19:54:10+08:00 ] ::1 /xiaoxing/index.php/Public/Js/jquery.js
INFO: [ app_init ] --START--
INFO: Run Behavior\BuildLiteBehavior [ RunTime:0.000028s ]
INFO: [ app_init ] --END-- [ RunTime:0.004851s ]
INFO: [ app_begin ] --START--
INFO: Run Behavior\ReadHtmlCacheBehavior [ RunTime:0.001459s ]
INFO: [ app_begin ] --END-- [ RunTime:0.001586s ]
ERR: 无法加载控制器:Public

[ 2017-02-25T19:54:10+08:00 ] ::1 /xiaoxing/index.php/Public/Css/HomeCss/index.css
INFO: [ app_init ] --START--
INFO: Run Behavior\BuildLiteBehavior [ RunTime:0.000038s ]
INFO: [ app_init ] --END-- [ RunTime:0.005665s ]
INFO: [ app_begin ] --START--
INFO: Run Behavior\ReadHtmlCacheBehavior [ RunTime:0.001389s ]
INFO: [ app_begin ] --END-- [ RunTime:0.001546s ]
ERR: 无法加载控制器:Public

[ 2017-02-25T19:54:10+08:00 ] ::1 /xiaoxing/index.php/Public/Js/bootstrap.min.js
INFO: [ app_init ] --START--
INFO: Run Behavior\BuildLiteBehavior [ RunTime:0.000023s ]
INFO: [ app_init ] --END-- [ RunTime:0.000605s ]
INFO: [ app_begin ] --START--
INFO: Run Behavior\ReadHtmlCacheBehavior [ RunTime:0.000769s ]
INFO: [ app_begin ] --END-- [ RunTime:0.000859s ]
ERR: 无法加载控制器:Public

[ 2017-02-25T19:54:10+08:00 ] ::1 /xiaoxing/index.php/Public/Js/HomeJs/index.js
INFO: [ app_init ] --START--
INFO: Run Behavior\BuildLiteBehavior [ RunTime:0.000028s ]
INFO: [ app_init ] --END-- [ RunTime:0.000603s ]
INFO: [ app_begin ] --START--
INFO: Run Behavior\ReadHtmlCacheBehavior [ RunTime:0.000758s ]
INFO: [ app_begin ] --END-- [ RunTime:0.000850s ]
ERR: 无法加载控制器:Public

[ 2017-02-25T19:54:10+08:00 ] ::1 /xiaoxing/index.php/Public/Js/HomeJs/ie10-viewport-bug-workaround.js
INFO: [ app_init ] --START--
INFO: Run Behavior\BuildLiteBehavior [ RunTime:0.000023s ]
INFO: [ app_init ] --END-- [ RunTime:0.000547s ]
INFO: [ app_begin ] --START--
INFO: Run Behavior\ReadHtmlCacheBehavior [ RunTime:0.000673s ]
INFO: [ app_begin ] --END-- [ RunTime:0.000752s ]
ERR: 无法加载控制器:Public

[ 2017-02-25T19:54:10+08:00 ] ::1 /xiaoxing/index.php/Public/Image/gun2.png
INFO: [ app_init ] --START--
INFO: Run Behavior\BuildLiteBehavior [ RunTime:0.000019s ]
INFO: [ app_init ] --END-- [ RunTime:0.000530s ]

[ 2017-02-25T19:54:10+08:00 ] ::1 /xiaoxing/index.php/Public/Js/HomeJs/ie-emulation-modes-warning.js
INFO: [ app_init ] --START--
INFO: Run Behavior\BuildLiteBehavior [ RunTime:0.000026s ]
INFO: [ app_init ] --END-- [ RunTime:0.000634s ]
INFO: [ app_begin ] --START--
INFO: Run Behavior\ReadHtmlCacheBehavior [ RunTime:0.000814s ]
INFO: [ app_begin ] --END-- [ RunTime:0.000933s ]
ERR: 无法加载控制器:Public

[ 2017-02-25T19:54:10+08:00 ] ::1 /xiaoxing/index.php/Public/Image/gun_1.svg
INFO: [ app_init ] --START--
INFO: Run Behavior\BuildLiteBehavior [ RunTime:0.000026s ]
INFO: [ app_init ] --END-- [ RunTime:0.000602s ]
INFO: [ app_begin ] --START--
INFO: Run Behavior\ReadHtmlCacheBehavior [ RunTime:0.000741s ]
INFO: [ app_begin ] --END-- [ RunTime:0.000849s ]
ERR: 无法加载控制器:Public

[ 2017-02-25T19:54:10+08:00 ] ::1 /xiaoxing/index.php/Public/Image/gun3.png
INFO: [ app_init ] --START--
INFO: Run Behavior\BuildLiteBehavior [ RunTime:0.000208s ]
INFO: [ app_init ] --END-- [ RunTime:0.000909s ]

[ 2017-02-25T19:54:10+08:00 ] ::1 /xiaoxing/index.php/Public/Image/jiemian2.png
INFO: [ app_init ] --START--
INFO: Run Behavior\BuildLiteBehavior [ RunTime:0.000030s ]
INFO: [ app_init ] --END-- [ RunTime:0.000876s ]

[ 2017-02-25T19:54:10+08:00 ] ::1 /xiaoxing/index.php/Public/Image/jiemian3.png
INFO: [ app_init ] --START--
INFO: Run Behavior\BuildLiteBehavior [ RunTime:0.000056s ]
INFO: [ app_init ] --END-- [ RunTime:0.000821s ]

[ 2017-02-25T19:54:10+08:00 ] ::1 /xiaoxing/index.php/Public/Image/gun1.png
INFO: [ app_init ] --START--
INFO: Run Behavior\BuildLiteBehavior [ RunTime:0.000028s ]
INFO: [ app_init ] --END-- [ RunTime:0.000733s ]

[ 2017-02-25T19:54:10+08:00 ] ::1 /xiaoxing/index.php/Public/Image/jiemian4.png
INFO: [ app_init ] --START--
INFO: Run Behavior\BuildLiteBehavior [ RunTime:0.000030s ]
INFO: [ app_init ] --END-- [ RunTime:0.000698s ]

[ 2017-02-25T19:54:10+08:00 ] ::1 /xiaoxing/index.php/Public/Image/jiemian5.png
INFO: [ app_init ] --START--
INFO: Run Behavior\BuildLiteBehavior [ RunTime:0.000030s ]
INFO: [ app_init ] --END-- [ RunTime:0.000775s ]

[ 2017-02-25T19:54:10+08:00 ] ::1 /xiaoxing/index.php/Public/Image/gun2.png
INFO: [ app_init ] --START--
INFO: Run Behavior\BuildLiteBehavior [ RunTime:0.000032s ]
INFO: [ app_init ] --END-- [ RunTime:0.000915s ]

[ 2017-02-25T19:54:10+08:00 ] ::1 /xiaoxing/index.php/Public/Image/jiemian1.png
INFO: [ app_init ] --START--
INFO: Run Behavior\BuildLiteBehavior [ RunTime:0.000033s ]
INFO: [ app_init ] --END-- [ RunTime:0.001364s ]

[ 2017-02-25T19:54:10+08:00 ] ::1 /xiaoxing/index.php/Public/Js/bootstrap.min.js
INFO: [ app_init ] --START--
INFO: Run Behavior\BuildLiteBehavior [ RunTime:0.000054s ]
INFO: [ app_init ] --END-- [ RunTime:0.002231s ]
INFO: [ app_begin ] --START--
INFO: Run Behavior\ReadHtmlCacheBehavior [ RunTime:0.002752s ]
INFO: [ app_begin ] --END-- [ RunTime:0.003289s ]
ERR: 无法加载控制器:Public

[ 2017-02-25T19:54:10+08:00 ] ::1 /xiaoxing/index.php/Public/Js/HomeJs/ie10-viewport-bug-workaround.js
INFO: [ app_init ] --START--
INFO: Run Behavior\BuildLiteBehavior [ RunTime:0.000028s ]
INFO: [ app_init ] --END-- [ RunTime:0.000627s ]
INFO: [ app_begin ] --START--
INFO: Run Behavior\ReadHtmlCacheBehavior [ RunTime:0.001166s ]
INFO: [ app_begin ] --END-- [ RunTime:0.001302s ]
ERR: 无法加载控制器:Public

[ 2017-02-25T19:54:13+08:00 ] ::1 /xiaoxing/
INFO: [ app_init ] --START--
INFO: Run Behavior\BuildLiteBehavior [ RunTime:0.000030s ]
INFO: [ app_init ] --END-- [ RunTime:0.000720s ]
INFO: [ app_begin ] --START--
INFO: Run Behavior\ReadHtmlCacheBehavior [ RunTime:0.001461s ]
INFO: [ app_begin ] --END-- [ RunTime:0.002134s ]
INFO: [ view_parse ] --START--
INFO: [ template_filter ] --START--
INFO: Run Behavior\ContentReplaceBehavior [ RunTime:0.000203s ]
INFO: [ template_filter ] --END-- [ RunTime:0.000315s ]
INFO: Run Behavior\ParseTemplateBehavior [ RunTime:0.051164s ]
INFO: [ view_parse ] --END-- [ RunTime:0.051272s ]
INFO: [ view_filter ] --START--
INFO: Run Behavior\WriteHtmlCacheBehavior [ RunTime:0.000722s ]
INFO: [ view_filter ] --END-- [ RunTime:0.000798s ]
INFO: [ app_end ] --START--
INFO: Run Behavior\ShowPageTraceBehavior [ RunTime:0.001173s ]
INFO: [ app_end ] --END-- [ RunTime:0.001280s ]

[ 2017-02-25T19:54:18+08:00 ] ::1 /xiaoxing/index.php/Index/equip.html
INFO: [ app_init ] --START--
INFO: Run Behavior\BuildLiteBehavior [ RunTime:0.000029s ]
INFO: [ app_init ] --END-- [ RunTime:0.000713s ]
INFO: [ app_begin ] --START--
INFO: Run Behavior\ReadHtmlCacheBehavior [ RunTime:0.000882s ]
INFO: [ app_begin ] --END-- [ RunTime:0.000984s ]
SQL: SHOW COLUMNS FROM `equip` [ RunTime:0.0039s ]
SQL: SELECT * FROM `equip`  [ RunTime:0.0009s ]
NOTIC: [8] Undefined index: HTTP_RAW_DATA G:\amp\xampp\htdocs\xiaoxing\Application\Home\Controller\IndexController.class.php 第 67 行.
INFO: [ view_parse ] --START--
INFO: [ template_filter ] --START--
INFO: Run Behavior\ContentReplaceBehavior [ RunTime:0.000121s ]
INFO: [ template_filter ] --END-- [ RunTime:0.000225s ]
INFO: Run Behavior\ParseTemplateBehavior [ RunTime:0.029935s ]
INFO: [ view_parse ] --END-- [ RunTime:0.030069s ]
INFO: [ view_filter ] --START--
INFO: Run Behavior\WriteHtmlCacheBehavior [ RunTime:0.000425s ]
INFO: [ view_filter ] --END-- [ RunTime:0.000499s ]
INFO: [ app_end ] --START--
INFO: Run Behavior\ShowPageTraceBehavior [ RunTime:0.000705s ]
INFO: [ app_end ] --END-- [ RunTime:0.000783s ]

[ 2017-02-25T19:54:27+08:00 ] ::1 /xiaoxing/index.php/SendMail/sendMail1
INFO: [ app_init ] --START--
INFO: Run Behavior\BuildLiteBehavior [ RunTime:0.000024s ]
INFO: [ app_init ] --END-- [ RunTime:0.000585s ]
INFO: [ app_begin ] --START--
INFO: Run Behavior\ReadHtmlCacheBehavior [ RunTime:0.000771s ]
INFO: [ app_begin ] --END-- [ RunTime:0.000864s ]
NOTIC: [8] Use of undefined constant usermail - assumed 'usermail' G:\amp\xampp\htdocs\xiaoxing\Application\Home\Controller\SendMailController.class.php 第 15 行.
NOTIC: [8] Undefined index: usermail G:\amp\xampp\htdocs\xiaoxing\Application\Home\Controller\SendMailController.class.php 第 15 行.
NOTIC: [8] Use of undefined constant username - assumed 'username' G:\amp\xampp\htdocs\xiaoxing\Application\Home\Controller\SendMailController.class.php 第 16 行.
NOTIC: [8] Undefined index: username G:\amp\xampp\htdocs\xiaoxing\Application\Home\Controller\SendMailController.class.php 第 16 行.

[ 2017-02-25T19:57:17+08:00 ] ::1 /xiaoxing/index.php/SendMail/sendMail1
INFO: [ app_init ] --START--
INFO: Run Behavior\BuildLiteBehavior [ RunTime:0.000025s ]
INFO: [ app_init ] --END-- [ RunTime:0.000712s ]
INFO: [ app_begin ] --START--
INFO: Run Behavior\ReadHtmlCacheBehavior [ RunTime:0.001622s ]
INFO: [ app_begin ] --END-- [ RunTime:0.001784s ]
NOTIC: [8] Use of undefined constant usermail - assumed 'usermail' G:\amp\xampp\htdocs\xiaoxing\Application\Home\Controller\SendMailController.class.php 第 15 行.
NOTIC: [8] Undefined index: usermail G:\amp\xampp\htdocs\xiaoxing\Application\Home\Controller\SendMailController.class.php 第 15 行.
NOTIC: [8] Use of undefined constant username - assumed 'username' G:\amp\xampp\htdocs\xiaoxing\Application\Home\Controller\SendMailController.class.php 第 16 行.
NOTIC: [8] Undefined index: username G:\amp\xampp\htdocs\xiaoxing\Application\Home\Controller\SendMailController.class.php 第 16 行.

[ 2017-02-25T19:58:13+08:00 ] ::1 /xiaoxing/index.php/SendMail/sendMail1
INFO: [ app_init ] --START--
INFO: Run Behavior\BuildLiteBehavior [ RunTime:0.000026s ]
INFO: [ app_init ] --END-- [ RunTime:0.000755s ]
INFO: [ app_begin ] --START--
INFO: Run Behavior\ReadHtmlCacheBehavior [ RunTime:0.002150s ]
INFO: [ app_begin ] --END-- [ RunTime:0.002400s ]
NOTIC: [8] Use of undefined constant usermail - assumed 'usermail' G:\amp\xampp\htdocs\xiaoxing\Application\Home\Controller\SendMailController.class.php 第 15 行.
NOTIC: [8] Undefined index: usermail G:\amp\xampp\htdocs\xiaoxing\Application\Home\Controller\SendMailController.class.php 第 15 行.
NOTIC: [8] Use of undefined constant username - assumed 'username' G:\amp\xampp\htdocs\xiaoxing\Application\Home\Controller\SendMailController.class.php 第 16 行.
NOTIC: [8] Undefined index: username G:\amp\xampp\htdocs\xiaoxing\Application\Home\Controller\SendMailController.class.php 第 16 行.

[ 2017-02-25T19:58:57+08:00 ] ::1 /xiaoxing/index.php/SendMail/sendMail1?usermail=3060289135@qq.com&username=shen
INFO: [ app_init ] --START--
INFO: Run Behavior\BuildLiteBehavior [ RunTime:0.000032s ]
INFO: [ app_init ] --END-- [ RunTime:0.000859s ]
INFO: [ app_begin ] --START--
INFO: Run Behavior\ReadHtmlCacheBehavior [ RunTime:0.001231s ]
INFO: [ app_begin ] --END-- [ RunTime:0.001346s ]
NOTIC: [8] Use of undefined constant usermail - assumed 'usermail' G:\amp\xampp\htdocs\xiaoxing\Application\Home\Controller\SendMailController.class.php 第 15 行.
NOTIC: [8] Use of undefined constant username - assumed 'username' G:\amp\xampp\htdocs\xiaoxing\Application\Home\Controller\SendMailController.class.php 第 16 行.

[ 2017-02-25T20:03:15+08:00 ] ::1 /xiaoxing/index.php/SendMail/sendMail1
INFO: [ app_init ] --START--
INFO: Run Behavior\BuildLiteBehavior [ RunTime:0.000028s ]
INFO: [ app_init ] --END-- [ RunTime:0.000862s ]
INFO: [ app_begin ] --START--
INFO: Run Behavior\ReadHtmlCacheBehavior [ RunTime:0.001484s ]
INFO: [ app_begin ] --END-- [ RunTime:0.001621s ]

[ 2017-02-25T20:07:18+08:00 ] ::1 /xiaoxing/
INFO: [ app_init ] --START--
INFO: Run Behavior\BuildLiteBehavior [ RunTime:0.000025s ]
INFO: [ app_init ] --END-- [ RunTime:0.000807s ]
INFO: [ app_begin ] --START--
INFO: Run Behavior\ReadHtmlCacheBehavior [ RunTime:0.001064s ]
INFO: [ app_begin ] --END-- [ RunTime:0.001161s ]
INFO: [ view_parse ] --START--
INFO: [ template_filter ] --START--
INFO: Run Behavior\ContentReplaceBehavior [ RunTime:0.000192s ]
INFO: [ template_filter ] --END-- [ RunTime:0.000303s ]
INFO: Run Behavior\ParseTemplateBehavior [ RunTime:0.018744s ]
INFO: [ view_parse ] --END-- [ RunTime:0.018860s ]
INFO: [ view_filter ] --START--
INFO: Run Behavior\WriteHtmlCacheBehavior [ RunTime:0.000746s ]
INFO: [ view_filter ] --END-- [ RunTime:0.000817s ]
INFO: [ app_end ] --START--
INFO: Run Behavior\ShowPageTraceBehavior [ RunTime:0.001165s ]
INFO: [ app_end ] --END-- [ RunTime:0.001267s ]

[ 2017-02-25T20:07:24+08:00 ] ::1 /xiaoxing/index.php
INFO: [ app_init ] --START--
INFO: Run Behavior\BuildLiteBehavior [ RunTime:0.000026s ]
INFO: [ app_init ] --END-- [ RunTime:0.000647s ]
INFO: [ app_begin ] --START--
INFO: Run Behavior\ReadHtmlCacheBehavior [ RunTime:0.000995s ]
INFO: [ app_begin ] --END-- [ RunTime:0.001127s ]
INFO: [ view_parse ] --START--
INFO: [ template_filter ] --START--
INFO: Run Behavior\ContentReplaceBehavior [ RunTime:0.000322s ]
INFO: [ template_filter ] --END-- [ RunTime:0.000501s ]
INFO: Run Behavior\ParseTemplateBehavior [ RunTime:0.022044s ]
INFO: [ view_parse ] --END-- [ RunTime:0.022180s ]
INFO: [ view_filter ] --START--
INFO: Run Behavior\WriteHtmlCacheBehavior [ RunTime:0.000630s ]
INFO: [ view_filter ] --END-- [ RunTime:0.000772s ]
INFO: [ app_end ] --START--
INFO: Run Behavior\ShowPageTraceBehavior [ RunTime:0.001164s ]
INFO: [ app_end ] --END-- [ RunTime:0.001291s ]

[ 2017-02-25T20:07:30+08:00 ] ::1 /xiaoxing/index.php/SendMail/sendMail1
INFO: [ app_init ] --START--
INFO: Run Behavior\BuildLiteBehavior [ RunTime:0.000064s ]
INFO: [ app_init ] --END-- [ RunTime:0.001520s ]
INFO: [ app_begin ] --START--
INFO: Run Behavior\ReadHtmlCacheBehavior [ RunTime:0.001728s ]
INFO: [ app_begin ] --END-- [ RunTime:0.001927s ]

[ 2017-02-25T20:09:07+08:00 ] ::1 /xiaoxing/index.php/SendMail/sendMail1
INFO: [ app_init ] --START--
INFO: Run Behavior\BuildLiteBehavior [ RunTime:0.000030s ]
INFO: [ app_init ] --END-- [ RunTime:0.000793s ]
INFO: [ app_begin ] --START--
INFO: Run Behavior\ReadHtmlCacheBehavior [ RunTime:0.000935s ]
INFO: [ app_begin ] --END-- [ RunTime:0.001055s ]

[ 2017-02-25T20:11:53+08:00 ] ::1 /xiaoxing/index.php/SendMail/sendMail1
INFO: [ app_init ] --START--
INFO: Run Behavior\BuildLiteBehavior [ RunTime:0.000030s ]
INFO: [ app_init ] --END-- [ RunTime:0.000831s ]
INFO: [ app_begin ] --START--
INFO: Run Behavior\ReadHtmlCacheBehavior [ RunTime:0.001469s ]
INFO: [ app_begin ] --END-- [ RunTime:0.001614s ]

[ 2017-02-25T20:12:25+08:00 ] ::1 /xiaoxing/index.php/SendMail/sendMail1
INFO: [ app_init ] --START--
INFO: Run Behavior\BuildLiteBehavior [ RunTime:0.000032s ]
INFO: [ app_init ] --END-- [ RunTime:0.000763s ]
INFO: [ app_begin ] --START--
INFO: Run Behavior\ReadHtmlCacheBehavior [ RunTime:0.001306s ]
INFO: [ app_begin ] --END-- [ RunTime:0.001474s ]

[ 2017-02-25T20:19:08+08:00 ] ::1 /xiaoxing/index.php/SendMail/index
INFO: [ app_init ] --START--
INFO: Run Behavior\BuildLiteBehavior [ RunTime:0.000023s ]
INFO: [ app_init ] --END-- [ RunTime:0.000726s ]
INFO: [ app_begin ] --START--
INFO: Run Behavior\ReadHtmlCacheBehavior [ RunTime:0.001190s ]
INFO: [ app_begin ] --END-- [ RunTime:0.001306s ]
NOTIC: [2] require_once(phpmailer.class.php): failed to open stream: No such file or directory G:\amp\xampp\htdocs\xiaoxing\Application\Home\Common\function.php 第 11 行.

[ 2017-02-25T20:20:04+08:00 ] ::1 /xiaoxing/index.php/SendMail/index
INFO: [ app_init ] --START--
INFO: Run Behavior\BuildLiteBehavior [ RunTime:0.000037s ]
INFO: [ app_init ] --END-- [ RunTime:0.001001s ]
INFO: [ app_begin ] --START--
INFO: Run Behavior\ReadHtmlCacheBehavior [ RunTime:0.000823s ]
INFO: [ app_begin ] --END-- [ RunTime:0.000932s ]
NOTIC: [2] require_once(phpmailer.class.php): failed to open stream: No such file or directory G:\amp\xampp\htdocs\xiaoxing\Application\Home\Common\function.php 第 11 行.

[ 2017-02-25T20:20:05+08:00 ] ::1 /xiaoxing/index.php/SendMail/index
INFO: [ app_init ] --START--
INFO: Run Behavior\BuildLiteBehavior [ RunTime:0.000031s ]
INFO: [ app_init ] --END-- [ RunTime:0.000784s ]
INFO: [ app_begin ] --START--
INFO: Run Behavior\ReadHtmlCacheBehavior [ RunTime:0.001446s ]
INFO: [ app_begin ] --END-- [ RunTime:0.001593s ]
NOTIC: [2] require_once(phpmailer.class.php): failed to open stream: No such file or directory G:\amp\xampp\htdocs\xiaoxing\Application\Home\Common\function.php 第 11 行.

[ 2017-02-25T20:20:05+08:00 ] ::1 /xiaoxing/index.php/SendMail/index
INFO: [ app_init ] --START--
INFO: Run Behavior\BuildLiteBehavior [ RunTime:0.000026s ]
INFO: [ app_init ] --END-- [ RunTime:0.000608s ]
INFO: [ app_begin ] --START--
INFO: Run Behavior\ReadHtmlCacheBehavior [ RunTime:0.000927s ]
INFO: [ app_begin ] --END-- [ RunTime:0.001043s ]
NOTIC: [2] require_once(phpmailer.class.php): failed to open stream: No such file or directory G:\amp\xampp\htdocs\xiaoxing\Application\Home\Common\function.php 第 11 行.

[ 2017-02-25T20:20:06+08:00 ] ::1 /xiaoxing/index.php/SendMail/index
INFO: [ app_init ] --START--
INFO: Run Behavior\BuildLiteBehavior [ RunTime:0.000032s ]
INFO: [ app_init ] --END-- [ RunTime:0.000809s ]
INFO: [ app_begin ] --START--
INFO: Run Behavior\ReadHtmlCacheBehavior [ RunTime:0.001023s ]
INFO: [ app_begin ] --END-- [ RunTime:0.001160s ]
NOTIC: [2] require_once(phpmailer.class.php): failed to open stream: No such file or directory G:\amp\xampp\htdocs\xiaoxing\Application\Home\Common\function.php 第 11 行.

[ 2017-02-25T20:20:06+08:00 ] ::1 /xiaoxing/index.php/SendMail/index
INFO: [ app_init ] --START--
INFO: Run Behavior\BuildLiteBehavior [ RunTime:0.000034s ]
INFO: [ app_init ] --END-- [ RunTime:0.000882s ]
INFO: [ app_begin ] --START--
INFO: Run Behavior\ReadHtmlCacheBehavior [ RunTime:0.000804s ]
INFO: [ app_begin ] --END-- [ RunTime:0.000907s ]
NOTIC: [2] require_once(phpmailer.class.php): failed to open stream: No such file or directory G:\amp\xampp\htdocs\xiaoxing\Application\Home\Common\function.php 第 11 行.

[ 2017-02-25T20:20:07+08:00 ] ::1 /xiaoxing/index.php/SendMail/index
INFO: [ app_init ] --START--
INFO: Run Behavior\BuildLiteBehavior [ RunTime:0.000026s ]
INFO: [ app_init ] --END-- [ RunTime:0.000683s ]
INFO: [ app_begin ] --START--
INFO: Run Behavior\ReadHtmlCacheBehavior [ RunTime:0.000727s ]
INFO: [ app_begin ] --END-- [ RunTime:0.000815s ]
NOTIC: [2] require_once(phpmailer.class.php): failed to open stream: No such file or directory G:\amp\xampp\htdocs\xiaoxing\Application\Home\Common\function.php 第 11 行.

[ 2017-02-25T20:20:09+08:00 ] ::1 /xiaoxing/index.php/SendMail/index
INFO: [ app_init ] --START--
INFO: Run Behavior\BuildLiteBehavior [ RunTime:0.000030s ]
INFO: [ app_init ] --END-- [ RunTime:0.000795s ]
INFO: [ app_begin ] --START--
INFO: Run Behavior\ReadHtmlCacheBehavior [ RunTime:0.000768s ]
INFO: [ app_begin ] --END-- [ RunTime:0.000872s ]
NOTIC: [2] require_once(phpmailer.class.php): failed to open stream: No such file or directory G:\amp\xampp\htdocs\xiaoxing\Application\Home\Common\function.php 第 11 行.

[ 2017-02-25T20:21:01+08:00 ] ::1 /xiaoxing/index.php/SendMail/index
INFO: [ app_init ] --START--
INFO: Run Behavior\BuildLiteBehavior [ RunTime:0.000048s ]
INFO: [ app_init ] --END-- [ RunTime:0.001084s ]
INFO: [ app_begin ] --START--
INFO: Run Behavior\ReadHtmlCacheBehavior [ RunTime:0.001546s ]
INFO: [ app_begin ] --END-- [ RunTime:0.001702s ]
INFO: [ app_end ] --START--
INFO: Run Behavior\ShowPageTraceBehavior [ RunTime:0.001397s ]
INFO: [ app_end ] --END-- [ RunTime:0.001534s ]

[ 2017-02-25T20:25:31+08:00 ] ::1 /xiaoxing/index.php/SendMail/index?to=3060289135@qq.com&title=%E4%BF%AE%E6%94%B9%E5%AF%86%E7%A0%81&content=shenzhengyang
INFO: [ app_init ] --START--
INFO: Run Behavior\BuildLiteBehavior [ RunTime:0.000038s ]
INFO: [ app_init ] --END-- [ RunTime:0.000901s ]
INFO: [ app_begin ] --START--
INFO: Run Behavior\ReadHtmlCacheBehavior [ RunTime:0.001998s ]
INFO: [ app_begin ] --END-- [ RunTime:0.002251s ]
INFO: [ app_end ] --START--
INFO: Run Behavior\ShowPageTraceBehavior [ RunTime:0.001358s ]
INFO: [ app_end ] --END-- [ RunTime:0.001484s ]

[ 2017-02-25T20:30:33+08:00 ] ::1 /xiaoxing/index.php/SendMail/index?to=3060289135@qq.com&username=shen
INFO: [ app_init ] --START--
INFO: Run Behavior\BuildLiteBehavior [ RunTime:0.000024s ]
INFO: [ app_init ] --END-- [ RunTime:0.000693s ]
INFO: [ app_begin ] --START--
INFO: Run Behavior\ReadHtmlCacheBehavior [ RunTime:0.001068s ]
INFO: [ app_begin ] --END-- [ RunTime:0.001175s ]
INFO: [ app_end ] --START--
INFO: Run Behavior\ShowPageTraceBehavior [ RunTime:0.001652s ]
INFO: [ app_end ] --END-- [ RunTime:0.001824s ]

[ 2017-02-25T20:32:43+08:00 ] ::1 /xiaoxing/index.php/Index/login
INFO: [ app_init ] --START--
INFO: Run Behavior\BuildLiteBehavior [ RunTime:0.000030s ]
INFO: [ app_init ] --END-- [ RunTime:0.000950s ]
INFO: [ app_begin ] --START--
INFO: Run Behavior\ReadHtmlCacheBehavior [ RunTime:0.001087s ]
INFO: [ app_begin ] --END-- [ RunTime:0.001193s ]
NOTIC: [8] Undefined index: username G:\amp\xampp\htdocs\xiaoxing\Application\Home\Controller\IndexController.class.php 第 34 行.
NOTIC: [8] Undefined index: password G:\amp\xampp\htdocs\xiaoxing\Application\Home\Controller\IndexController.class.php 第 35 行.
SQL: SHOW COLUMNS FROM `user` [ RunTime:0.0034s ]
SQL: SELECT * FROM `user` WHERE ( username='%s' and password='%s' )  [ RunTime:0.0011s ]
INFO: [ app_end ] --START--
INFO: Run Behavior\ShowPageTraceBehavior [ RunTime:0.001212s ]
INFO: [ app_end ] --END-- [ RunTime:0.001287s ]

[ 2017-02-25T20:33:17+08:00 ] ::1 /xiaoxing/index.php/Index/login?username=shen143&password=123
INFO: [ app_init ] --START--
INFO: Run Behavior\BuildLiteBehavior [ RunTime:0.000027s ]
INFO: [ app_init ] --END-- [ RunTime:0.000879s ]
INFO: [ app_begin ] --START--
INFO: Run Behavior\ReadHtmlCacheBehavior [ RunTime:0.000742s ]
INFO: [ app_begin ] --END-- [ RunTime:0.000832s ]
NOTIC: [8] Undefined index: username G:\amp\xampp\htdocs\xiaoxing\Application\Home\Controller\IndexController.class.php 第 34 行.
NOTIC: [8] Undefined index: password G:\amp\xampp\htdocs\xiaoxing\Application\Home\Controller\IndexController.class.php 第 35 行.
SQL: SHOW COLUMNS FROM `user` [ RunTime:0.0019s ]
SQL: SELECT * FROM `user` WHERE ( username='%s' and password='%s' )  [ RunTime:0.0007s ]
INFO: [ app_end ] --START--
INFO: Run Behavior\ShowPageTraceBehavior [ RunTime:0.001015s ]
INFO: [ app_end ] --END-- [ RunTime:0.001101s ]

[ 2017-02-25T20:33:20+08:00 ] ::1 /xiaoxing/index.php/Index/login?username=shen143&password=123
INFO: [ app_init ] --START--
INFO: Run Behavior\BuildLiteBehavior [ RunTime:0.000028s ]
INFO: [ app_init ] --END-- [ RunTime:0.000861s ]
INFO: [ app_begin ] --START--
INFO: Run Behavior\ReadHtmlCacheBehavior [ RunTime:0.000738s ]
INFO: [ app_begin ] --END-- [ RunTime:0.000831s ]
NOTIC: [8] Undefined index: username G:\amp\xampp\htdocs\xiaoxing\Application\Home\Controller\IndexController.class.php 第 34 行.
NOTIC: [8] Undefined index: password G:\amp\xampp\htdocs\xiaoxing\Application\Home\Controller\IndexController.class.php 第 35 行.
SQL: SHOW COLUMNS FROM `user` [ RunTime:0.0014s ]
SQL: SELECT * FROM `user` WHERE ( username='%s' and password='%s' )  [ RunTime:0.0007s ]
INFO: [ app_end ] --START--
INFO: Run Behavior\ShowPageTraceBehavior [ RunTime:0.001369s ]
INFO: [ app_end ] --END-- [ RunTime:0.001487s ]

[ 2017-02-25T20:33:21+08:00 ] ::1 /xiaoxing/index.php/Index/login?username=shen143&password=123
INFO: [ app_init ] --START--
INFO: Run Behavior\BuildLiteBehavior [ RunTime:0.000028s ]
INFO: [ app_init ] --END-- [ RunTime:0.000760s ]
INFO: [ app_begin ] --START--
INFO: Run Behavior\ReadHtmlCacheBehavior [ RunTime:0.001059s ]
INFO: [ app_begin ] --END-- [ RunTime:0.001228s ]
NOTIC: [8] Undefined index: username G:\amp\xampp\htdocs\xiaoxing\Application\Home\Controller\IndexController.class.php 第 34 行.
NOTIC: [8] Undefined index: password G:\amp\xampp\htdocs\xiaoxing\Application\Home\Controller\IndexController.class.php 第 35 行.
SQL: SHOW COLUMNS FROM `user` [ RunTime:0.0295s ]
SQL: SELECT * FROM `user` WHERE ( username='%s' and password='%s' )  [ RunTime:0.0007s ]
INFO: [ app_end ] --START--
INFO: Run Behavior\ShowPageTraceBehavior [ RunTime:0.001040s ]
INFO: [ app_end ] --END-- [ RunTime:0.001124s ]

[ 2017-02-25T20:33:21+08:00 ] ::1 /xiaoxing/index.php/Index/login?username=shen143&password=123
INFO: [ app_init ] --START--
INFO: Run Behavior\BuildLiteBehavior [ RunTime:0.000034s ]
INFO: [ app_init ] --END-- [ RunTime:0.000875s ]
INFO: [ app_begin ] --START--
INFO: Run Behavior\ReadHtmlCacheBehavior [ RunTime:0.001083s ]
INFO: [ app_begin ] --END-- [ RunTime:0.001226s ]
NOTIC: [8] Undefined index: username G:\amp\xampp\htdocs\xiaoxing\Application\Home\Controller\IndexController.class.php 第 34 行.
NOTIC: [8] Undefined index: password G:\amp\xampp\htdocs\xiaoxing\Application\Home\Controller\IndexController.class.php 第 35 行.
SQL: SHOW COLUMNS FROM `user` [ RunTime:0.0018s ]
SQL: SELECT * FROM `user` WHERE ( username='%s' and password='%s' )  [ RunTime:0.0005s ]
INFO: [ app_end ] --START--
INFO: Run Behavior\ShowPageTraceBehavior [ RunTime:0.001082s ]
INFO: [ app_end ] --END-- [ RunTime:0.001179s ]

[ 2017-02-25T20:42:03+08:00 ] ::1 /xiaoxing/index.php/SendMail/index
INFO: [ app_init ] --START--
INFO: Run Behavior\BuildLiteBehavior [ RunTime:0.000030s ]
INFO: [ app_init ] --END-- [ RunTime:0.001013s ]
INFO: [ app_begin ] --START--
INFO: Run Behavior\ReadHtmlCacheBehavior [ RunTime:0.001165s ]
INFO: [ app_begin ] --END-- [ RunTime:0.001287s ]
ERR: 参数错误或者未定义:to

[ 2017-02-25T20:42:09+08:00 ] ::1 /xiaoxing/index.php/SendMail/index
INFO: [ app_init ] --START--
INFO: Run Behavior\BuildLiteBehavior [ RunTime:0.000038s ]
INFO: [ app_init ] --END-- [ RunTime:0.001043s ]
INFO: [ app_begin ] --START--
INFO: Run Behavior\ReadHtmlCacheBehavior [ RunTime:0.001129s ]
INFO: [ app_begin ] --END-- [ RunTime:0.001279s ]
ERR: 参数错误或者未定义:to

[ 2017-02-25T20:42:42+08:00 ] ::1 /xiaoxing/index.php/SendMail/index?to=1570219937@qq.com
INFO: [ app_init ] --START--
INFO: Run Behavior\BuildLiteBehavior [ RunTime:0.000030s ]
INFO: [ app_init ] --END-- [ RunTime:0.000822s ]
INFO: [ app_begin ] --START--
INFO: Run Behavior\ReadHtmlCacheBehavior [ RunTime:0.000937s ]
INFO: [ app_begin ] --END-- [ RunTime:0.001049s ]
ERR: 参数错误或者未定义:username

[ 2017-02-25T20:43:04+08:00 ] ::1 /xiaoxing/index.php/SendMail/index?to=1570219937@qq.com&username=xiao%E4%B8%83
INFO: [ app_init ] --START--
INFO: Run Behavior\BuildLiteBehavior [ RunTime:0.000030s ]
INFO: [ app_init ] --END-- [ RunTime:0.000678s ]
INFO: [ app_begin ] --START--
INFO: Run Behavior\ReadHtmlCacheBehavior [ RunTime:0.000815s ]
INFO: [ app_begin ] --END-- [ RunTime:0.000913s ]
INFO: [ app_end ] --START--
INFO: Run Behavior\ShowPageTraceBehavior [ RunTime:0.001288s ]
INFO: [ app_end ] --END-- [ RunTime:0.001432s ]

[ 2017-02-25T20:43:45+08:00 ] ::1 /xiaoxing/index.php/SendMail/index?to=3060289135@qq.com&username=shen143
INFO: [ app_init ] --START--
INFO: Run Behavior\BuildLiteBehavior [ RunTime:0.000024s ]
INFO: [ app_init ] --END-- [ RunTime:0.000574s ]
INFO: [ app_begin ] --START--
INFO: Run Behavior\ReadHtmlCacheBehavior [ RunTime:0.000732s ]
INFO: [ app_begin ] --END-- [ RunTime:0.000819s ]
INFO: [ app_end ] --START--
INFO: Run Behavior\ShowPageTraceBehavior [ RunTime:0.001031s ]
INFO: [ app_end ] --END-- [ RunTime:0.001157s ]

[ 2017-02-25T20:44:39+08:00 ] ::1 /xiaoxing/index.php/SendMail/index?to=3060289135@qq.com&username=shen143
INFO: [ app_init ] --START--
INFO: Run Behavior\BuildLiteBehavior [ RunTime:0.000023s ]
INFO: [ app_init ] --END-- [ RunTime:0.000629s ]
INFO: [ app_begin ] --START--
INFO: Run Behavior\ReadHtmlCacheBehavior [ RunTime:0.001471s ]
INFO: [ app_begin ] --END-- [ RunTime:0.001652s ]
INFO: [ app_end ] --START--
INFO: Run Behavior\ShowPageTraceBehavior [ RunTime:0.001014s ]
INFO: [ app_end ] --END-- [ RunTime:0.001137s ]

[ 2017-02-25T20:50:53+08:00 ] ::1 /xiaoxing/index.php/SendMail/index?to=3060289135@qq.com&username=shen143
INFO: [ app_init ] --START--
INFO: Run Behavior\BuildLiteBehavior [ RunTime:0.000025s ]
INFO: [ app_init ] --END-- [ RunTime:0.000778s ]
INFO: [ app_begin ] --START--
INFO: Run Behavior\ReadHtmlCacheBehavior [ RunTime:0.001130s ]
INFO: [ app_begin ] --END-- [ RunTime:0.001246s ]
INFO: [ app_end ] --START--
INFO: Run Behavior\ShowPageTraceBehavior [ RunTime:0.001356s ]
INFO: [ app_end ] --END-- [ RunTime:0.001499s ]

[ 2017-02-25T20:52:53+08:00 ] ::1 /xiaoxing/index.php/SendMail/index?to=3060289135@qq.com&username=shen143
INFO: [ app_init ] --START--
INFO: Run Behavior\BuildLiteBehavior [ RunTime:0.000031s ]
INFO: [ app_init ] --END-- [ RunTime:0.000734s ]
INFO: [ app_begin ] --START--
INFO: Run Behavior\ReadHtmlCacheBehavior [ RunTime:0.000887s ]
INFO: [ app_begin ] --END-- [ RunTime:0.001006s ]
INFO: [ app_end ] --START--
INFO: Run Behavior\ShowPageTraceBehavior [ RunTime:0.001354s ]
INFO: [ app_end ] --END-- [ RunTime:0.001482s ]

[ 2017-02-25T20:59:48+08:00 ] ::1 /xiaoxing/index.php/SendMail/index?to=3060289135@qq.com&username=shen143
INFO: [ app_init ] --START--
INFO: Run Behavior\BuildLiteBehavior [ RunTime:0.000025s ]
INFO: [ app_init ] --END-- [ RunTime:0.000686s ]
INFO: [ app_begin ] --START--
INFO: Run Behavior\ReadHtmlCacheBehavior [ RunTime:0.001168s ]
INFO: [ app_begin ] --END-- [ RunTime:0.001281s ]

[ 2017-02-25T20:59:48+08:00 ] ::1 /xiaoxing/index.php/SendMail/index?to=3060289135@qq.com&username=shen143
INFO: [ app_init ] --START--
INFO: Run Behavior\BuildLiteBehavior [ RunTime:0.000029s ]
INFO: [ app_init ] --END-- [ RunTime:0.000831s ]
INFO: [ app_begin ] --START--
INFO: Run Behavior\ReadHtmlCacheBehavior [ RunTime:0.001393s ]
INFO: [ app_begin ] --END-- [ RunTime:0.001524s ]

